#
# There is insufficient memory for the Java Runtime Environment to continue.
# Native memory allocation (mmap) failed to map 31457280 bytes. Error detail: G1 virtual space
# Possible reasons:
#   The system is out of physical RAM or swap space
#   This process is running with CompressedOops enabled, and the Java Heap may be blocking the growth of the native heap
# Possible solutions:
#   Reduce memory load on the system
#   Increase physical memory or swap space
#   Check if swap backing store is full
#   Decrease Java heap size (-Xmx/-Xms)
#   Decrease number of Java threads
#   Decrease Java thread stack sizes (-Xss)
#   Set larger code cache with -XX:ReservedCodeCacheSize=
#   JVM is running with Unscaled Compressed Oops mode in which the Java heap is
#     placed in the first 4GB address space. The Java Heap base address is the
#     maximum limit for the native heap growth. Please use -XX:HeapBaseMinAddress
#     to set the Java Heap base and to place the Java Heap above 4GB virtual address.
# This output file may be truncated or incomplete.
#
#  Out of Memory Error (os_windows.cpp:3618), pid=17248, tid=16852
#
# JRE version: OpenJDK Runtime Environment Temurin-17.0.16+8 (17.0.16+8) (build 17.0.16+8)
# Java VM: OpenJDK 64-Bit Server VM Temurin-17.0.16+8 (17.0.16+8, mixed mode, sharing, tiered, compressed oops, compressed class ptrs, g1 gc, windows-amd64)
# No core dump will be written. Minidumps are not enabled by default on client versions of Windows
#

---------------  S U M M A R Y ------------

Command Line: --add-opens=java.base/java.util=ALL-UNNAMED --add-opens=java.base/java.lang=ALL-UNNAMED --add-opens=java.base/java.lang.invoke=ALL-UNNAMED --add-opens=java.prefs/java.util.prefs=ALL-UNNAMED --add-exports=jdk.compiler/com.sun.tools.javac.api=ALL-UNNAMED --add-exports=jdk.compiler/com.sun.tools.javac.util=ALL-UNNAMED --add-opens=java.base/java.nio.charset=ALL-UNNAMED --add-opens=java.base/java.net=ALL-UNNAMED --add-opens=java.base/java.util.concurrent.atomic=ALL-UNNAMED -Xmx2048m -Dfile.encoding=UTF-8 -Duser.country=US -Duser.language=en -Duser.variant -javaagent:C:\Users\HP\.gradle\wrapper\dists\gradle-8.10.2-all\7iv73wktx1xtkvlq19urqw1wm\gradle-8.10.2\lib\agents\gradle-instrumentation-agent-8.10.2.jar org.gradle.launcher.daemon.bootstrap.GradleDaemon 8.10.2

Host: Intel(R) Core(TM) i7-6600U CPU @ 2.60GHz, 4 cores, 15G,  Windows 11 , 64 bit Build 26100 (10.0.26100.8328)
Time: Tue May 12 17:31:38 2026 Pakistan Standard Time elapsed time: 182.721192 seconds (0d 0h 3m 2s)

---------------  T H R E A D  ---------------

Current thread (0x0000021779854180):  VMThread "VM Thread" [stack: 0x0000007bdef00000,0x0000007bdf000000] [id=16852]

Stack: [0x0000007bdef00000,0x0000007bdf000000]
Native frames: (J=compiled Java code, j=interpreted, Vv=VM code, C=native code)
V  [jvm.dll+0x683169]
V  [jvm.dll+0x839ac8]
V  [jvm.dll+0x83b573]
V  [jvm.dll+0x83bbe3]
V  [jvm.dll+0x2473ff]
V  [jvm.dll+0x67ff49]
V  [jvm.dll+0x674e3a]
V  [jvm.dll+0x304ea6]
V  [jvm.dll+0x30c366]
V  [jvm.dll+0x35deee]
V  [jvm.dll+0x35e12d]
V  [jvm.dll+0x2dc26c]
V  [jvm.dll+0x2df286]
V  [jvm.dll+0x2e99ac]
V  [jvm.dll+0x31d7cd]
V  [jvm.dll+0x84041d]
V  [jvm.dll+0x841153]
V  [jvm.dll+0x84167f]
V  [jvm.dll+0x841a64]
V  [jvm.dll+0x841b2e]
V  [jvm.dll+0x7e979c]
V  [jvm.dll+0x682047]
C  [ucrtbase.dll+0x37b0]
C  [KERNEL32.DLL+0x2e957]
C  [ntdll.dll+0x427c]

VM_Operation (0x0000007bdebff6c0): G1PauseRemark, mode: safepoint, requested by thread 0x0000021759f0e3d0


---------------  P R O C E S S  ---------------

Threads class SMR info:
_java_thread_list=0x0000021745e2bbd0, length=93, elements={
0x0000021759e9e230, 0x000002177985a2f0, 0x000002177985cb50, 0x000002177986ce10,
0x0000021779870260, 0x0000021779877190, 0x00000217798789e0, 0x00000217799c07b0,
0x000002177987df10, 0x00000217799d7970, 0x0000021779ad4d80, 0x0000021779b91c20,
0x000002177e7d3320, 0x000002177e988bd0, 0x000002177f1494d0, 0x000002177ef2a710,
0x000002177f7b5430, 0x000002177f7b5940, 0x000002177f7b6870, 0x000002177f7b4500,
0x000002177f7b3ae0, 0x000002177f7b5e50, 0x000002177f7b3ff0, 0x000002177f7b30c0,
0x000002177f7b4a10, 0x000002177f7b4f20, 0x000002177f7b35d0, 0x00000217412811a0,
0x0000021741282af0, 0x00000217412825e0, 0x00000217412820d0, 0x0000021741283000,
0x0000021741283510, 0x00000217412816b0, 0x0000021741285370, 0x0000021741281bc0,
0x0000021741288610, 0x0000021741286cc0, 0x0000021741288b20, 0x0000021741285880,
0x0000021741285d90, 0x00000217412871d0, 0x00000217412876e0, 0x000002177f7b6360,
0x00000217441e8510, 0x00000217441e61a0, 0x00000217441e66b0, 0x00000217441e5780,
0x0000021744665ef0, 0x0000021744666400, 0x00000217446645a0, 0x00000217446654d0,
0x0000021744666910, 0x00000217446659e0, 0x0000021744666e20, 0x0000021744664090,
0x0000021744667d50, 0x0000021744664fc0, 0x0000021744668260, 0x0000021744664ab0,
0x000002174466aff0, 0x0000021744668c80, 0x0000021744669190, 0x0000021744669bb0,
0x0000021744667840, 0x000002174466a5d0, 0x000002174466aae0, 0x000002174466b500,
0x000002174466ba10, 0x00000217412867b0, 0x0000021745f15840, 0x0000021745f13ef0,
0x0000021745f14400, 0x0000021745f12ab0, 0x0000021745f15d50, 0x0000021745f16260,
0x0000021745f12fc0, 0x0000021745f14e20, 0x0000021745f15330, 0x0000021745f16770,
0x0000021745f16c80, 0x0000021745f134d0, 0x0000021745f139e0, 0x0000021745f180c0,
0x0000021745f17190, 0x0000021745f14910, 0x0000021745f185d0, 0x0000021745f19f20,
0x0000021745f1a430, 0x0000021745f18ff0, 0x0000021745f176a0, 0x0000021745f18ae0,
0x000002174443dad0
}

Java Threads: ( => current thread )
  0x0000021759e9e230 JavaThread "main" [_thread_blocked, id=14196, stack(0x0000007bde900000,0x0000007bdea00000)]
  0x000002177985a2f0 JavaThread "Reference Handler" daemon [_thread_blocked, id=3188, stack(0x0000007bdf000000,0x0000007bdf100000)]
  0x000002177985cb50 JavaThread "Finalizer" daemon [_thread_blocked, id=16688, stack(0x0000007bdf100000,0x0000007bdf200000)]
  0x000002177986ce10 JavaThread "Signal Dispatcher" daemon [_thread_blocked, id=8364, stack(0x0000007bdf200000,0x0000007bdf300000)]
  0x0000021779870260 JavaThread "Attach Listener" daemon [_thread_blocked, id=11780, stack(0x0000007bdf300000,0x0000007bdf400000)]
  0x0000021779877190 JavaThread "Service Thread" daemon [_thread_blocked, id=12020, stack(0x0000007bdf400000,0x0000007bdf500000)]
  0x00000217798789e0 JavaThread "Monitor Deflation Thread" daemon [_thread_blocked, id=7468, stack(0x0000007bdf500000,0x0000007bdf600000)]
  0x00000217799c07b0 JavaThread "C2 CompilerThread0" daemon [_thread_blocked, id=15860, stack(0x0000007bdf600000,0x0000007bdf700000)]
  0x000002177987df10 JavaThread "C1 CompilerThread0" daemon [_thread_blocked, id=13280, stack(0x0000007bdf700000,0x0000007bdf800000)]
  0x00000217799d7970 JavaThread "Sweeper thread" daemon [_thread_blocked, id=15660, stack(0x0000007bdf800000,0x0000007bdf900000)]
  0x0000021779ad4d80 JavaThread "Common-Cleaner" daemon [_thread_blocked, id=13376, stack(0x0000007bdf900000,0x0000007bdfa00000)]
  0x0000021779b91c20 JavaThread "Notification Thread" daemon [_thread_blocked, id=7920, stack(0x0000007bdfa00000,0x0000007bdfb00000)]
  0x000002177e7d3320 JavaThread "Daemon health stats" [_thread_blocked, id=4440, stack(0x0000007be0000000,0x0000007be0100000)]
  0x000002177e988bd0 JavaThread "Incoming local TCP Connector on port 50898" [_thread_in_native, id=11904, stack(0x0000007bdfc00000,0x0000007bdfd00000)]
  0x000002177f1494d0 JavaThread "Daemon periodic checks" [_thread_blocked, id=10380, stack(0x0000007be0100000,0x0000007be0200000)]
  0x000002177ef2a710 JavaThread "Daemon" [_thread_blocked, id=260, stack(0x0000007be0200000,0x0000007be0300000)]
  0x000002177f7b5430 JavaThread "Handler for socket connection from /127.0.0.1:50898 to /127.0.0.1:50900" [_thread_in_native, id=2320, stack(0x0000007be0300000,0x0000007be0400000)]
  0x000002177f7b5940 JavaThread "Cancel handler" [_thread_blocked, id=6032, stack(0x0000007be0400000,0x0000007be0500000)]
  0x000002177f7b6870 JavaThread "Daemon worker" [_thread_blocked, id=9984, stack(0x0000007be0500000,0x0000007be0600000)]
  0x000002177f7b4500 JavaThread "Asynchronous log dispatcher for DefaultDaemonConnection: socket connection from /127.0.0.1:50898 to /127.0.0.1:50900" [_thread_blocked, id=14420, stack(0x0000007be0600000,0x0000007be0700000)]
  0x000002177f7b3ae0 JavaThread "Stdin handler" [_thread_blocked, id=11980, stack(0x0000007be0700000,0x0000007be0800000)]
  0x000002177f7b5e50 JavaThread "Daemon client event forwarder" [_thread_blocked, id=10356, stack(0x0000007be0800000,0x0000007be0900000)]
  0x000002177f7b3ff0 JavaThread "Cache worker for journal cache (C:\Users\HP\.gradle\caches\journal-1)" [_thread_blocked, id=18280, stack(0x0000007be0900000,0x0000007be0a00000)]
  0x000002177f7b30c0 JavaThread "File lock request listener" [_thread_in_native, id=10432, stack(0x0000007be0a00000,0x0000007be0b00000)]
  0x000002177f7b4a10 JavaThread "Cache worker for file hash cache (C:\Users\HP\.gradle\caches\8.10.2\fileHashes)" [_thread_blocked, id=1280, stack(0x0000007be0c00000,0x0000007be0d00000)]
  0x000002177f7b4f20 JavaThread "Cache worker for file hash cache (C:\Users\HP\AndroidStudioProjects\MyApplication2\.gradle\8.10.2\fileHashes)" [_thread_blocked, id=9524, stack(0x0000007be0d00000,0x0000007be0e00000)]
  0x000002177f7b35d0 JavaThread "Cache worker for Build Output Cleanup Cache (C:\Users\HP\AndroidStudioProjects\MyApplication2\.gradle\buildOutputCleanup)" [_thread_blocked, id=2304, stack(0x0000007be0e00000,0x0000007be0f00000)]
  0x00000217412811a0 JavaThread "File watcher server" daemon [_thread_blocked, id=17156, stack(0x0000007be0f00000,0x0000007be1000000)]
  0x0000021741282af0 JavaThread "File watcher consumer" daemon [_thread_blocked, id=14520, stack(0x0000007be1000000,0x0000007be1100000)]
  0x00000217412825e0 JavaThread "Cache worker for checksums cache (C:\Users\HP\AndroidStudioProjects\MyApplication2\.gradle\8.10.2\checksums)" [_thread_blocked, id=12752, stack(0x0000007be1100000,0x0000007be1200000)]
  0x00000217412820d0 JavaThread "Cache worker for file content cache (C:\Users\HP\.gradle\caches\8.10.2\fileContent)" [_thread_blocked, id=4232, stack(0x0000007be1200000,0x0000007be1300000)]
  0x0000021741283000 JavaThread "Cache worker for cache directory md-rule (C:\Users\HP\.gradle\caches\8.10.2\md-rule)" [_thread_blocked, id=15192, stack(0x0000007be1300000,0x0000007be1400000)]
  0x0000021741283510 JavaThread "Cache worker for cache directory md-supplier (C:\Users\HP\.gradle\caches\8.10.2\md-supplier)" [_thread_blocked, id=10780, stack(0x0000007be1400000,0x0000007be1500000)]
  0x00000217412816b0 JavaThread "Unconstrained build operations" [_thread_blocked, id=924, stack(0x0000007be0b00000,0x0000007be0c00000)]
  0x0000021741285370 JavaThread "Unconstrained build operations Thread 2" [_thread_blocked, id=15116, stack(0x0000007be1600000,0x0000007be1700000)]
  0x0000021741281bc0 JavaThread "Unconstrained build operations Thread 3" [_thread_blocked, id=13508, stack(0x0000007be1700000,0x0000007be1800000)]
  0x0000021741288610 JavaThread "Unconstrained build operations Thread 4" [_thread_blocked, id=8476, stack(0x0000007be1800000,0x0000007be1900000)]
  0x0000021741286cc0 JavaThread "Unconstrained build operations Thread 5" [_thread_blocked, id=2796, stack(0x0000007be1900000,0x0000007be1a00000)]
  0x0000021741288b20 JavaThread "Unconstrained build operations Thread 6" [_thread_blocked, id=18140, stack(0x0000007be1a00000,0x0000007be1b00000)]
  0x0000021741285880 JavaThread "Unconstrained build operations Thread 7" [_thread_blocked, id=15700, stack(0x0000007be1c00000,0x0000007be1d00000)]
  0x0000021741285d90 JavaThread "Unconstrained build operations Thread 8" [_thread_blocked, id=3264, stack(0x0000007be1d00000,0x0000007be1e00000)]
  0x00000217412871d0 JavaThread "Unconstrained build operations Thread 9" [_thread_blocked, id=14204, stack(0x0000007be1e00000,0x0000007be1f00000)]
  0x00000217412876e0 JavaThread "Memory manager" [_thread_blocked, id=13612, stack(0x0000007be1f00000,0x0000007be2000000)]
  0x000002177f7b6360 JavaThread "build event listener" [_thread_blocked, id=8816, stack(0x0000007be2000000,0x0000007be2100000)]
  0x00000217441e8510 JavaThread "included builds" [_thread_blocked, id=6400, stack(0x0000007be2300000,0x0000007be2400000)]
  0x00000217441e61a0 JavaThread "Execution worker" [_thread_blocked, id=10460, stack(0x0000007be2400000,0x0000007be2500000)]
  0x00000217441e66b0 JavaThread "Execution worker Thread 2" [_thread_blocked, id=912, stack(0x0000007be2500000,0x0000007be2600000)]
  0x00000217441e5780 JavaThread "Execution worker Thread 3" [_thread_blocked, id=4188, stack(0x0000007be2600000,0x0000007be2700000)]
  0x0000021744665ef0 JavaThread "Cache worker for execution history cache (C:\Users\HP\AndroidStudioProjects\MyApplication2\.gradle\8.10.2\executionHistory)" [_thread_blocked, id=16524, stack(0x0000007be2700000,0x0000007be2800000)]
  0x0000021744666400 JavaThread "Unconstrained build operations Thread 10" [_thread_blocked, id=11268, stack(0x0000007be2800000,0x0000007be2900000)]
  0x00000217446645a0 JavaThread "Unconstrained build operations Thread 11" [_thread_blocked, id=13352, stack(0x0000007be2900000,0x0000007be2a00000)]
  0x00000217446654d0 JavaThread "Unconstrained build operations Thread 12" [_thread_blocked, id=14376, stack(0x0000007be2a00000,0x0000007be2b00000)]
  0x0000021744666910 JavaThread "Unconstrained build operations Thread 13" [_thread_blocked, id=11032, stack(0x0000007be2b00000,0x0000007be2c00000)]
  0x00000217446659e0 JavaThread "Unconstrained build operations Thread 14" [_thread_blocked, id=10684, stack(0x0000007be2c00000,0x0000007be2d00000)]
  0x0000021744666e20 JavaThread "Unconstrained build operations Thread 15" [_thread_blocked, id=9900, stack(0x0000007be2d00000,0x0000007be2e00000)]
  0x0000021744664090 JavaThread "Unconstrained build operations Thread 16" [_thread_blocked, id=6952, stack(0x0000007be2e00000,0x0000007be2f00000)]
  0x0000021744667d50 JavaThread "Unconstrained build operations Thread 17" [_thread_blocked, id=4180, stack(0x0000007be2f00000,0x0000007be3000000)]
  0x0000021744664fc0 JavaThread "Unconstrained build operations Thread 18" [_thread_blocked, id=2952, stack(0x0000007be3000000,0x0000007be3100000)]
  0x0000021744668260 JavaThread "Unconstrained build operations Thread 19" [_thread_blocked, id=14596, stack(0x0000007be3100000,0x0000007be3200000)]
  0x0000021744664ab0 JavaThread "Unconstrained build operations Thread 20" [_thread_blocked, id=14576, stack(0x0000007be3200000,0x0000007be3300000)]
  0x000002174466aff0 JavaThread "Unconstrained build operations Thread 21" [_thread_blocked, id=14428, stack(0x0000007be3300000,0x0000007be3400000)]
  0x0000021744668c80 JavaThread "Unconstrained build operations Thread 22" [_thread_blocked, id=13492, stack(0x0000007be3400000,0x0000007be3500000)]
  0x0000021744669190 JavaThread "WorkerExecutor Queue" [_thread_blocked, id=14180, stack(0x0000007be3500000,0x0000007be3600000)]
  0x0000021744669bb0 JavaThread "Unconstrained build operations Thread 23" [_thread_blocked, id=10768, stack(0x0000007be3600000,0x0000007be3700000)]
  0x0000021744667840 JavaThread "Unconstrained build operations Thread 24" [_thread_blocked, id=3624, stack(0x0000007be3700000,0x0000007be3800000)]
  0x000002174466a5d0 JavaThread "Unconstrained build operations Thread 25" [_thread_blocked, id=16988, stack(0x0000007be3800000,0x0000007be3900000)]
  0x000002174466aae0 JavaThread "Unconstrained build operations Thread 26" [_thread_blocked, id=3720, stack(0x0000007be3900000,0x0000007be3a00000)]
  0x000002174466b500 JavaThread "Unconstrained build operations Thread 27" [_thread_blocked, id=14012, stack(0x0000007be3a00000,0x0000007be3b00000)]
  0x000002174466ba10 JavaThread "Unconstrained build operations Thread 28" [_thread_blocked, id=16088, stack(0x0000007be3b00000,0x0000007be3c00000)]
  0x00000217412867b0 JavaThread "Unconstrained build operations Thread 29" [_thread_blocked, id=10152, stack(0x0000007be3c00000,0x0000007be3d00000)]
  0x0000021745f15840 JavaThread "Unconstrained build operations Thread 30" [_thread_blocked, id=288, stack(0x0000007be3d00000,0x0000007be3e00000)]
  0x0000021745f13ef0 JavaThread "Unconstrained build operations Thread 31" [_thread_blocked, id=18224, stack(0x0000007be3e00000,0x0000007be3f00000)]
  0x0000021745f14400 JavaThread "Unconstrained build operations Thread 32" [_thread_blocked, id=13152, stack(0x0000007be3f00000,0x0000007be4000000)]
  0x0000021745f12ab0 JavaThread "Unconstrained build operations Thread 33" [_thread_blocked, id=13464, stack(0x0000007be4000000,0x0000007be4100000)]
  0x0000021745f15d50 JavaThread "Unconstrained build operations Thread 34" [_thread_blocked, id=15104, stack(0x0000007be4100000,0x0000007be4200000)]
  0x0000021745f16260 JavaThread "Unconstrained build operations Thread 35" [_thread_blocked, id=9416, stack(0x0000007be4200000,0x0000007be4300000)]
  0x0000021745f12fc0 JavaThread "WorkerExecutor Queue Thread 2" [_thread_blocked, id=8072, stack(0x0000007be4300000,0x0000007be4400000)]
  0x0000021745f14e20 JavaThread "Unconstrained build operations Thread 36" [_thread_blocked, id=16772, stack(0x0000007be4400000,0x0000007be4500000)]
  0x0000021745f15330 JavaThread "Unconstrained build operations Thread 37" [_thread_blocked, id=10580, stack(0x0000007be4500000,0x0000007be4600000)]
  0x0000021745f16770 JavaThread "Unconstrained build operations Thread 38" [_thread_blocked, id=11756, stack(0x0000007be4600000,0x0000007be4700000)]
  0x0000021745f16c80 JavaThread "pool-3-thread-1" [_thread_blocked, id=2296, stack(0x0000007be4700000,0x0000007be4800000)]
  0x0000021745f134d0 JavaThread "stderr" [_thread_in_native, id=6104, stack(0x0000007be4800000,0x0000007be4900000)]
  0x0000021745f139e0 JavaThread "stdout" [_thread_in_native, id=11344, stack(0x0000007be4900000,0x0000007be4a00000)]
  0x0000021745f180c0 JavaThread "Unconstrained build operations Thread 39" [_thread_blocked, id=16740, stack(0x0000007be4a00000,0x0000007be4b00000)]
  0x0000021745f17190 JavaThread "Unconstrained build operations Thread 40" [_thread_blocked, id=6124, stack(0x0000007be4b00000,0x0000007be4c00000)]
  0x0000021745f14910 JavaThread "WorkerExecutor Queue Thread 3" [_thread_blocked, id=17204, stack(0x0000007bde600000,0x0000007bde700000)]
  0x0000021745f185d0 JavaThread "RMI Scheduler(0)" daemon [_thread_blocked, id=13844, stack(0x0000007bde700000,0x0000007bde800000)]
  0x0000021745f19f20 JavaThread "RMI GC Daemon" daemon [_thread_blocked, id=11060, stack(0x0000007be1b00000,0x0000007be1c00000)]
  0x0000021745f1a430 JavaThread "RMI TCP Accept-0" daemon [_thread_in_native, id=3892, stack(0x0000007be4c00000,0x0000007be4d00000)]
  0x0000021745f18ff0 JavaThread "RMI Reaper" [_thread_blocked, id=11252, stack(0x0000007be4d00000,0x0000007be4e00000)]
  0x0000021745f176a0 JavaThread "RMI TCP Connection(2)-127.0.0.1" daemon [_thread_in_native, id=13528, stack(0x0000007be2100000,0x0000007be2200000)]
  0x0000021745f18ae0 JavaThread "WorkerExecutor Queue Thread 4" [_thread_blocked, id=16904, stack(0x0000007bde800000,0x0000007bde900000)]
  0x000002174443dad0 JavaThread "C2 CompilerThread1" daemon [_thread_blocked, id=6988, stack(0x0000007be4e00000,0x0000007be4f00000)]

Other Threads:
=>0x0000021779854180 VMThread "VM Thread" [stack: 0x0000007bdef00000,0x0000007bdf000000] [id=16852]
  0x0000021759e9efc0 WatcherThread [stack: 0x0000007bdfb00000,0x0000007bdfc00000] [id=17296]
  0x0000021759efc100 GCTaskThread "GC Thread#0" [stack: 0x0000007bdea00000,0x0000007bdeb00000] [id=15764]
  0x000002177e0b9840 GCTaskThread "GC Thread#1" [stack: 0x0000007bdfd00000,0x0000007bdfe00000] [id=17888]
  0x0000021779d99c70 GCTaskThread "GC Thread#2" [stack: 0x0000007bdfe00000,0x0000007bdff00000] [id=15308]
  0x0000021779c9a270 GCTaskThread "GC Thread#3" [stack: 0x0000007bdff00000,0x0000007be0000000] [id=8180]
  0x0000021759f0e3d0 ConcurrentGCThread "G1 Main Marker" [stack: 0x0000007bdeb00000,0x0000007bdec00000] [id=5156]
  0x0000021759f0ed00 ConcurrentGCThread "G1 Conc#0" [stack: 0x0000007bdec00000,0x0000007bded00000] [id=18328]
  0x00000217797109e0 ConcurrentGCThread "G1 Refine#0" [stack: 0x0000007bded00000,0x0000007bdee00000] [id=2176]
  0x000002174252dc20 ConcurrentGCThread "G1 Refine#1" [stack: 0x0000007be1500000,0x0000007be1600000] [id=12568]
  0x0000021779711320 ConcurrentGCThread "G1 Service" [stack: 0x0000007bdee00000,0x0000007bdef00000] [id=13348]

Threads with active compile tasks:
C2 CompilerThread0   182818 16816 %     4       com.android.tools.r8.internal.vd::a @ 4047 (4363 bytes)
C2 CompilerThread1   182818 16790 %     4       com.android.tools.r8.internal.vd::a @ 2762 (6886 bytes)

VM state: at safepoint (normal execution)

VM Mutex/Monitor currently owned by a thread:  ([mutex/lock_event])
[0x0000021759a80b90] Threads_lock - owner thread: 0x0000021779854180
[0x0000021759e9b3e0] Heap_lock - owner thread: 0x0000021759f0e3d0

Heap address: 0x0000000080000000, size: 2048 MB, Compressed Oops mode: 32-bit

CDS archive(s) mapped at: [0x0000021700000000-0x0000021700bb0000-0x0000021700bb0000), size 12255232, SharedBaseAddress: 0x0000021700000000, ArchiveRelocationMode: 1.
Compressed class space mapped at: 0x0000021701000000-0x0000021741000000, reserved size: 1073741824
Narrow klass base: 0x0000021700000000, Narrow klass shift: 0, Narrow klass range: 0x100000000

GC Precious Log:
 CPUs: 4 total, 4 available
 Memory: 16263M
 Large Page Support: Disabled
 NUMA Support: Disabled
 Compressed Oops: Enabled (32-bit)
 Heap Region Size: 1M
 Heap Min Capacity: 8M
 Heap Initial Capacity: 256M
 Heap Max Capacity: 2G
 Pre-touch: Disabled
 Parallel Workers: 4
 Concurrent Workers: 1
 Concurrent Refinement Workers: 4
 Periodic GC: Disabled

Heap:
 garbage-first heap   total 211968K, used 180442K [0x0000000080000000, 0x0000000100000000)
  region size 1024K, 20 young (20480K), 3 survivors (3072K)
 Metaspace       used 111581K, committed 112512K, reserved 1179648K
  class space    used 15409K, committed 15872K, reserved 1048576K

Heap Regions: E=young(eden), S=young(survivor), O=old, HS=humongous(starts), HC=humongous(continues), CS=collection set, F=free, OA=open archive, CA=closed archive, TAMS=top-at-mark-start (previous, next)
|   0|0x0000000080000000, 0x0000000080100000, 0x0000000080100000|100%|HS|  |TAMS 0x0000000080100000, 0x0000000080000000| Complete 
|   1|0x0000000080100000, 0x0000000080200000, 0x0000000080200000|100%|HC|  |TAMS 0x0000000080200000, 0x0000000080100000| Complete 
|   2|0x0000000080200000, 0x0000000080300000, 0x0000000080300000|100%|HC|  |TAMS 0x0000000080300000, 0x0000000080200000| Complete 
|   3|0x0000000080300000, 0x0000000080400000, 0x0000000080400000|100%|HC|  |TAMS 0x0000000080400000, 0x0000000080300000| Complete 
|   4|0x0000000080400000, 0x0000000080500000, 0x0000000080500000|100%| O|  |TAMS 0x0000000080500000, 0x0000000080400000| Untracked 
|   5|0x0000000080500000, 0x0000000080600000, 0x0000000080600000|100%| O|  |TAMS 0x0000000080600000, 0x0000000080500000| Untracked 
|   6|0x0000000080600000, 0x0000000080700000, 0x0000000080700000|100%| O|  |TAMS 0x0000000080700000, 0x0000000080600000| Untracked 
|   7|0x0000000080700000, 0x0000000080800000, 0x0000000080800000|100%| O|  |TAMS 0x0000000080800000, 0x0000000080700000| Untracked 
|   8|0x0000000080800000, 0x0000000080900000, 0x0000000080900000|100%|HS|  |TAMS 0x0000000080900000, 0x0000000080800000| Complete 
|   9|0x0000000080900000, 0x0000000080a00000, 0x0000000080a00000|100%| O|  |TAMS 0x0000000080a00000, 0x0000000080900000| Untracked 
|  10|0x0000000080a00000, 0x0000000080b00000, 0x0000000080b00000|100%| O|  |TAMS 0x0000000080b00000, 0x0000000080a00000| Untracked 
|  11|0x0000000080b00000, 0x0000000080c00000, 0x0000000080c00000|100%| O|  |TAMS 0x0000000080c00000, 0x0000000080b00000| Updating 
|  12|0x0000000080c00000, 0x0000000080d00000, 0x0000000080d00000|100%| O|  |TAMS 0x0000000080d00000, 0x0000000080c00000| Untracked 
|  13|0x0000000080d00000, 0x0000000080e00000, 0x0000000080e00000|100%| O|  |TAMS 0x0000000080e00000, 0x0000000080d00000| Untracked 
|  14|0x0000000080e00000, 0x0000000080f00000, 0x0000000080f00000|100%| O|  |TAMS 0x0000000080f00000, 0x0000000080e00000| Untracked 
|  15|0x0000000080f00000, 0x0000000081000000, 0x0000000081000000|100%| O|  |TAMS 0x0000000081000000, 0x0000000080f00000| Untracked 
|  16|0x0000000081000000, 0x0000000081100000, 0x0000000081100000|100%| O|  |TAMS 0x0000000081100000, 0x0000000081000000| Untracked 
|  17|0x0000000081100000, 0x0000000081200000, 0x0000000081200000|100%| O|  |TAMS 0x0000000081200000, 0x0000000081100000| Untracked 
|  18|0x0000000081200000, 0x0000000081300000, 0x0000000081300000|100%| O|  |TAMS 0x0000000081300000, 0x0000000081200000| Untracked 
|  19|0x0000000081300000, 0x0000000081400000, 0x0000000081400000|100%| O|  |TAMS 0x0000000081400000, 0x0000000081300000| Untracked 
|  20|0x0000000081400000, 0x0000000081500000, 0x0000000081500000|100%| O|  |TAMS 0x0000000081500000, 0x0000000081400000| Untracked 
|  21|0x0000000081500000, 0x0000000081600000, 0x0000000081600000|100%| O|  |TAMS 0x0000000081600000, 0x0000000081500000| Untracked 
|  22|0x0000000081600000, 0x0000000081700000, 0x0000000081700000|100%| O|  |TAMS 0x0000000081700000, 0x0000000081600000| Untracked 
|  23|0x0000000081700000, 0x0000000081800000, 0x0000000081800000|100%| O|  |TAMS 0x0000000081800000, 0x0000000081700000| Untracked 
|  24|0x0000000081800000, 0x0000000081900000, 0x0000000081900000|100%| O|  |TAMS 0x0000000081900000, 0x0000000081800000| Untracked 
|  25|0x0000000081900000, 0x0000000081a00000, 0x0000000081a00000|100%| O|  |TAMS 0x0000000081a00000, 0x0000000081900000| Untracked 
|  26|0x0000000081a00000, 0x0000000081b00000, 0x0000000081b00000|100%| O|  |TAMS 0x0000000081b00000, 0x0000000081a00000| Updating 
|  27|0x0000000081b00000, 0x0000000081c00000, 0x0000000081c00000|100%| O|  |TAMS 0x0000000081c00000, 0x0000000081b00000| Untracked 
|  28|0x0000000081c00000, 0x0000000081d00000, 0x0000000081d00000|100%| O|  |TAMS 0x0000000081d00000, 0x0000000081c00000| Untracked 
|  29|0x0000000081d00000, 0x0000000081e00000, 0x0000000081e00000|100%| O|  |TAMS 0x0000000081e00000, 0x0000000081d00000| Untracked 
|  30|0x0000000081e00000, 0x0000000081f00000, 0x0000000081f00000|100%| O|  |TAMS 0x0000000081f00000, 0x0000000081e00000| Untracked 
|  31|0x0000000081f00000, 0x0000000082000000, 0x0000000082000000|100%| O|  |TAMS 0x0000000082000000, 0x0000000081f00000| Untracked 
|  32|0x0000000082000000, 0x0000000082100000, 0x0000000082100000|100%| O|  |TAMS 0x0000000082100000, 0x0000000082000000| Updating 
|  33|0x0000000082100000, 0x0000000082200000, 0x0000000082200000|100%| O|  |TAMS 0x0000000082200000, 0x0000000082100000| Untracked 
|  34|0x0000000082200000, 0x0000000082300000, 0x0000000082300000|100%| O|  |TAMS 0x0000000082300000, 0x0000000082200000| Untracked 
|  35|0x0000000082300000, 0x0000000082400000, 0x0000000082400000|100%| O|  |TAMS 0x0000000082400000, 0x0000000082300000| Updating 
|  36|0x0000000082400000, 0x0000000082500000, 0x0000000082500000|100%| O|  |TAMS 0x0000000082500000, 0x0000000082400000| Untracked 
|  37|0x0000000082500000, 0x0000000082600000, 0x0000000082600000|100%| O|  |TAMS 0x0000000082600000, 0x0000000082500000| Untracked 
|  38|0x0000000082600000, 0x0000000082700000, 0x0000000082700000|100%| O|  |TAMS 0x0000000082700000, 0x0000000082600000| Untracked 
|  39|0x0000000082700000, 0x0000000082800000, 0x0000000082800000|100%| O|  |TAMS 0x0000000082800000, 0x0000000082700000| Untracked 
|  40|0x0000000082800000, 0x0000000082900000, 0x0000000082900000|100%| O|  |TAMS 0x0000000082900000, 0x0000000082800000| Updating 
|  41|0x0000000082900000, 0x0000000082a00000, 0x0000000082a00000|100%| O|  |TAMS 0x0000000082a00000, 0x0000000082900000| Untracked 
|  42|0x0000000082a00000, 0x0000000082b00000, 0x0000000082b00000|100%|HS|  |TAMS 0x0000000082b00000, 0x0000000082a00000| Complete 
|  43|0x0000000082b00000, 0x0000000082c00000, 0x0000000082c00000|100%|HS|  |TAMS 0x0000000082c00000, 0x0000000082b00000| Complete 
|  44|0x0000000082c00000, 0x0000000082d00000, 0x0000000082d00000|100%|HS|  |TAMS 0x0000000082d00000, 0x0000000082c00000| Complete 
|  45|0x0000000082d00000, 0x0000000082e00000, 0x0000000082e00000|100%|HC|  |TAMS 0x0000000082e00000, 0x0000000082d00000| Complete 
|  46|0x0000000082e00000, 0x0000000082f00000, 0x0000000082f00000|100%|HS|  |TAMS 0x0000000082f00000, 0x0000000082e00000| Complete 
|  47|0x0000000082f00000, 0x0000000083000000, 0x0000000083000000|100%|HC|  |TAMS 0x0000000083000000, 0x0000000082f00000| Complete 
|  48|0x0000000083000000, 0x0000000083100000, 0x0000000083100000|100%| O|  |TAMS 0x0000000083100000, 0x0000000083000000| Untracked 
|  49|0x0000000083100000, 0x0000000083200000, 0x0000000083200000|100%|HS|  |TAMS 0x0000000083200000, 0x0000000083100000| Complete 
|  50|0x0000000083200000, 0x0000000083300000, 0x0000000083300000|100%|HS|  |TAMS 0x0000000083300000, 0x0000000083200000| Complete 
|  51|0x0000000083300000, 0x0000000083400000, 0x0000000083400000|100%|HC|  |TAMS 0x0000000083400000, 0x0000000083300000| Complete 
|  52|0x0000000083400000, 0x0000000083500000, 0x0000000083500000|100%|HC|  |TAMS 0x0000000083500000, 0x0000000083400000| Complete 
|  53|0x0000000083500000, 0x0000000083600000, 0x0000000083600000|100%| O|  |TAMS 0x0000000083600000, 0x0000000083500000| Untracked 
|  54|0x0000000083600000, 0x0000000083700000, 0x0000000083700000|100%| O|  |TAMS 0x0000000083700000, 0x0000000083600000| Untracked 
|  55|0x0000000083700000, 0x0000000083800000, 0x0000000083800000|100%| O|  |TAMS 0x0000000083800000, 0x0000000083700000| Updating 
|  56|0x0000000083800000, 0x0000000083900000, 0x0000000083900000|100%| O|  |TAMS 0x0000000083900000, 0x0000000083800000| Untracked 
|  57|0x0000000083900000, 0x0000000083a00000, 0x0000000083a00000|100%|HS|  |TAMS 0x0000000083a00000, 0x0000000083900000| Complete 
|  58|0x0000000083a00000, 0x0000000083b00000, 0x0000000083b00000|100%|HS|  |TAMS 0x0000000083b00000, 0x0000000083a00000| Complete 
|  59|0x0000000083b00000, 0x0000000083c00000, 0x0000000083c00000|100%| O|  |TAMS 0x0000000083c00000, 0x0000000083b00000| Untracked 
|  60|0x0000000083c00000, 0x0000000083d00000, 0x0000000083d00000|100%| O|  |TAMS 0x0000000083d00000, 0x0000000083c00000| Untracked 
|  61|0x0000000083d00000, 0x0000000083e00000, 0x0000000083e00000|100%| O|  |TAMS 0x0000000083e00000, 0x0000000083d00000| Untracked 
|  62|0x0000000083e00000, 0x0000000083f00000, 0x0000000083f00000|100%|HS|  |TAMS 0x0000000083f00000, 0x0000000083e00000| Complete 
|  63|0x0000000083f00000, 0x0000000084000000, 0x0000000084000000|100%| O|  |TAMS 0x0000000084000000, 0x0000000083f00000| Untracked 
|  64|0x0000000084000000, 0x0000000084100000, 0x0000000084100000|100%| O|  |TAMS 0x0000000084100000, 0x0000000084000000| Untracked 
|  65|0x0000000084100000, 0x0000000084200000, 0x0000000084200000|100%| O|  |TAMS 0x0000000084200000, 0x0000000084100000| Untracked 
|  66|0x0000000084200000, 0x0000000084300000, 0x0000000084300000|100%|HS|  |TAMS 0x0000000084300000, 0x0000000084200000| Complete 
|  67|0x0000000084300000, 0x0000000084400000, 0x0000000084400000|100%| O|  |TAMS 0x0000000084400000, 0x0000000084300000| Untracked 
|  68|0x0000000084400000, 0x0000000084500000, 0x0000000084500000|100%| O|  |TAMS 0x0000000084500000, 0x0000000084400000| Untracked 
|  69|0x0000000084500000, 0x0000000084600000, 0x0000000084600000|100%| O|  |TAMS 0x0000000084600000, 0x0000000084500000| Untracked 
|  70|0x0000000084600000, 0x0000000084700000, 0x0000000084700000|100%| O|  |TAMS 0x0000000084700000, 0x0000000084600000| Untracked 
|  71|0x0000000084700000, 0x0000000084800000, 0x0000000084800000|100%| O|  |TAMS 0x0000000084800000, 0x0000000084700000| Untracked 
|  72|0x0000000084800000, 0x0000000084900000, 0x0000000084900000|100%| O|  |TAMS 0x0000000084900000, 0x0000000084800000| Untracked 
|  73|0x0000000084900000, 0x0000000084a00000, 0x0000000084a00000|100%| O|  |TAMS 0x0000000084a00000, 0x0000000084900000| Updating 
|  74|0x0000000084a00000, 0x0000000084b00000, 0x0000000084b00000|100%|HS|  |TAMS 0x0000000084b00000, 0x0000000084a00000| Complete 
|  75|0x0000000084b00000, 0x0000000084c00000, 0x0000000084c00000|100%|HC|  |TAMS 0x0000000084c00000, 0x0000000084b00000| Complete 
|  76|0x0000000084c00000, 0x0000000084d00000, 0x0000000084d00000|100%|HC|  |TAMS 0x0000000084d00000, 0x0000000084c00000| Complete 
|  77|0x0000000084d00000, 0x0000000084e00000, 0x0000000084e00000|100%| O|  |TAMS 0x0000000084e00000, 0x0000000084d00000| Untracked 
|  78|0x0000000084e00000, 0x0000000084f00000, 0x0000000084f00000|100%| O|  |TAMS 0x0000000084f00000, 0x0000000084e00000| Untracked 
|  79|0x0000000084f00000, 0x0000000085000000, 0x0000000085000000|100%| O|  |TAMS 0x0000000085000000, 0x0000000084f00000| Untracked 
|  80|0x0000000085000000, 0x0000000085100000, 0x0000000085100000|100%| O|  |TAMS 0x0000000085100000, 0x0000000085000000| Untracked 
|  81|0x0000000085100000, 0x0000000085200000, 0x0000000085200000|100%| O|  |TAMS 0x0000000085200000, 0x0000000085100000| Untracked 
|  82|0x0000000085200000, 0x0000000085300000, 0x0000000085300000|100%| O|  |TAMS 0x0000000085300000, 0x0000000085200000| Untracked 
|  83|0x0000000085300000, 0x0000000085400000, 0x0000000085400000|100%| O|  |TAMS 0x0000000085400000, 0x0000000085300000| Untracked 
|  84|0x0000000085400000, 0x0000000085500000, 0x0000000085500000|100%| O|  |TAMS 0x0000000085500000, 0x0000000085400000| Untracked 
|  85|0x0000000085500000, 0x0000000085600000, 0x0000000085600000|100%| O|  |TAMS 0x0000000085600000, 0x0000000085500000| Untracked 
|  86|0x0000000085600000, 0x0000000085700000, 0x0000000085700000|100%| O|  |TAMS 0x0000000085700000, 0x0000000085600000| Untracked 
|  87|0x0000000085700000, 0x0000000085800000, 0x0000000085800000|100%| O|  |TAMS 0x0000000085800000, 0x0000000085700000| Updating 
|  88|0x0000000085800000, 0x0000000085900000, 0x0000000085900000|100%| O|  |TAMS 0x0000000085900000, 0x0000000085800000| Untracked 
|  89|0x0000000085900000, 0x0000000085a00000, 0x0000000085a00000|100%| O|  |TAMS 0x0000000085a00000, 0x0000000085900000| Untracked 
|  90|0x0000000085a00000, 0x0000000085b00000, 0x0000000085b00000|100%| O|  |TAMS 0x0000000085b00000, 0x0000000085a00000| Untracked 
|  91|0x0000000085b00000, 0x0000000085c00000, 0x0000000085c00000|100%| O|  |TAMS 0x0000000085c00000, 0x0000000085b00000| Untracked 
|  92|0x0000000085c00000, 0x0000000085d00000, 0x0000000085d00000|100%| O|  |TAMS 0x0000000085d00000, 0x0000000085c00000| Untracked 
|  93|0x0000000085d00000, 0x0000000085e00000, 0x0000000085e00000|100%| O|  |TAMS 0x0000000085e00000, 0x0000000085d00000| Untracked 
|  94|0x0000000085e00000, 0x0000000085f00000, 0x0000000085f00000|100%| O|  |TAMS 0x0000000085f00000, 0x0000000085e00000| Untracked 
|  95|0x0000000085f00000, 0x0000000086000000, 0x0000000086000000|100%| O|  |TAMS 0x0000000086000000, 0x0000000085f00000| Updating 
|  96|0x0000000086000000, 0x0000000086100000, 0x0000000086100000|100%| O|  |TAMS 0x0000000086100000, 0x0000000086000000| Untracked 
|  97|0x0000000086100000, 0x0000000086200000, 0x0000000086200000|100%| O|  |TAMS 0x0000000086200000, 0x0000000086100000| Untracked 
|  98|0x0000000086200000, 0x0000000086300000, 0x0000000086300000|100%| O|  |TAMS 0x0000000086300000, 0x0000000086200000| Untracked 
|  99|0x0000000086300000, 0x0000000086400000, 0x0000000086400000|100%| O|  |TAMS 0x0000000086400000, 0x0000000086300000| Untracked 
| 100|0x0000000086400000, 0x0000000086500000, 0x0000000086500000|100%| O|  |TAMS 0x0000000086500000, 0x0000000086400000| Untracked 
| 101|0x0000000086500000, 0x0000000086600000, 0x0000000086600000|100%| O|  |TAMS 0x0000000086600000, 0x0000000086500000| Untracked 
| 102|0x0000000086600000, 0x0000000086700000, 0x0000000086700000|100%| O|  |TAMS 0x0000000086700000, 0x0000000086600000| Untracked 
| 103|0x0000000086700000, 0x0000000086800000, 0x0000000086800000|100%| O|  |TAMS 0x0000000086800000, 0x0000000086700000| Untracked 
| 104|0x0000000086800000, 0x0000000086900000, 0x0000000086900000|100%| O|  |TAMS 0x0000000086900000, 0x0000000086800000| Untracked 
| 105|0x0000000086900000, 0x0000000086a00000, 0x0000000086a00000|100%| O|  |TAMS 0x0000000086a00000, 0x0000000086900000| Updating 
| 106|0x0000000086a00000, 0x0000000086b00000, 0x0000000086b00000|100%| O|  |TAMS 0x0000000086b00000, 0x0000000086a00000| Untracked 
| 107|0x0000000086b00000, 0x0000000086c00000, 0x0000000086c00000|100%| O|  |TAMS 0x0000000086c00000, 0x0000000086b00000| Updating 
| 108|0x0000000086c00000, 0x0000000086d00000, 0x0000000086d00000|100%| O|  |TAMS 0x0000000086d00000, 0x0000000086c00000| Untracked 
| 109|0x0000000086d00000, 0x0000000086e00000, 0x0000000086e00000|100%| O|  |TAMS 0x0000000086e00000, 0x0000000086d00000| Untracked 
| 110|0x0000000086e00000, 0x0000000086f00000, 0x0000000086f00000|100%| O|  |TAMS 0x0000000086f00000, 0x0000000086e00000| Untracked 
| 111|0x0000000086f00000, 0x0000000087000000, 0x0000000087000000|100%| O|  |TAMS 0x0000000087000000, 0x0000000086f00000| Untracked 
| 112|0x0000000087000000, 0x0000000087100000, 0x0000000087100000|100%| O|  |TAMS 0x0000000087100000, 0x0000000087000000| Untracked 
| 113|0x0000000087100000, 0x0000000087200000, 0x0000000087200000|100%| O|  |TAMS 0x0000000087200000, 0x0000000087100000| Untracked 
| 114|0x0000000087200000, 0x0000000087300000, 0x0000000087300000|100%| O|  |TAMS 0x0000000087300000, 0x0000000087200000| Untracked 
| 115|0x0000000087300000, 0x0000000087400000, 0x0000000087400000|100%| O|  |TAMS 0x0000000087400000, 0x0000000087300000| Untracked 
| 116|0x0000000087400000, 0x0000000087500000, 0x0000000087500000|100%| O|  |TAMS 0x0000000087500000, 0x0000000087400000| Untracked 
| 117|0x0000000087500000, 0x0000000087600000, 0x0000000087600000|100%| O|  |TAMS 0x0000000087600000, 0x0000000087500000| Untracked 
| 118|0x0000000087600000, 0x0000000087700000, 0x0000000087700000|100%| O|  |TAMS 0x0000000087700000, 0x0000000087600000| Untracked 
| 119|0x0000000087700000, 0x0000000087800000, 0x0000000087800000|100%| O|  |TAMS 0x0000000087800000, 0x0000000087700000| Untracked 
| 120|0x0000000087800000, 0x0000000087900000, 0x0000000087900000|100%| O|  |TAMS 0x0000000087900000, 0x0000000087800000| Untracked 
| 121|0x0000000087900000, 0x0000000087a00000, 0x0000000087a00000|100%| O|  |TAMS 0x0000000087a00000, 0x0000000087900000| Untracked 
| 122|0x0000000087a00000, 0x0000000087b00000, 0x0000000087b00000|100%| O|  |TAMS 0x0000000087b00000, 0x0000000087a00000| Untracked 
| 123|0x0000000087b00000, 0x0000000087c00000, 0x0000000087c00000|100%| O|  |TAMS 0x0000000087c00000, 0x0000000087b00000| Untracked 
| 124|0x0000000087c00000, 0x0000000087d00000, 0x0000000087d00000|100%| O|  |TAMS 0x0000000087d00000, 0x0000000087c00000| Untracked 
| 125|0x0000000087d00000, 0x0000000087e00000, 0x0000000087e00000|100%| O|  |TAMS 0x0000000087e00000, 0x0000000087d00000| Untracked 
| 126|0x0000000087e00000, 0x0000000087f00000, 0x0000000087f00000|100%| O|  |TAMS 0x0000000087f00000, 0x0000000087e00000| Untracked 
| 127|0x0000000087f00000, 0x0000000088000000, 0x0000000088000000|100%| O|  |TAMS 0x0000000088000000, 0x0000000087f00000| Untracked 
| 128|0x0000000088000000, 0x0000000088100000, 0x0000000088100000|100%| O|  |TAMS 0x0000000088100000, 0x0000000088000000| Untracked 
| 129|0x0000000088100000, 0x0000000088200000, 0x0000000088200000|100%| O|  |TAMS 0x0000000088200000, 0x0000000088100000| Updating 
| 130|0x0000000088200000, 0x0000000088300000, 0x0000000088300000|100%| O|  |TAMS 0x0000000088300000, 0x0000000088200000| Untracked 
| 131|0x0000000088300000, 0x0000000088400000, 0x0000000088400000|100%| O|  |TAMS 0x0000000088400000, 0x0000000088300000| Untracked 
| 132|0x0000000088400000, 0x0000000088500000, 0x0000000088500000|100%| O|  |TAMS 0x0000000088500000, 0x0000000088400000| Untracked 
| 133|0x0000000088500000, 0x0000000088600000, 0x0000000088600000|100%| O|  |TAMS 0x0000000088600000, 0x0000000088500000| Untracked 
| 134|0x0000000088600000, 0x0000000088700000, 0x0000000088700000|100%| O|  |TAMS 0x0000000088700000, 0x0000000088600000| Untracked 
| 135|0x0000000088700000, 0x0000000088800000, 0x0000000088800000|100%| O|  |TAMS 0x0000000088800000, 0x0000000088700000| Untracked 
| 136|0x0000000088800000, 0x0000000088900000, 0x0000000088900000|100%| O|  |TAMS 0x0000000088900000, 0x0000000088800000| Untracked 
| 137|0x0000000088900000, 0x0000000088a00000, 0x0000000088a00000|100%| O|  |TAMS 0x0000000088a00000, 0x0000000088900000| Updating 
| 138|0x0000000088a00000, 0x0000000088b00000, 0x0000000088b00000|100%| O|  |TAMS 0x0000000088b00000, 0x0000000088a00000| Updating 
| 139|0x0000000088b00000, 0x0000000088c00000, 0x0000000088c00000|100%| O|  |TAMS 0x0000000088c00000, 0x0000000088b00000| Untracked 
| 140|0x0000000088c00000, 0x0000000088d00000, 0x0000000088d00000|100%| O|  |TAMS 0x0000000088d00000, 0x0000000088c00000| Untracked 
| 141|0x0000000088d00000, 0x0000000088e00000, 0x0000000088e00000|100%| O|  |TAMS 0x0000000088e00000, 0x0000000088d00000| Untracked 
| 142|0x0000000088e00000, 0x0000000088f00000, 0x0000000088f00000|100%| O|  |TAMS 0x0000000088f00000, 0x0000000088e00000| Untracked 
| 143|0x0000000088f00000, 0x0000000089000000, 0x0000000089000000|100%| O|  |TAMS 0x0000000089000000, 0x0000000088f00000| Untracked 
| 144|0x0000000089000000, 0x0000000089100000, 0x0000000089100000|100%| O|  |TAMS 0x0000000089100000, 0x0000000089000000| Untracked 
| 145|0x0000000089100000, 0x0000000089200000, 0x0000000089200000|100%| O|  |TAMS 0x0000000089200000, 0x0000000089100000| Untracked 
| 146|0x0000000089200000, 0x0000000089300000, 0x0000000089300000|100%| O|  |TAMS 0x0000000089300000, 0x0000000089200000| Updating 
| 147|0x0000000089300000, 0x0000000089400000, 0x0000000089400000|100%| O|  |TAMS 0x0000000089400000, 0x0000000089300000| Untracked 
| 148|0x0000000089400000, 0x0000000089500000, 0x0000000089500000|100%| O|  |TAMS 0x0000000089500000, 0x0000000089400000| Untracked 
| 149|0x0000000089500000, 0x0000000089600000, 0x0000000089600000|100%| O|  |TAMS 0x0000000089600000, 0x0000000089500000| Untracked 
| 150|0x0000000089600000, 0x0000000089700000, 0x0000000089700000|100%| O|  |TAMS 0x0000000089700000, 0x0000000089600000| Untracked 
| 151|0x0000000089700000, 0x0000000089800000, 0x0000000089800000|100%| O|  |TAMS 0x0000000089800000, 0x0000000089700000| Untracked 
| 152|0x0000000089800000, 0x0000000089900000, 0x0000000089900000|100%| O|  |TAMS 0x0000000089900000, 0x0000000089800000| Updating 
| 153|0x0000000089900000, 0x0000000089a00000, 0x0000000089a00000|100%| O|  |TAMS 0x0000000089a00000, 0x0000000089900000| Untracked 
| 154|0x0000000089a00000, 0x0000000089b00000, 0x0000000089b00000|100%| O|  |TAMS 0x0000000089b00000, 0x0000000089a00000| Untracked 
| 155|0x0000000089b00000, 0x0000000089c00000, 0x0000000089c00000|100%| O|  |TAMS 0x0000000089c00000, 0x0000000089b00000| Untracked 
| 156|0x0000000089c00000, 0x0000000089d00000, 0x0000000089d00000|100%| O|  |TAMS 0x0000000089d00000, 0x0000000089c00000| Updating 
| 157|0x0000000089d00000, 0x0000000089e00000, 0x0000000089e00000|100%| O|  |TAMS 0x0000000089d8c200, 0x0000000089d00000| Updating 
| 158|0x0000000089e00000, 0x0000000089e36a00, 0x0000000089f00000| 21%| O|  |TAMS 0x0000000089e00000, 0x0000000089e00000| Updating 
| 159|0x0000000089f00000, 0x0000000089f00000, 0x000000008a000000|  0%| F|  |TAMS 0x0000000089f00000, 0x0000000089f00000| Untracked 
| 160|0x000000008a000000, 0x000000008a000000, 0x000000008a100000|  0%| F|  |TAMS 0x000000008a000000, 0x000000008a000000| Untracked 
| 161|0x000000008a100000, 0x000000008a100000, 0x000000008a200000|  0%| F|  |TAMS 0x000000008a100000, 0x000000008a100000| Untracked 
| 162|0x000000008a200000, 0x000000008a200000, 0x000000008a300000|  0%| F|  |TAMS 0x000000008a200000, 0x000000008a200000| Untracked 
| 163|0x000000008a300000, 0x000000008a300000, 0x000000008a400000|  0%| F|  |TAMS 0x000000008a300000, 0x000000008a300000| Untracked 
| 164|0x000000008a400000, 0x000000008a400000, 0x000000008a500000|  0%| F|  |TAMS 0x000000008a400000, 0x000000008a400000| Untracked 
| 165|0x000000008a500000, 0x000000008a500000, 0x000000008a600000|  0%| F|  |TAMS 0x000000008a500000, 0x000000008a500000| Untracked 
| 166|0x000000008a600000, 0x000000008a600000, 0x000000008a700000|  0%| F|  |TAMS 0x000000008a600000, 0x000000008a600000| Untracked 
| 167|0x000000008a700000, 0x000000008a700000, 0x000000008a800000|  0%| F|  |TAMS 0x000000008a700000, 0x000000008a700000| Untracked 
| 168|0x000000008a800000, 0x000000008a800000, 0x000000008a900000|  0%| F|  |TAMS 0x000000008a800000, 0x000000008a800000| Untracked 
| 169|0x000000008a900000, 0x000000008a900000, 0x000000008aa00000|  0%| F|  |TAMS 0x000000008a900000, 0x000000008a900000| Untracked 
| 170|0x000000008aa00000, 0x000000008aa00000, 0x000000008ab00000|  0%| F|  |TAMS 0x000000008aa00000, 0x000000008aa00000| Untracked 
| 171|0x000000008ab00000, 0x000000008ab00000, 0x000000008ac00000|  0%| F|  |TAMS 0x000000008ab00000, 0x000000008ab00000| Untracked 
| 172|0x000000008ac00000, 0x000000008ac00000, 0x000000008ad00000|  0%| F|  |TAMS 0x000000008ac00000, 0x000000008ac00000| Untracked 
| 173|0x000000008ad00000, 0x000000008ad00000, 0x000000008ae00000|  0%| F|  |TAMS 0x000000008ad00000, 0x000000008ad00000| Untracked 
| 174|0x000000008ae00000, 0x000000008ae00000, 0x000000008af00000|  0%| F|  |TAMS 0x000000008ae00000, 0x000000008ae00000| Untracked 
| 175|0x000000008af00000, 0x000000008af00000, 0x000000008b000000|  0%| F|  |TAMS 0x000000008af00000, 0x000000008af00000| Untracked 
| 176|0x000000008b000000, 0x000000008b000000, 0x000000008b100000|  0%| F|  |TAMS 0x000000008b000000, 0x000000008b000000| Untracked 
| 177|0x000000008b100000, 0x000000008b100000, 0x000000008b200000|  0%| F|  |TAMS 0x000000008b100000, 0x000000008b100000| Untracked 
| 178|0x000000008b200000, 0x000000008b200000, 0x000000008b300000|  0%| F|  |TAMS 0x000000008b200000, 0x000000008b200000| Untracked 
| 179|0x000000008b300000, 0x000000008b300000, 0x000000008b400000|  0%| F|  |TAMS 0x000000008b300000, 0x000000008b300000| Untracked 
| 180|0x000000008b400000, 0x000000008b400000, 0x000000008b500000|  0%| F|  |TAMS 0x000000008b400000, 0x000000008b400000| Untracked 
| 181|0x000000008b500000, 0x000000008b500000, 0x000000008b600000|  0%| F|  |TAMS 0x000000008b500000, 0x000000008b500000| Untracked 
| 182|0x000000008b600000, 0x000000008b600000, 0x000000008b700000|  0%| F|  |TAMS 0x000000008b600000, 0x000000008b600000| Untracked 
| 183|0x000000008b700000, 0x000000008b700000, 0x000000008b800000|  0%| F|  |TAMS 0x000000008b700000, 0x000000008b700000| Untracked 
| 184|0x000000008b800000, 0x000000008b900000, 0x000000008b900000|100%| S|CS|TAMS 0x000000008b800000, 0x000000008b800000| Complete 
| 185|0x000000008b900000, 0x000000008ba00000, 0x000000008ba00000|100%| S|CS|TAMS 0x000000008b900000, 0x000000008b900000| Complete 
| 186|0x000000008ba00000, 0x000000008ba00000, 0x000000008bb00000|  0%| F|  |TAMS 0x000000008ba00000, 0x000000008ba00000| Untracked 
| 187|0x000000008bb00000, 0x000000008bb00000, 0x000000008bc00000|  0%| F|  |TAMS 0x000000008bb00000, 0x000000008bb00000| Untracked 
| 188|0x000000008bc00000, 0x000000008bd00000, 0x000000008bd00000|100%| S|CS|TAMS 0x000000008bc00000, 0x000000008bc00000| Complete 
| 189|0x000000008bd00000, 0x000000008bd00000, 0x000000008be00000|  0%| F|  |TAMS 0x000000008bd00000, 0x000000008bd00000| Untracked 
| 190|0x000000008be00000, 0x000000008be5f0c0, 0x000000008bf00000| 37%| E|  |TAMS 0x000000008be00000, 0x000000008be00000| Complete 
| 191|0x000000008bf00000, 0x000000008c000000, 0x000000008c000000|100%| E|CS|TAMS 0x000000008bf00000, 0x000000008bf00000| Complete 
| 192|0x000000008c000000, 0x000000008c100000, 0x000000008c100000|100%| E|  |TAMS 0x000000008c000000, 0x000000008c000000| Complete 
| 193|0x000000008c100000, 0x000000008c200000, 0x000000008c200000|100%| E|CS|TAMS 0x000000008c100000, 0x000000008c100000| Complete 
| 194|0x000000008c200000, 0x000000008c300000, 0x000000008c300000|100%| E|CS|TAMS 0x000000008c200000, 0x000000008c200000| Complete 
| 195|0x000000008c300000, 0x000000008c400000, 0x000000008c400000|100%| E|CS|TAMS 0x000000008c300000, 0x000000008c300000| Complete 
| 196|0x000000008c400000, 0x000000008c500000, 0x000000008c500000|100%| E|CS|TAMS 0x000000008c400000, 0x000000008c400000| Complete 
| 197|0x000000008c500000, 0x000000008c600000, 0x000000008c600000|100%| E|CS|TAMS 0x000000008c500000, 0x000000008c500000| Complete 
| 198|0x000000008c600000, 0x000000008c700000, 0x000000008c700000|100%| E|CS|TAMS 0x000000008c600000, 0x000000008c600000| Complete 
| 199|0x000000008c700000, 0x000000008c800000, 0x000000008c800000|100%| E|CS|TAMS 0x000000008c700000, 0x000000008c700000| Complete 
| 200|0x000000008c800000, 0x000000008c900000, 0x000000008c900000|100%| E|CS|TAMS 0x000000008c800000, 0x000000008c800000| Complete 
| 201|0x000000008c900000, 0x000000008ca00000, 0x000000008ca00000|100%| E|CS|TAMS 0x000000008c900000, 0x000000008c900000| Complete 
| 202|0x000000008ca00000, 0x000000008cb00000, 0x000000008cb00000|100%| E|CS|TAMS 0x000000008ca00000, 0x000000008ca00000| Complete 
| 203|0x000000008cb00000, 0x000000008cc00000, 0x000000008cc00000|100%| E|CS|TAMS 0x000000008cb00000, 0x000000008cb00000| Complete 
| 234|0x000000008ea00000, 0x000000008eb00000, 0x000000008eb00000|100%| E|CS|TAMS 0x000000008ea00000, 0x000000008ea00000| Complete 
| 235|0x000000008eb00000, 0x000000008ec00000, 0x000000008ec00000|100%| E|CS|TAMS 0x000000008eb00000, 0x000000008eb00000| Complete 
| 255|0x000000008ff00000, 0x0000000090000000, 0x0000000090000000|100%| E|CS|TAMS 0x000000008ff00000, 0x000000008ff00000| Complete 

Card table byte_map: [0x00000217729f0000,0x0000021772df0000] _byte_map_base: 0x00000217725f0000

Marking Bits (Prev, Next): (CMBitMap*) 0x0000021759efc670, (CMBitMap*) 0x0000021759efc630
 Prev Bits: [0x00000217751f0000, 0x00000217771f0000)
 Next Bits: [0x00000217731f0000, 0x00000217751f0000)

Polling page: 0x0000021762fa0000

Metaspace:

Usage:
  Non-class:     93.92 MB used.
      Class:     15.05 MB used.
       Both:    108.97 MB used.

Virtual space:
  Non-class space:      128.00 MB reserved,      94.38 MB ( 74%) committed,  2 nodes.
      Class space:        1.00 GB reserved,      15.50 MB (  2%) committed,  1 nodes.
             Both:        1.12 GB reserved,     109.88 MB ( 10%) committed. 

Chunk freelists:
   Non-Class:  1.07 MB
       Class:  365.00 KB
        Both:  1.43 MB

MaxMetaspaceSize: unlimited
CompressedClassSpaceSize: 1.00 GB
Initial GC threshold: 21.00 MB
Current GC threshold: 157.62 MB
CDS: on
MetaspaceReclaimPolicy: balanced
 - commit_granule_bytes: 65536.
 - commit_granule_words: 8192.
 - virtual_space_node_default_size: 8388608.
 - enlarge_chunks_in_place: 1.
 - new_chunks_are_fully_committed: 0.
 - uncommit_free_chunks: 1.
 - use_allocation_guard: 0.
 - handle_deallocations: 1.


Internal statistics:

num_allocs_failed_limit: 6.
num_arena_births: 1440.
num_arena_deaths: 0.
num_vsnodes_births: 3.
num_vsnodes_deaths: 0.
num_space_committed: 1757.
num_space_uncommitted: 0.
num_chunks_returned_to_freelist: 6.
num_chunks_taken_from_freelist: 6201.
num_chunk_merges: 6.
num_chunk_splits: 4083.
num_chunks_enlarged: 2699.
num_inconsistent_stats: 0.

CodeHeap 'non-profiled nmethods': size=120000Kb used=9217Kb max_used=10080Kb free=110782Kb
 bounds [0x000002176aa90000, 0x000002176b470000, 0x0000021771fc0000]
CodeHeap 'profiled nmethods': size=120000Kb used=26688Kb max_used=26688Kb free=93312Kb
 bounds [0x0000021762fc0000, 0x0000021764a10000, 0x000002176a4f0000]
CodeHeap 'non-nmethods': size=5760Kb used=1776Kb max_used=1847Kb free=3983Kb
 bounds [0x000002176a4f0000, 0x000002176a760000, 0x000002176aa90000]
 total_blobs=14633 nmethods=13756 adapters=789
 compilation: enabled
              stopped_count=0, restarted_count=0
 full_count=0

Compilation events (20 events):
Event: 182.153 Thread 0x00000217799c07b0 nmethod 16683 0x000002176b1cb390 code [0x000002176b1cb520, 0x000002176b1cb5b8]
Event: 182.153 Thread 0x00000217799c07b0 16582       4       java.lang.String::valueOf (39 bytes)
Event: 182.157 Thread 0x00000217799c07b0 nmethod 16582 0x000002176b1cae90 code [0x000002176b1cb020, 0x000002176b1cb238]
Event: 182.157 Thread 0x00000217799c07b0 16754       4       com.android.tools.r8.internal.bE::b (17 bytes)
Event: 182.159 Thread 0x00000217799c07b0 nmethod 16754 0x000002176b1cab10 code [0x000002176b1cac80, 0x000002176b1cadd8]
Event: 182.160 Thread 0x00000217799c07b0 16789       4       com.android.tools.r8.graph.q4::p0 (2 bytes)
Event: 182.160 Thread 0x00000217799c07b0 nmethod 16789 0x000002176b1ca810 code [0x000002176b1ca980, 0x000002176b1ca9f8]
Event: 182.160 Thread 0x00000217799c07b0 16686       4       java.lang.String::rangeCheck (9 bytes)
Event: 182.162 Thread 0x00000217799c07b0 nmethod 16686 0x000002176b1ca490 code [0x000002176b1ca620, 0x000002176b1ca6f8]
Event: 182.164 Thread 0x00000217799c07b0 16812       4       com.android.tools.r8.graph.x2::c (62 bytes)
Event: 182.178 Thread 0x00000217799c07b0 nmethod 16812 0x000002176b1c9790 code [0x000002176b1c9960, 0x000002176b1c9fb8]
Event: 182.181 Thread 0x00000217799c07b0 16813       4       com.android.tools.r8.graph.d4::f (61 bytes)
Event: 182.198 Thread 0x000002177987df10 16814       3       com.android.tools.r8.internal.lB::<init> (12 bytes)
Event: 182.199 Thread 0x000002177987df10 nmethod 16814 0x00000217648a9210 code [0x00000217648a93e0, 0x00000217648a96e8]
Event: 182.199 Thread 0x00000217799c07b0 nmethod 16813 0x000002176b1c8690 code [0x000002176b1c8880, 0x000002176b1c9268]
Event: 182.203 Thread 0x00000217799c07b0 16815       4       com.android.tools.r8.graph.J2::Q0 (55 bytes)
Event: 182.205 Thread 0x00000217799c07b0 nmethod 16815 0x000002176b1c8310 code [0x000002176b1c84a0, 0x000002176b1c8578]
Event: 182.216 Thread 0x00000217799c07b0 16816 %     4       com.android.tools.r8.internal.vd::a @ 4047 (4363 bytes)
Event: 182.365 Thread 0x000002177987df10 16821   !   3       com.android.tools.r8.graph.I2::toString (17 bytes)
Event: 182.367 Thread 0x000002177987df10 nmethod 16821 0x0000021763ff5090 code [0x0000021763ff5240, 0x0000021763ff5458]

GC Heap History (20 events):
Event: 57.295 GC heap before
{Heap before GC invocations=71 (full 0):
 garbage-first heap   total 211968K, used 176779K [0x0000000080000000, 0x0000000100000000)
  region size 1024K, 53 young (54272K), 7 survivors (7168K)
 Metaspace       used 98018K, committed 98880K, reserved 1179648K
  class space    used 13576K, committed 13952K, reserved 1048576K
}
Event: 57.303 GC heap after
{Heap after GC invocations=72 (full 0):
 garbage-first heap   total 211968K, used 130326K [0x0000000080000000, 0x0000000100000000)
  region size 1024K, 4 young (4096K), 4 survivors (4096K)
 Metaspace       used 98018K, committed 98880K, reserved 1179648K
  class space    used 13576K, committed 13952K, reserved 1048576K
}
Event: 58.257 GC heap before
{Heap before GC invocations=72 (full 0):
 garbage-first heap   total 211968K, used 177430K [0x0000000080000000, 0x0000000100000000)
  region size 1024K, 51 young (52224K), 4 survivors (4096K)
 Metaspace       used 98153K, committed 99008K, reserved 1179648K
  class space    used 13593K, committed 14016K, reserved 1048576K
}
Event: 58.269 GC heap after
{Heap after GC invocations=73 (full 0):
 garbage-first heap   total 211968K, used 132768K [0x0000000080000000, 0x0000000100000000)
  region size 1024K, 6 young (6144K), 6 survivors (6144K)
 Metaspace       used 98153K, committed 99008K, reserved 1179648K
  class space    used 13593K, committed 14016K, reserved 1048576K
}
Event: 60.714 GC heap before
{Heap before GC invocations=73 (full 0):
 garbage-first heap   total 211968K, used 177824K [0x0000000080000000, 0x0000000100000000)
  region size 1024K, 51 young (52224K), 6 survivors (6144K)
 Metaspace       used 100822K, committed 101696K, reserved 1179648K
  class space    used 13901K, committed 14336K, reserved 1048576K
}
Event: 60.726 GC heap after
{Heap after GC invocations=74 (full 0):
 garbage-first heap   total 211968K, used 136102K [0x0000000080000000, 0x0000000100000000)
  region size 1024K, 6 young (6144K), 6 survivors (6144K)
 Metaspace       used 100822K, committed 101696K, reserved 1179648K
  class space    used 13901K, committed 14336K, reserved 1048576K
}
Event: 177.345 GC heap before
{Heap before GC invocations=74 (full 0):
 garbage-first heap   total 211968K, used 179110K [0x0000000080000000, 0x0000000100000000)
  region size 1024K, 49 young (50176K), 6 survivors (6144K)
 Metaspace       used 102409K, committed 103360K, reserved 1179648K
  class space    used 14119K, committed 14592K, reserved 1048576K
}
Event: 177.355 GC heap after
{Heap after GC invocations=75 (full 0):
 garbage-first heap   total 211968K, used 137456K [0x0000000080000000, 0x0000000100000000)
  region size 1024K, 5 young (5120K), 5 survivors (5120K)
 Metaspace       used 102409K, committed 103360K, reserved 1179648K
  class space    used 14119K, committed 14592K, reserved 1048576K
}
Event: 179.400 GC heap before
{Heap before GC invocations=75 (full 0):
 garbage-first heap   total 211968K, used 183536K [0x0000000080000000, 0x0000000100000000)
  region size 1024K, 47 young (48128K), 5 survivors (5120K)
 Metaspace       used 104175K, committed 105024K, reserved 1179648K
  class space    used 14358K, committed 14784K, reserved 1048576K
}
Event: 179.410 GC heap after
{Heap after GC invocations=76 (full 0):
 garbage-first heap   total 211968K, used 141501K [0x0000000080000000, 0x0000000100000000)
  region size 1024K, 6 young (6144K), 6 survivors (6144K)
 Metaspace       used 104175K, committed 105024K, reserved 1179648K
  class space    used 14358K, committed 14784K, reserved 1048576K
}
Event: 180.314 GC heap before
{Heap before GC invocations=76 (full 0):
 garbage-first heap   total 211968K, used 179389K [0x0000000080000000, 0x0000000100000000)
  region size 1024K, 44 young (45056K), 6 survivors (6144K)
 Metaspace       used 106937K, committed 107904K, reserved 1179648K
  class space    used 14756K, committed 15232K, reserved 1048576K
}
Event: 180.325 GC heap after
{Heap after GC invocations=77 (full 0):
 garbage-first heap   total 211968K, used 147682K [0x0000000080000000, 0x0000000100000000)
  region size 1024K, 6 young (6144K), 6 survivors (6144K)
 Metaspace       used 106937K, committed 107904K, reserved 1179648K
  class space    used 14756K, committed 15232K, reserved 1048576K
}
Event: 180.754 GC heap before
{Heap before GC invocations=77 (full 0):
 garbage-first heap   total 211968K, used 178402K [0x0000000080000000, 0x0000000100000000)
  region size 1024K, 37 young (37888K), 6 survivors (6144K)
 Metaspace       used 107511K, committed 108416K, reserved 1179648K
  class space    used 14798K, committed 15232K, reserved 1048576K
}
Event: 180.775 GC heap after
{Heap after GC invocations=78 (full 0):
 garbage-first heap   total 211968K, used 156098K [0x0000000080000000, 0x0000000100000000)
  region size 1024K, 5 young (5120K), 5 survivors (5120K)
 Metaspace       used 107511K, committed 108416K, reserved 1179648K
  class space    used 14798K, committed 15232K, reserved 1048576K
}
Event: 180.912 GC heap before
{Heap before GC invocations=78 (full 0):
 garbage-first heap   total 211968K, used 178626K [0x0000000080000000, 0x0000000100000000)
  region size 1024K, 27 young (27648K), 5 survivors (5120K)
 Metaspace       used 107695K, committed 108672K, reserved 1179648K
  class space    used 14824K, committed 15296K, reserved 1048576K
}
Event: 180.928 GC heap after
{Heap after GC invocations=79 (full 0):
 garbage-first heap   total 211968K, used 160768K [0x0000000080000000, 0x0000000100000000)
  region size 1024K, 4 young (4096K), 4 survivors (4096K)
 Metaspace       used 107695K, committed 108672K, reserved 1179648K
  class space    used 14824K, committed 15296K, reserved 1048576K
}
Event: 181.489 GC heap before
{Heap before GC invocations=79 (full 0):
 garbage-first heap   total 211968K, used 179200K [0x0000000080000000, 0x0000000100000000)
  region size 1024K, 23 young (23552K), 4 survivors (4096K)
 Metaspace       used 109641K, committed 110592K, reserved 1179648K
  class space    used 15161K, committed 15616K, reserved 1048576K
}
Event: 181.505 GC heap after
{Heap after GC invocations=80 (full 0):
 garbage-first heap   total 211968K, used 163376K [0x0000000080000000, 0x0000000100000000)
  region size 1024K, 2 young (2048K), 2 survivors (2048K)
 Metaspace       used 109641K, committed 110592K, reserved 1179648K
  class space    used 15161K, committed 15616K, reserved 1048576K
}
Event: 181.817 GC heap before
{Heap before GC invocations=80 (full 0):
 garbage-first heap   total 211968K, used 181808K [0x0000000080000000, 0x0000000100000000)
  region size 1024K, 20 young (20480K), 2 survivors (2048K)
 Metaspace       used 110366K, committed 111296K, reserved 1179648K
  class space    used 15263K, committed 15680K, reserved 1048576K
}
Event: 181.829 GC heap after
{Heap after GC invocations=81 (full 0):
 garbage-first heap   total 211968K, used 165082K [0x0000000080000000, 0x0000000100000000)
  region size 1024K, 3 young (3072K), 3 survivors (3072K)
 Metaspace       used 110366K, committed 111296K, reserved 1179648K
  class space    used 15263K, committed 15680K, reserved 1048576K
}

Dll operation events (16 events):
Event: 0.028 Loaded shared library C:\Program Files\Eclipse Adoptium\jdk-17.0.16.8-hotspot\bin\java.dll
Event: 0.062 Loaded shared library C:\Program Files\Eclipse Adoptium\jdk-17.0.16.8-hotspot\bin\jsvml.dll
Event: 0.150 Loaded shared library C:\Program Files\Eclipse Adoptium\jdk-17.0.16.8-hotspot\bin\zip.dll
Event: 0.156 Loaded shared library C:\Program Files\Eclipse Adoptium\jdk-17.0.16.8-hotspot\bin\instrument.dll
Event: 0.166 Loaded shared library C:\Program Files\Eclipse Adoptium\jdk-17.0.16.8-hotspot\bin\net.dll
Event: 0.169 Loaded shared library C:\Program Files\Eclipse Adoptium\jdk-17.0.16.8-hotspot\bin\nio.dll
Event: 0.173 Loaded shared library C:\Program Files\Eclipse Adoptium\jdk-17.0.16.8-hotspot\bin\zip.dll
Event: 0.656 Loaded shared library C:\Program Files\Eclipse Adoptium\jdk-17.0.16.8-hotspot\bin\jimage.dll
Event: 1.045 Loaded shared library C:\Program Files\Eclipse Adoptium\jdk-17.0.16.8-hotspot\bin\verify.dll
Event: 1.526 Loaded shared library C:\Users\HP\.gradle\native\c067742578af261105cb4f569cf0c3c89f3d7b1fecec35dd04571415982c5e48\windows-amd64\native-platform.dll
Event: 1.533 Loaded shared library C:\Users\HP\.gradle\native\100fb08df4bc3b14c8652ba06237920a3bd2aa13389f12d3474272988ae205f9\windows-amd64\native-platform-file-events.dll
Event: 3.769 Loaded shared library C:\Program Files\Eclipse Adoptium\jdk-17.0.16.8-hotspot\bin\management.dll
Event: 3.776 Loaded shared library C:\Program Files\Eclipse Adoptium\jdk-17.0.16.8-hotspot\bin\management_ext.dll
Event: 4.295 Loaded shared library C:\Program Files\Eclipse Adoptium\jdk-17.0.16.8-hotspot\bin\extnet.dll
Event: 4.916 Loaded shared library C:\Program Files\Eclipse Adoptium\jdk-17.0.16.8-hotspot\bin\sunmscapi.dll
Event: 62.229 Loaded shared library C:\Program Files\Eclipse Adoptium\jdk-17.0.16.8-hotspot\bin\rmi.dll

Deoptimization events (20 events):
Event: 181.869 Thread 0x0000021744669190 DEOPT PACKING pc=0x00000217642376c0 sp=0x0000007be35fc7f0
Event: 181.869 Thread 0x0000021744669190 DEOPT UNPACKING pc=0x000002176a547143 sp=0x0000007be35fbd18 mode 0
Event: 181.870 Thread 0x0000021745f14910 DEOPT PACKING pc=0x00000217642376f0 sp=0x0000007bde6fc750
Event: 181.870 Thread 0x0000021745f14910 DEOPT UNPACKING pc=0x000002176a547143 sp=0x0000007bde6fbc78 mode 0
Event: 181.870 Thread 0x0000021745f14910 DEOPT PACKING pc=0x00000217642376f0 sp=0x0000007bde6fc700
Event: 181.870 Thread 0x0000021745f14910 DEOPT UNPACKING pc=0x000002176a547143 sp=0x0000007bde6fbc28 mode 0
Event: 181.880 Thread 0x0000021744669190 DEOPT PACKING pc=0x00000217642376f0 sp=0x0000007be35fc8f0
Event: 181.880 Thread 0x0000021744669190 DEOPT UNPACKING pc=0x000002176a547143 sp=0x0000007be35fbe18 mode 0
Event: 181.881 Thread 0x0000021744669190 DEOPT PACKING pc=0x00000217642376f0 sp=0x0000007be35fc7f0
Event: 181.881 Thread 0x0000021744669190 DEOPT UNPACKING pc=0x000002176a547143 sp=0x0000007be35fbd18 mode 0
Event: 181.882 Thread 0x0000021744669190 DEOPT PACKING pc=0x00000217642376f0 sp=0x0000007be35fc7f0
Event: 181.882 Thread 0x0000021744669190 DEOPT UNPACKING pc=0x000002176a547143 sp=0x0000007be35fbd18 mode 0
Event: 181.898 Thread 0x0000021745f14910 DEOPT PACKING pc=0x00000217642376c0 sp=0x0000007bde6fc620
Event: 181.898 Thread 0x0000021745f14910 DEOPT UNPACKING pc=0x000002176a547143 sp=0x0000007bde6fbb48 mode 0
Event: 181.913 Thread 0x0000021745f14910 DEOPT PACKING pc=0x00000217642376f0 sp=0x0000007bde6fc770
Event: 181.913 Thread 0x0000021745f14910 DEOPT UNPACKING pc=0x000002176a547143 sp=0x0000007bde6fbc98 mode 0
Event: 182.265 Thread 0x0000021745f18ae0 Uncommon trap: trap_request=0xffffff45 fr.pc=0x000002176b32dd64 relative=0x00000000000000c4
Event: 182.265 Thread 0x0000021745f18ae0 Uncommon trap: reason=unstable_if action=reinterpret pc=0x000002176b32dd64 method=com.android.tools.r8.utils.w.b(Lcom/android/tools/r8/internal/A2;)Z @ 53 c2
Event: 182.265 Thread 0x0000021745f18ae0 DEOPT PACKING pc=0x000002176b32dd64 sp=0x0000007bde8fdd10
Event: 182.265 Thread 0x0000021745f18ae0 DEOPT UNPACKING pc=0x000002176a5469a3 sp=0x0000007bde8fdcb0 mode 2

Classes loaded (20 events):
Event: 177.357 Loading class sun/rmi/transport/DGCClient$EndpointEntry$CleanRequest
Event: 177.357 Loading class sun/rmi/transport/DGCClient$EndpointEntry$CleanRequest done
Event: 178.627 Loading class java/util/zip/ZipOutputStream
Event: 178.627 Loading class java/util/zip/ZipOutputStream done
Event: 178.860 Loading class java/nio/file/Files$2
Event: 178.860 Loading class java/nio/file/Files$2 done
Event: 178.939 Loading class sun/nio/fs/Globs
Event: 178.939 Loading class sun/nio/fs/Globs done
Event: 178.939 Loading class java/util/regex/Pattern$SliceU
Event: 178.939 Loading class java/util/regex/Pattern$SliceU done
Event: 178.940 Loading class sun/nio/fs/WindowsFileSystem$2
Event: 178.940 Loading class sun/nio/fs/WindowsFileSystem$2 done
Event: 178.944 Loading class java/nio/file/FileTreeIterator
Event: 178.944 Loading class java/nio/file/FileTreeIterator done
Event: 179.354 Loading class java/io/UTFDataFormatException
Event: 179.354 Loading class java/io/UTFDataFormatException done
Event: 179.651 Loading class java/util/concurrent/RejectedExecutionException
Event: 179.651 Loading class java/util/concurrent/RejectedExecutionException done
Event: 180.601 Loading class java/util/concurrent/ConcurrentLinkedQueue$Itr
Event: 180.601 Loading class java/util/concurrent/ConcurrentLinkedQueue$Itr done

Classes unloaded (0 events):
No events

Classes redefined (0 events):
No events

Internal exceptions (20 events):
Event: 178.861 Thread 0x00000217441e66b0 Exception <a 'sun/nio/fs/WindowsException'{0x000000008c1250a8}> (0x000000008c1250a8) 
thrown [s\src\hotspot\share\prims\jni.cpp, line 516]
Event: 178.862 Thread 0x00000217441e66b0 Exception <a 'sun/nio/fs/WindowsException'{0x000000008c126398}> (0x000000008c126398) 
thrown [s\src\hotspot\share\prims\jni.cpp, line 516]
Event: 178.863 Thread 0x00000217441e66b0 Exception <a 'sun/nio/fs/WindowsException'{0x000000008c128648}> (0x000000008c128648) 
thrown [s\src\hotspot\share\prims\jni.cpp, line 516]
Event: 178.864 Thread 0x00000217441e66b0 Exception <a 'sun/nio/fs/WindowsException'{0x000000008c1296d0}> (0x000000008c1296d0) 
thrown [s\src\hotspot\share\prims\jni.cpp, line 516]
Event: 178.865 Thread 0x00000217441e66b0 Exception <a 'sun/nio/fs/WindowsException'{0x000000008c12bdd0}> (0x000000008c12bdd0) 
thrown [s\src\hotspot\share\prims\jni.cpp, line 516]
Event: 178.866 Thread 0x00000217441e66b0 Exception <a 'sun/nio/fs/WindowsException'{0x000000008c12d1d0}> (0x000000008c12d1d0) 
thrown [s\src\hotspot\share\prims\jni.cpp, line 516]
Event: 178.870 Thread 0x00000217441e66b0 Exception <a 'sun/nio/fs/WindowsException'{0x000000008c131650}> (0x000000008c131650) 
thrown [s\src\hotspot\share\prims\jni.cpp, line 516]
Event: 178.872 Thread 0x00000217441e66b0 Exception <a 'sun/nio/fs/WindowsException'{0x000000008c132c00}> (0x000000008c132c00) 
thrown [s\src\hotspot\share\prims\jni.cpp, line 516]
Event: 178.904 Thread 0x00000217441e66b0 Exception <a 'java/lang/NoSuchMethodError'{0x000000008c040738}: static Lcom/android/build/gradle/internal/tasks/DexArchiveBuilderTaskDelegate$ClasspathServiceKey;.<clinit>()V> (0x000000008c040738) 
thrown [s\src\hotspot\share\prims\jni.cpp, line 1112]
Event: 179.970 Thread 0x0000021745f14910 Exception <a 'java/lang/NoSuchMethodError'{0x000000008b5b32e0}: 'java.lang.Object java.lang.invoke.DirectMethodHandle$Holder.invokeStaticInit(java.lang.Object, java.lang.Object, java.lang.Object, java.lang.Object, java.lang.Object, java.lang.Object, java.lang.Object, java.lang.Object, java.lang.Object, java.lang.Object, java.lang.Object, java.lang.Object, java.lang.Object, java.lang.Object, java.lang.Object, java.lang.Object, java.lang.Object, java.lang.Object, java.lang.Object, java.lang.Object, int, java
Event: 180.076 Thread 0x0000021745f12fc0 Exception <a 'java/lang/IncompatibleClassChangeError'{0x000000008b27ca80}: Found class java.lang.Object, but interface was expected> (0x000000008b27ca80) 
thrown [s\src\hotspot\share\interpreter\linkResolver.cpp, line 826]
Event: 180.076 Thread 0x0000021745f18ae0 Exception <a 'java/lang/IncompatibleClassChangeError'{0x000000008b2c1fb8}: Found class java.lang.Object, but interface was expected> (0x000000008b2c1fb8) 
thrown [s\src\hotspot\share\interpreter\linkResolver.cpp, line 826]
Event: 181.239 Thread 0x0000021745f14910 Exception <a 'java/lang/IncompatibleClassChangeError'{0x000000008c52ae70}: Found class java.lang.Object, but interface was expected> (0x000000008c52ae70) 
thrown [s\src\hotspot\share\interpreter\linkResolver.cpp, line 826]
Event: 181.239 Thread 0x0000021744669190 Exception <a 'java/lang/IncompatibleClassChangeError'{0x000000008c55b788}: Found class java.lang.Object, but interface was expected> (0x000000008c55b788) 
thrown [s\src\hotspot\share\interpreter\linkResolver.cpp, line 826]
Event: 181.241 Thread 0x0000021745f12fc0 Exception <a 'java/lang/NoSuchMethodError'{0x000000008c591498}: 'void java.lang.invoke.DirectMethodHandle$Holder.invokeInterface(java.lang.Object, java.lang.Object, java.lang.Object, int)'> (0x000000008c591498) 
thrown [s\src\hotspot\share\interpreter\linkResolver.cpp, line 759]
Event: 181.242 Thread 0x0000021745f14910 Exception <a 'java/lang/NoSuchMethodError'{0x000000008c561080}: 'void java.lang.invoke.DirectMethodHandle$Holder.invokeInterface(java.lang.Object, java.lang.Object, java.lang.Object, int)'> (0x000000008c561080) 
thrown [s\src\hotspot\share\interpreter\linkResolver.cpp, line 759]
Event: 181.242 Thread 0x0000021745f18ae0 Exception <a 'java/lang/NoSuchMethodError'{0x000000008c50b388}: 'void java.lang.invoke.DirectMethodHandle$Holder.invokeInterface(java.lang.Object, java.lang.Object, java.lang.Object, int)'> (0x000000008c50b388) 
thrown [s\src\hotspot\share\interpreter\linkResolver.cpp, line 759]
Event: 182.363 Thread 0x0000021745f12fc0 Exception <a 'java/lang/NoSuchMethodError'{0x000000008be14468}: 'java.lang.Object java.lang.invoke.DirectMethodHandle$Holder.invokeStatic(java.lang.Object, int, java.lang.Object, java.lang.Object)'> (0x000000008be14468) 
thrown [s\src\hotspot\share\interpreter\linkResolver.cpp, line 759]
Event: 182.364 Thread 0x0000021745f18ae0 Exception <a 'java/lang/NoSuchMethodError'{0x000000008bffda50}: 'java.lang.Object java.lang.invoke.DirectMethodHandle$Holder.invokeStatic(java.lang.Object, int, java.lang.Object, java.lang.Object)'> (0x000000008bffda50) 
thrown [s\src\hotspot\share\interpreter\linkResolver.cpp, line 759]
Event: 182.364 Thread 0x0000021744669190 Exception <a 'java/lang/NoSuchMethodError'{0x000000008be27a98}: 'java.lang.Object java.lang.invoke.DirectMethodHandle$Holder.invokeStatic(java.lang.Object, int, java.lang.Object, java.lang.Object)'> (0x000000008be27a98) 
thrown [s\src\hotspot\share\interpreter\linkResolver.cpp, line 759]

VM Operations (20 events):
Event: 181.414 Executing VM operation: HandshakeAllThreads done
Event: 181.415 Executing VM operation: HandshakeAllThreads
Event: 181.416 Executing VM operation: HandshakeAllThreads done
Event: 181.485 Executing VM operation: G1CollectForAllocation
Event: 181.505 Executing VM operation: G1CollectForAllocation done
Event: 181.589 Executing VM operation: HandshakeAllThreads
Event: 181.592 Executing VM operation: HandshakeAllThreads done
Event: 181.621 Executing VM operation: HandshakeAllThreads
Event: 181.621 Executing VM operation: HandshakeAllThreads done
Event: 181.670 Executing VM operation: HandshakeAllThreads
Event: 181.670 Executing VM operation: HandshakeAllThreads done
Event: 181.816 Executing VM operation: HandshakeAllThreads
Event: 181.817 Executing VM operation: HandshakeAllThreads done
Event: 181.817 Executing VM operation: G1CollectForAllocation
Event: 181.829 Executing VM operation: G1CollectForAllocation done
Event: 181.868 Executing VM operation: HandshakeAllThreads
Event: 181.870 Executing VM operation: HandshakeAllThreads done
Event: 181.898 Executing VM operation: HandshakeAllThreads
Event: 181.915 Executing VM operation: HandshakeAllThreads done
Event: 182.369 Executing VM operation: G1PauseRemark

Memory protections (0 events):
No events

Nmethod flushes (20 events):
Event: 179.564 Thread 0x00000217799d7970 flushing  nmethod 0x00000217646c4390
Event: 179.564 Thread 0x00000217799d7970 flushing  nmethod 0x00000217646e5810
Event: 179.564 Thread 0x00000217799d7970 flushing  nmethod 0x00000217646eb290
Event: 179.564 Thread 0x00000217799d7970 flushing  nmethod 0x00000217646eb810
Event: 179.564 Thread 0x00000217799d7970 flushing  nmethod 0x00000217646ec110
Event: 179.564 Thread 0x00000217799d7970 flushing  nmethod 0x00000217646ec890
Event: 179.564 Thread 0x00000217799d7970 flushing  nmethod 0x00000217646fd090
Event: 179.564 Thread 0x00000217799d7970 flushing  nmethod 0x0000021764730410
Event: 179.565 Thread 0x00000217799d7970 flushing  nmethod 0x000002176479ee10
Event: 179.565 Thread 0x00000217799d7970 flushing  nmethod 0x00000217647eab10
Event: 179.566 Thread 0x00000217799d7970 flushing  nmethod 0x0000021764859590
Event: 179.566 Thread 0x00000217799d7970 flushing  nmethod 0x0000021764897310
Event: 179.566 Thread 0x00000217799d7970 flushing  nmethod 0x00000217648a7290
Event: 179.566 Thread 0x00000217799d7970 flushing  nmethod 0x00000217648a9210
Event: 179.566 Thread 0x00000217799d7970 flushing  nmethod 0x00000217648ac010
Event: 179.566 Thread 0x00000217799d7970 flushing  nmethod 0x00000217648ac790
Event: 179.566 Thread 0x00000217799d7970 flushing  nmethod 0x00000217648ad510
Event: 179.566 Thread 0x00000217799d7970 flushing  nmethod 0x00000217648add90
Event: 179.567 Thread 0x00000217799d7970 flushing  nmethod 0x0000021764978a10
Event: 179.567 Thread 0x00000217799d7970 flushing  nmethod 0x000002176497ba90

Events (20 events):
Event: 60.645 Thread 0x00000217441e8510 Thread added: 0x0000021745f14910
Event: 60.808 Thread 0x0000021745f12fc0 Thread added: 0x0000021745f1a430
Event: 62.013 Thread 0x0000021745f1a430 Thread exited: 0x0000021745f1a430
Event: 62.213 Thread 0x0000021745f12fc0 Thread added: 0x0000021745f185d0
Event: 62.226 Thread 0x0000021745f12fc0 Thread added: 0x0000021745f19500
Event: 62.230 Thread 0x0000021745f12fc0 Thread added: 0x0000021745f19f20
Event: 62.343 Thread 0x0000021745f12fc0 Thread added: 0x0000021745f1a430
Event: 62.344 Thread 0x0000021745f12fc0 Thread added: 0x0000021745f18ff0
Event: 62.474 Thread 0x0000021745f1a430 Thread added: 0x0000021745f176a0
Event: 137.492 Thread 0x0000021745f176a0 Thread exited: 0x0000021745f176a0
Event: 171.780 Thread 0x0000021745f1a430 Thread added: 0x0000021745f176a0
Event: 172.585 Thread 0x00000217799c07b0 Thread added: 0x000002174443dad0
Event: 174.911 Thread 0x000002174443dad0 Thread exited: 0x000002174443dad0
Event: 176.095 Thread 0x000002177987df10 Thread added: 0x000002174443ab00
Event: 176.403 Thread 0x000002174443ab00 Thread exited: 0x000002174443ab00
Event: 177.246 Thread 0x000002177987df10 Thread added: 0x000002174443b5a0
Event: 177.363 Thread 0x0000021745f19500 Thread exited: 0x0000021745f19500
Event: 177.818 Thread 0x000002174443b5a0 Thread exited: 0x000002174443b5a0
Event: 178.912 Thread 0x00000217441e66b0 Thread added: 0x0000021745f18ae0
Event: 179.139 Thread 0x00000217799c07b0 Thread added: 0x000002174443dad0


Dynamic libraries:
0x00007ff7b20b0000 - 0x00007ff7b20be000 	C:\Program Files\Eclipse Adoptium\jdk-17.0.16.8-hotspot\bin\java.exe
0x00007ffae7560000 - 0x00007ffae77c7000 	C:\WINDOWS\SYSTEM32\ntdll.dll
0x00007ffae61e0000 - 0x00007ffae62a9000 	C:\WINDOWS\System32\KERNEL32.DLL
0x00007ffae4ee0000 - 0x00007ffae52d7000 	C:\WINDOWS\System32\KERNELBASE.dll
0x00007ffae48b0000 - 0x00007ffae49fb000 	C:\WINDOWS\System32\ucrtbase.dll
0x00007ffadf3c0000 - 0x00007ffadf3d7000 	C:\Program Files\Eclipse Adoptium\jdk-17.0.16.8-hotspot\bin\jli.dll
0x00007ffae71a0000 - 0x00007ffae7366000 	C:\WINDOWS\System32\USER32.dll
0x00007ffae4eb0000 - 0x00007ffae4ed7000 	C:\WINDOWS\System32\win32u.dll
0x00007ffae5940000 - 0x00007ffae596b000 	C:\WINDOWS\System32\GDI32.dll
0x00007ffadd340000 - 0x00007ffadd35e000 	C:\Program Files\Eclipse Adoptium\jdk-17.0.16.8-hotspot\bin\VCRUNTIME140.dll
0x00007ffae4d80000 - 0x00007ffae4eac000 	C:\WINDOWS\System32\gdi32full.dll
0x00007ffae4cd0000 - 0x00007ffae4d73000 	C:\WINDOWS\System32\msvcp_win.dll
0x00007ffaceed0000 - 0x00007ffacf162000 	C:\WINDOWS\WinSxS\amd64_microsoft.windows.common-controls_6595b64144ccf1df_6.0.26100.8328_none_3e08182ce334b678\COMCTL32.dll
0x00007ffae6d70000 - 0x00007ffae6e19000 	C:\WINDOWS\System32\msvcrt.dll
0x00007ffae6e20000 - 0x00007ffae6e52000 	C:\WINDOWS\System32\IMM32.DLL
0x00007ffae21c0000 - 0x00007ffae21cc000 	C:\Program Files\Eclipse Adoptium\jdk-17.0.16.8-hotspot\bin\vcruntime140_1.dll
0x00007ffaccd60000 - 0x00007ffaccded000 	C:\Program Files\Eclipse Adoptium\jdk-17.0.16.8-hotspot\bin\msvcp140.dll
0x00007ffa7b4f0000 - 0x00007ffa7c15b000 	C:\Program Files\Eclipse Adoptium\jdk-17.0.16.8-hotspot\bin\server\jvm.dll
0x00007ffae5870000 - 0x00007ffae5926000 	C:\WINDOWS\System32\ADVAPI32.dll
0x00007ffae6cc0000 - 0x00007ffae6d67000 	C:\WINDOWS\System32\sechost.dll
0x00007ffae7370000 - 0x00007ffae7488000 	C:\WINDOWS\System32\RPCRT4.dll
0x00007ffae7490000 - 0x00007ffae7510000 	C:\WINDOWS\System32\WS2_32.dll
0x00007ffac13a0000 - 0x00007ffac13d6000 	C:\WINDOWS\SYSTEM32\WINMM.dll
0x00007ffae2100000 - 0x00007ffae210b000 	C:\WINDOWS\SYSTEM32\VERSION.dll
0x00007ffae3df0000 - 0x00007ffae3e4e000 	C:\WINDOWS\SYSTEM32\POWRPROF.dll
0x00007ffae3dd0000 - 0x00007ffae3de4000 	C:\WINDOWS\SYSTEM32\UMPDC.dll
0x00007ffae2ce0000 - 0x00007ffae2cfb000 	C:\WINDOWS\SYSTEM32\kernel.appcore.dll
0x00007ffae2120000 - 0x00007ffae212a000 	C:\Program Files\Eclipse Adoptium\jdk-17.0.16.8-hotspot\bin\jimage.dll
0x00007ffad5f10000 - 0x00007ffad6152000 	C:\WINDOWS\SYSTEM32\DBGHELP.DLL
0x00007ffae5a00000 - 0x00007ffae5d83000 	C:\WINDOWS\System32\combase.dll
0x00007ffae6080000 - 0x00007ffae6159000 	C:\WINDOWS\System32\OLEAUT32.dll
0x00007ffac3e00000 - 0x00007ffac3e3b000 	C:\WINDOWS\SYSTEM32\dbgcore.DLL
0x00007ffae4800000 - 0x00007ffae48a8000 	C:\WINDOWS\System32\bcryptPrimitives.dll
0x00007fface560000 - 0x00007fface56e000 	C:\Program Files\Eclipse Adoptium\jdk-17.0.16.8-hotspot\bin\instrument.dll
0x00007ffad36d0000 - 0x00007ffad36f5000 	C:\Program Files\Eclipse Adoptium\jdk-17.0.16.8-hotspot\bin\java.dll
0x00007ffaaf490000 - 0x00007ffaaf567000 	C:\Program Files\Eclipse Adoptium\jdk-17.0.16.8-hotspot\bin\jsvml.dll
0x00007ffae62b0000 - 0x00007ffae6a1e000 	C:\WINDOWS\System32\SHELL32.dll
0x00007ffae3f90000 - 0x00007ffae47fc000 	C:\WINDOWS\System32\windows.storage.dll
0x00007ffae52e0000 - 0x00007ffae53d6000 	C:\WINDOWS\System32\SHCORE.dll
0x00007ffae5d90000 - 0x00007ffae5df6000 	C:\WINDOWS\System32\shlwapi.dll
0x00007ffae3eb0000 - 0x00007ffae3ed9000 	C:\WINDOWS\SYSTEM32\profapi.dll
0x00007fface570000 - 0x00007fface588000 	C:\Program Files\Eclipse Adoptium\jdk-17.0.16.8-hotspot\bin\zip.dll
0x00007ffadd320000 - 0x00007ffadd339000 	C:\Program Files\Eclipse Adoptium\jdk-17.0.16.8-hotspot\bin\net.dll
0x00007ffad57f0000 - 0x00007ffad5919000 	C:\WINDOWS\SYSTEM32\WINHTTP.dll
0x00007ffae3230000 - 0x00007ffae329c000 	C:\WINDOWS\system32\mswsock.dll
0x00007fface590000 - 0x00007fface5a6000 	C:\Program Files\Eclipse Adoptium\jdk-17.0.16.8-hotspot\bin\nio.dll
0x00007ffadf3b0000 - 0x00007ffadf3c0000 	C:\Program Files\Eclipse Adoptium\jdk-17.0.16.8-hotspot\bin\verify.dll
0x00007ffaa3cb0000 - 0x00007ffaa3cd7000 	C:\Users\HP\.gradle\native\c067742578af261105cb4f569cf0c3c89f3d7b1fecec35dd04571415982c5e48\windows-amd64\native-platform.dll
0x00007ffaaf340000 - 0x00007ffaaf484000 	C:\Users\HP\.gradle\native\100fb08df4bc3b14c8652ba06237920a3bd2aa13389f12d3474272988ae205f9\windows-amd64\native-platform-file-events.dll
0x00007ffadcfc0000 - 0x00007ffadcfca000 	C:\Program Files\Eclipse Adoptium\jdk-17.0.16.8-hotspot\bin\management.dll
0x00007ffad3840000 - 0x00007ffad384b000 	C:\Program Files\Eclipse Adoptium\jdk-17.0.16.8-hotspot\bin\management_ext.dll
0x00007ffae5930000 - 0x00007ffae5938000 	C:\WINDOWS\System32\PSAPI.DLL
0x00007ffae3630000 - 0x00007ffae364b000 	C:\WINDOWS\SYSTEM32\CRYPTSP.dll
0x00007ffae2c40000 - 0x00007ffae2c79000 	C:\WINDOWS\system32\rsaenh.dll
0x00007ffae32e0000 - 0x00007ffae3313000 	C:\WINDOWS\SYSTEM32\USERENV.dll
0x00007ffae3e80000 - 0x00007ffae3eaa000 	C:\WINDOWS\SYSTEM32\bcrypt.dll
0x00007ffae3490000 - 0x00007ffae349c000 	C:\WINDOWS\SYSTEM32\CRYPTBASE.dll
0x00007ffae2720000 - 0x00007ffae2752000 	C:\WINDOWS\SYSTEM32\IPHLPAPI.DLL
0x00007ffae5980000 - 0x00007ffae598a000 	C:\WINDOWS\System32\NSI.dll
0x00007ffad59e0000 - 0x00007ffad59fd000 	C:\WINDOWS\SYSTEM32\dhcpcsvc6.DLL
0x00007ffad5600000 - 0x00007ffad5625000 	C:\WINDOWS\SYSTEM32\dhcpcsvc.DLL
0x00007ffae27c0000 - 0x00007ffae28f2000 	C:\WINDOWS\SYSTEM32\DNSAPI.dll
0x00007ffad36c0000 - 0x00007ffad36c9000 	C:\Program Files\Eclipse Adoptium\jdk-17.0.16.8-hotspot\bin\extnet.dll
0x00007ffacd240000 - 0x00007ffacd24e000 	C:\Program Files\Eclipse Adoptium\jdk-17.0.16.8-hotspot\bin\sunmscapi.dll
0x00007ffae4a00000 - 0x00007ffae4b78000 	C:\WINDOWS\System32\CRYPT32.dll
0x00007ffae3790000 - 0x00007ffae37c0000 	C:\WINDOWS\SYSTEM32\ncrypt.dll
0x00007ffae3740000 - 0x00007ffae377f000 	C:\WINDOWS\SYSTEM32\NTASN1.dll
0x00007ffad2a40000 - 0x00007ffad2a48000 	C:\WINDOWS\system32\wshunix.dll
0x00007ffabc3f0000 - 0x00007ffabc408000 	C:\WINDOWS\system32\napinsp.dll
0x00007ffabc450000 - 0x00007ffabc463000 	C:\WINDOWS\System32\winrnr.dll
0x00007ffabbf40000 - 0x00007ffabbf62000 	C:\WINDOWS\system32\nlansp_c.dll
0x00007ffabbf20000 - 0x00007ffabbf36000 	C:\WINDOWS\system32\wshbth.dll
0x00007ffad0fc0000 - 0x00007ffad0fcb000 	C:\Windows\System32\rasadhlp.dll
0x00007ffad4130000 - 0x00007ffad41b6000 	C:\WINDOWS\System32\fwpuclnt.dll
0x00007ffaccd50000 - 0x00007ffaccd57000 	C:\Program Files\Eclipse Adoptium\jdk-17.0.16.8-hotspot\bin\rmi.dll

dbghelp: loaded successfully - version: 4.0.5 - missing functions: none
symbol engine: initialized successfully - sym options: 0x614 - pdb path: .;C:\Program Files\Eclipse Adoptium\jdk-17.0.16.8-hotspot\bin;C:\WINDOWS\SYSTEM32;C:\WINDOWS\WinSxS\amd64_microsoft.windows.common-controls_6595b64144ccf1df_6.0.26100.8328_none_3e08182ce334b678;C:\Program Files\Eclipse Adoptium\jdk-17.0.16.8-hotspot\bin\server;C:\Users\HP\.gradle\native\c067742578af261105cb4f569cf0c3c89f3d7b1fecec35dd04571415982c5e48\windows-amd64;C:\Users\HP\.gradle\native\100fb08df4bc3b14c8652ba06237920a3bd2aa13389f12d3474272988ae205f9\windows-amd64

VM Arguments:
jvm_args: --add-opens=java.base/java.util=ALL-UNNAMED --add-opens=java.base/java.lang=ALL-UNNAMED --add-opens=java.base/java.lang.invoke=ALL-UNNAMED --add-opens=java.prefs/java.util.prefs=ALL-UNNAMED --add-exports=jdk.compiler/com.sun.tools.javac.api=ALL-UNNAMED --add-exports=jdk.compiler/com.sun.tools.javac.util=ALL-UNNAMED --add-opens=java.base/java.nio.charset=ALL-UNNAMED --add-opens=java.base/java.net=ALL-UNNAMED --add-opens=java.base/java.util.concurrent.atomic=ALL-UNNAMED -Xmx2048m -Dfile.encoding=UTF-8 -Duser.country=US -Duser.language=en -Duser.variant -javaagent:C:\Users\HP\.gradle\wrapper\dists\gradle-8.10.2-all\7iv73wktx1xtkvlq19urqw1wm\gradle-8.10.2\lib\agents\gradle-instrumentation-agent-8.10.2.jar 
java_command: org.gradle.launcher.daemon.bootstrap.GradleDaemon 8.10.2
java_class_path (initial): C:\Users\HP\.gradle\wrapper\dists\gradle-8.10.2-all\7iv73wktx1xtkvlq19urqw1wm\gradle-8.10.2\lib\gradle-daemon-main-8.10.2.jar
Launcher Type: SUN_STANDARD

[Global flags]
     intx CICompilerCount                          = 3                                         {product} {ergonomic}
     uint ConcGCThreads                            = 1                                         {product} {ergonomic}
     uint G1ConcRefinementThreads                  = 4                                         {product} {ergonomic}
   size_t G1HeapRegionSize                         = 1048576                                   {product} {ergonomic}
    uintx GCDrainStackTargetSize                   = 64                                        {product} {ergonomic}
   size_t InitialHeapSize                          = 268435456                                 {product} {ergonomic}
   size_t MarkStackSize                            = 4194304                                   {product} {ergonomic}
   size_t MaxHeapSize                              = 2147483648                                {product} {command line}
   size_t MaxNewSize                               = 1287651328                                {product} {ergonomic}
   size_t MinHeapDeltaBytes                        = 1048576                                   {product} {ergonomic}
   size_t MinHeapSize                              = 8388608                                   {product} {ergonomic}
    uintx NonNMethodCodeHeapSize                   = 5832780                                {pd product} {ergonomic}
    uintx NonProfiledCodeHeapSize                  = 122912730                              {pd product} {ergonomic}
    uintx ProfiledCodeHeapSize                     = 122912730                              {pd product} {ergonomic}
    uintx ReservedCodeCacheSize                    = 251658240                              {pd product} {ergonomic}
     bool SegmentedCodeCache                       = true                                      {product} {ergonomic}
   size_t SoftMaxHeapSize                          = 2147483648                             {manageable} {ergonomic}
     bool UseCompressedClassPointers               = true                           {product lp64_product} {ergonomic}
     bool UseCompressedOops                        = true                           {product lp64_product} {ergonomic}
     bool UseG1GC                                  = true                                      {product} {ergonomic}
     bool UseLargePagesIndividualAllocation        = false                                  {pd product} {ergonomic}

Logging:
Log output configuration:
 #0: stdout all=warning uptime,level,tags
 #1: stderr all=off uptime,level,tags

Environment Variables:
JAVA_HOME=C:\Program Files\Eclipse Adoptium\jdk-17.0.16.8-hotspot
CLASSPATH=C:\Users\HP\AndroidStudioProjects\MyApplication2\\gradle\wrapper\gradle-wrapper.jar
PATH=C:\Python314\Scripts\;C:\Python314\;C:\WINDOWS\system32;C:\WINDOWS;C:\WINDOWS\System32\Wbem;C:\WINDOWS\System32\WindowsPowerShell\v1.0\;C:\WINDOWS\System32\OpenSSH\;C:\cygwin64\bin;C:\ProgramData\chocolatey\bin;C:\Program Files\Git\cmd;C:\Program Files\PostgreSQL\17\bin;C:\Users\HP\AppData\Local\Android\Sdk\platform-tools;C:\Program Files\Eclipse Adoptium\jdk-17.0.16.8-hotspot\bin;C:\Program Files\nodejs\;C:\Users\HP\.local\bin;C:\Program Files\MySQL\MySQL Shell 8.0\bin\;C:\Users\HP\AppData\Local\Android\Sdk\tools;C:\Ruby34-x64\bin;C:\Users\HP\AppData\Local\Microsoft\WindowsApps;C:\Users\HP\AppData\Local\Programs\Microsoft VS Code\bin;C:\Program Files\JetBrains\IntelliJ IDEA Community Edition 2025.2.2\bin;C:\Users\HP\AppData\Local\Programs\Kiro\bin;C:\Users\HP\AppData\Roaming\npm;C:\Users\HP\AppData\Local\Programs\Antigravity\bin;C:\Users\HP\AppData\Local\Programs\Warp\bin;C:\Users\HP\AppData\Local\Programs\cursor\resources\app\bin
USERNAME=HP
LANG=en_US.UTF-8
OS=Windows_NT
PROCESSOR_IDENTIFIER=Intel64 Family 6 Model 78 Stepping 3, GenuineIntel
TMP=C:\Users\HP\AppData\Local\Temp
TEMP=C:\Users\HP\AppData\Local\Temp



Periodic native trim disabled


---------------  S Y S T E M  ---------------

OS:
 Windows 11 , 64 bit Build 26100 (10.0.26100.8328)
OS uptime: 0 days 6:18 hours
Hyper-V role detected

CPU: total 4 (initial active 4) (2 cores per cpu, 2 threads per core) family 6 model 78 stepping 3 microcode 0xf0, cx8, cmov, fxsr, ht, mmx, 3dnowpref, sse, sse2, sse3, ssse3, sse4.1, sse4.2, popcnt, lzcnt, tsc, tscinvbit, avx, avx2, aes, erms, clmul, bmi1, bmi2, rtm, adx, fma, vzeroupper, clflush, clflushopt, hv
Processor Information for all 4 processors :
  Max Mhz: 2808, Current Mhz: 2607, Mhz Limit: 2583

Memory: 4k page, system-wide physical 16263M (4972M free)
TotalPageFile size 29719M (AvailPageFile size 24M)
current process WorkingSet (physical memory assigned to process): 511M, peak: 515M
current process commit charge ("private bytes"): 543M, peak: 574M

vm_info: OpenJDK 64-Bit Server VM (17.0.16+8) for windows-amd64 JRE (17.0.16+8), built on Jul 16 2025 10:37:56 by "admin" with MS VC++ 17.7 (VS2022)

END.
