#
# There is insufficient memory for the Java Runtime Environment to continue.
# Native memory allocation (malloc) failed to allocate 1149136 bytes. Error detail: Chunk::new
# Possible reasons:
#   The system is out of physical RAM or swap space
#   This process is running with CompressedOops enabled, and the Java Heap may be blocking the growth of the native heap
# Possible solutions:
#   Reduce memory load on the system
#   Increase physical memory or swap space
#   Check if swap backing store is full
#   Decrease Java heap size (-Xmx/-Xms)
#   Decrease number of Java threads
#   Decrease Java thread stack sizes (-Xss)
#   Set larger code cache with -XX:ReservedCodeCacheSize=
#   JVM is running with Unscaled Compressed Oops mode in which the Java heap is
#     placed in the first 4GB address space. The Java Heap base address is the
#     maximum limit for the native heap growth. Please use -XX:HeapBaseMinAddress
#     to set the Java Heap base and to place the Java Heap above 4GB virtual address.
# This output file may be truncated or incomplete.
#
#  Out of Memory Error (arena.cpp:191), pid=1948, tid=1272
#
# JRE version: OpenJDK Runtime Environment Temurin-17.0.16+8 (17.0.16+8) (build 17.0.16+8)
# Java VM: OpenJDK 64-Bit Server VM Temurin-17.0.16+8 (17.0.16+8, mixed mode, sharing, tiered, compressed oops, compressed class ptrs, g1 gc, windows-amd64)
# No core dump will be written. Minidumps are not enabled by default on client versions of Windows
#

---------------  S U M M A R Y ------------

Command Line: --add-opens=java.base/java.util=ALL-UNNAMED --add-opens=java.base/java.lang=ALL-UNNAMED --add-opens=java.base/java.lang.invoke=ALL-UNNAMED --add-opens=java.prefs/java.util.prefs=ALL-UNNAMED --add-exports=jdk.compiler/com.sun.tools.javac.api=ALL-UNNAMED --add-exports=jdk.compiler/com.sun.tools.javac.util=ALL-UNNAMED --add-opens=java.base/java.nio.charset=ALL-UNNAMED --add-opens=java.base/java.net=ALL-UNNAMED --add-opens=java.base/java.util.concurrent.atomic=ALL-UNNAMED -Xmx768m -Dfile.encoding=UTF-8 -Duser.country=US -Duser.language=en -Duser.variant -javaagent:C:\Users\HP\.gradle\wrapper\dists\gradle-8.10.2-all\7iv73wktx1xtkvlq19urqw1wm\gradle-8.10.2\lib\agents\gradle-instrumentation-agent-8.10.2.jar org.gradle.launcher.daemon.bootstrap.GradleDaemon 8.10.2

Host: Intel(R) Core(TM) i7-6600U CPU @ 2.60GHz, 4 cores, 15G,  Windows 11 , 64 bit Build 26100 (10.0.26100.8328)
Time: Thu May 14 11:49:17 2026 Pakistan Standard Time elapsed time: 95.703900 seconds (0d 0h 1m 35s)

---------------  T H R E A D  ---------------

Current thread (0x0000021463f1be80):  JavaThread "C2 CompilerThread0" daemon [_thread_in_native, id=1272, stack(0x00000043d7f00000,0x00000043d8000000)]


Current CompileTask:
C2:  95704 15669       4       javax.management.ObjectName::construct (1135 bytes)

Stack: [0x00000043d7f00000,0x00000043d8000000]
Native frames: (J=compiled Java code, j=interpreted, Vv=VM code, C=native code)
V  [jvm.dll+0x683169]
V  [jvm.dll+0x839ac8]
V  [jvm.dll+0x83b573]
V  [jvm.dll+0x83bbe3]
V  [jvm.dll+0x2473ff]
V  [jvm.dll+0xace94]
V  [jvm.dll+0xad52c]
V  [jvm.dll+0x365dbf]
V  [jvm.dll+0x1ba9c3]
V  [jvm.dll+0x218477]
V  [jvm.dll+0x21775f]
V  [jvm.dll+0x1a32a0]
V  [jvm.dll+0x227b3c]
V  [jvm.dll+0x225ccb]
V  [jvm.dll+0x7ef2d8]
V  [jvm.dll+0x7e979c]
V  [jvm.dll+0x682047]
C  [ucrtbase.dll+0x37b0]
C  [KERNEL32.DLL+0x2e957]
C  [ntdll.dll+0x427c]


---------------  P R O C E S S  ---------------

Threads class SMR info:
_java_thread_list=0x000002146bdcb770, length=92, elements={
0x00000214492c2430, 0x0000021463ef8fa0, 0x0000021463efb3f0, 0x0000021463f07cf0,
0x0000021463f0a5d0, 0x0000021463f0ba10, 0x0000021463f0ea70, 0x0000021463f1be80,
0x0000021463f1c940, 0x0000021463f303f0, 0x0000021468244680, 0x00000214682d7e40,
0x0000021469b8bae0, 0x0000021469b735d0, 0x000002146a0b7d20, 0x0000021469283d40,
0x0000021469960a40, 0x0000021468f2afe0, 0x0000021468f2b4f0, 0x0000021468f28250,
0x0000021468f2a0b0, 0x0000021468f27d40, 0x0000021468f2a5c0, 0x0000021468f28760,
0x0000021468f2aad0, 0x0000021468f29180, 0x0000021468f29690, 0x0000021468f29ba0,
0x000002146cf36010, 0x000002146cf346c0, 0x000002146cf32d70, 0x000002146cf355f0,
0x000002146cf33280, 0x000002146cf34bd0, 0x000002146cf33ca0, 0x000002146cf341b0,
0x000002146cfafa80, 0x000002146cfaf570, 0x000002146cfaf060, 0x000002146cfb13d0,
0x000002146cfaff90, 0x000002146cfb04a0, 0x000002146cfb2810, 0x000002146c800e50,
0x000002146c800940, 0x000002146c807390, 0x000002146c805530, 0x000002146c805a40,
0x000002146c805f50, 0x000002146c804600, 0x000002146c807db0, 0x000002146c804b10,
0x000002146c806460, 0x000002146c806970, 0x000002146c806e80, 0x000002146cf35b00,
0x000002146cf32860, 0x000002146eb0b2c0, 0x000002146eb0e050, 0x000002146eb0d120,
0x000002146eb0d630, 0x000002146eb0ea70, 0x000002146eb0f490, 0x000002146eb0db40,
0x000002146eb0bce0, 0x000002146eb0cc10, 0x000002146eb0f9a0, 0x000002146eb0c1f0,
0x000002146eb0feb0, 0x000002146eb0c700, 0x000002146eb12730, 0x000002146eb11d10,
0x000002146eb11800, 0x000002146eb103c0, 0x000002146eb112f0, 0x000002146eb12220,
0x000002146eb108d0, 0x000002146eb12c40, 0x000002146cfb18e0, 0x000002146e8e9740,
0x000002146e8e8810, 0x000002146e8eb5a0, 0x000002146e8ebab0, 0x000002146e8e9c50,
0x000002146e8eab80, 0x000002146e8e8300, 0x000002146e8eb090, 0x000002146e8e8d20,
0x000002146e8e9230, 0x000002146eb05b00, 0x000002146eb06010, 0x000002146eb050e0
}

Java Threads: ( => current thread )
  0x00000214492c2430 JavaThread "main" [_thread_blocked, id=14984, stack(0x00000043d7200000,0x00000043d7300000)]
  0x0000021463ef8fa0 JavaThread "Reference Handler" daemon [_thread_blocked, id=384, stack(0x00000043d7900000,0x00000043d7a00000)]
  0x0000021463efb3f0 JavaThread "Finalizer" daemon [_thread_blocked, id=3284, stack(0x00000043d7a00000,0x00000043d7b00000)]
  0x0000021463f07cf0 JavaThread "Signal Dispatcher" daemon [_thread_blocked, id=2200, stack(0x00000043d7b00000,0x00000043d7c00000)]
  0x0000021463f0a5d0 JavaThread "Attach Listener" daemon [_thread_blocked, id=6512, stack(0x00000043d7c00000,0x00000043d7d00000)]
  0x0000021463f0ba10 JavaThread "Service Thread" daemon [_thread_blocked, id=2988, stack(0x00000043d7d00000,0x00000043d7e00000)]
  0x0000021463f0ea70 JavaThread "Monitor Deflation Thread" daemon [_thread_blocked, id=15088, stack(0x00000043d7e00000,0x00000043d7f00000)]
=>0x0000021463f1be80 JavaThread "C2 CompilerThread0" daemon [_thread_in_native, id=1272, stack(0x00000043d7f00000,0x00000043d8000000)]
  0x0000021463f1c940 JavaThread "C1 CompilerThread0" daemon [_thread_blocked, id=9268, stack(0x00000043d8000000,0x00000043d8100000)]
  0x0000021463f303f0 JavaThread "Sweeper thread" daemon [_thread_blocked, id=5864, stack(0x00000043d8100000,0x00000043d8200000)]
  0x0000021468244680 JavaThread "Common-Cleaner" daemon [_thread_blocked, id=6520, stack(0x00000043d8200000,0x00000043d8300000)]
  0x00000214682d7e40 JavaThread "Notification Thread" daemon [_thread_blocked, id=3092, stack(0x00000043d8300000,0x00000043d8400000)]
  0x0000021469b8bae0 JavaThread "Daemon health stats" [_thread_blocked, id=11556, stack(0x00000043d8a00000,0x00000043d8b00000)]
  0x0000021469b735d0 JavaThread "Incoming local TCP Connector on port 64148" [_thread_in_native, id=14272, stack(0x00000043d8500000,0x00000043d8600000)]
  0x000002146a0b7d20 JavaThread "Daemon periodic checks" [_thread_blocked, id=13472, stack(0x00000043d8b00000,0x00000043d8c00000)]
  0x0000021469283d40 JavaThread "Daemon" [_thread_blocked, id=15356, stack(0x00000043d8c00000,0x00000043d8d00000)]
  0x0000021469960a40 JavaThread "Handler for socket connection from /127.0.0.1:64148 to /127.0.0.1:64149" [_thread_in_native, id=12148, stack(0x00000043d8d00000,0x00000043d8e00000)]
  0x0000021468f2afe0 JavaThread "Cancel handler" [_thread_blocked, id=5376, stack(0x00000043d8e00000,0x00000043d8f00000)]
  0x0000021468f2b4f0 JavaThread "Daemon worker" [_thread_blocked, id=5112, stack(0x00000043d8f00000,0x00000043d9000000)]
  0x0000021468f28250 JavaThread "Asynchronous log dispatcher for DefaultDaemonConnection: socket connection from /127.0.0.1:64148 to /127.0.0.1:64149" [_thread_blocked, id=7908, stack(0x00000043d9000000,0x00000043d9100000)]
  0x0000021468f2a0b0 JavaThread "Stdin handler" [_thread_blocked, id=10384, stack(0x00000043d9100000,0x00000043d9200000)]
  0x0000021468f27d40 JavaThread "Daemon client event forwarder" [_thread_blocked, id=2196, stack(0x00000043d9200000,0x00000043d9300000)]
  0x0000021468f2a5c0 JavaThread "Cache worker for journal cache (C:\Users\HP\.gradle\caches\journal-1)" [_thread_blocked, id=9612, stack(0x00000043d9300000,0x00000043d9400000)]
  0x0000021468f28760 JavaThread "File lock request listener" [_thread_in_native, id=14856, stack(0x00000043d9400000,0x00000043d9500000)]
  0x0000021468f2aad0 JavaThread "Cache worker for file hash cache (C:\Users\HP\.gradle\caches\8.10.2\fileHashes)" [_thread_blocked, id=13604, stack(0x00000043d9600000,0x00000043d9700000)]
  0x0000021468f29180 JavaThread "Cache worker for file hash cache (C:\Users\HP\AndroidStudioProjects\MyApplication2\.gradle\8.10.2\fileHashes)" [_thread_blocked, id=10856, stack(0x00000043d9700000,0x00000043d9800000)]
  0x0000021468f29690 JavaThread "Cache worker for Build Output Cleanup Cache (C:\Users\HP\AndroidStudioProjects\MyApplication2\.gradle\buildOutputCleanup)" [_thread_blocked, id=9252, stack(0x00000043d9800000,0x00000043d9900000)]
  0x0000021468f29ba0 JavaThread "File watcher server" daemon [_thread_in_native, id=9244, stack(0x00000043d9900000,0x00000043d9a00000)]
  0x000002146cf36010 JavaThread "File watcher consumer" daemon [_thread_blocked, id=1516, stack(0x00000043d9a00000,0x00000043d9b00000)]
  0x000002146cf346c0 JavaThread "Cache worker for checksums cache (C:\Users\HP\AndroidStudioProjects\MyApplication2\.gradle\8.10.2\checksums)" [_thread_blocked, id=8968, stack(0x00000043d9b00000,0x00000043d9c00000)]
  0x000002146cf32d70 JavaThread "Cache worker for file content cache (C:\Users\HP\.gradle\caches\8.10.2\fileContent)" [_thread_blocked, id=10076, stack(0x00000043d9c00000,0x00000043d9d00000)]
  0x000002146cf355f0 JavaThread "Cache worker for cache directory md-rule (C:\Users\HP\.gradle\caches\8.10.2\md-rule)" [_thread_blocked, id=5524, stack(0x00000043d9d00000,0x00000043d9e00000)]
  0x000002146cf33280 JavaThread "Cache worker for cache directory md-supplier (C:\Users\HP\.gradle\caches\8.10.2\md-supplier)" [_thread_blocked, id=1912, stack(0x00000043d9e00000,0x00000043d9f00000)]
  0x000002146cf34bd0 JavaThread "Unconstrained build operations" [_thread_blocked, id=9228, stack(0x00000043d9f00000,0x00000043da000000)]
  0x000002146cf33ca0 JavaThread "Unconstrained build operations Thread 2" [_thread_blocked, id=10152, stack(0x00000043da000000,0x00000043da100000)]
  0x000002146cf341b0 JavaThread "Unconstrained build operations Thread 3" [_thread_blocked, id=13700, stack(0x00000043da100000,0x00000043da200000)]
  0x000002146cfafa80 JavaThread "Unconstrained build operations Thread 4" [_thread_blocked, id=9756, stack(0x00000043da200000,0x00000043da300000)]
  0x000002146cfaf570 JavaThread "Unconstrained build operations Thread 5" [_thread_blocked, id=13476, stack(0x00000043da300000,0x00000043da400000)]
  0x000002146cfaf060 JavaThread "Unconstrained build operations Thread 6" [_thread_blocked, id=15796, stack(0x00000043da400000,0x00000043da500000)]
  0x000002146cfb13d0 JavaThread "Unconstrained build operations Thread 7" [_thread_blocked, id=13580, stack(0x00000043da500000,0x00000043da600000)]
  0x000002146cfaff90 JavaThread "Unconstrained build operations Thread 8" [_thread_blocked, id=13544, stack(0x00000043da600000,0x00000043da700000)]
  0x000002146cfb04a0 JavaThread "Unconstrained build operations Thread 9" [_thread_blocked, id=13656, stack(0x00000043da700000,0x00000043da800000)]
  0x000002146cfb2810 JavaThread "Memory manager" [_thread_blocked, id=15912, stack(0x00000043da800000,0x00000043da900000)]
  0x000002146c800e50 JavaThread "build event listener" [_thread_blocked, id=7976, stack(0x00000043d9500000,0x00000043d9600000)]
  0x000002146c800940 JavaThread "included builds" [_thread_blocked, id=9616, stack(0x00000043dab00000,0x00000043dac00000)]
  0x000002146c807390 JavaThread "Execution worker" [_thread_blocked, id=14000, stack(0x00000043dac00000,0x00000043dad00000)]
  0x000002146c805530 JavaThread "Execution worker Thread 2" [_thread_blocked, id=13644, stack(0x00000043dad00000,0x00000043dae00000)]
  0x000002146c805a40 JavaThread "Execution worker Thread 3" [_thread_blocked, id=604, stack(0x00000043dae00000,0x00000043daf00000)]
  0x000002146c805f50 JavaThread "Cache worker for execution history cache (C:\Users\HP\AndroidStudioProjects\MyApplication2\.gradle\8.10.2\executionHistory)" [_thread_blocked, id=14012, stack(0x00000043daf00000,0x00000043db000000)]
  0x000002146c804600 JavaThread "Unconstrained build operations Thread 10" [_thread_blocked, id=13944, stack(0x00000043db000000,0x00000043db100000)]
  0x000002146c807db0 JavaThread "Unconstrained build operations Thread 11" [_thread_blocked, id=12000, stack(0x00000043db100000,0x00000043db200000)]
  0x000002146c804b10 JavaThread "Unconstrained build operations Thread 12" [_thread_blocked, id=12584, stack(0x00000043db200000,0x00000043db300000)]
  0x000002146c806460 JavaThread "Unconstrained build operations Thread 13" [_thread_blocked, id=8912, stack(0x00000043db300000,0x00000043db400000)]
  0x000002146c806970 JavaThread "Unconstrained build operations Thread 14" [_thread_blocked, id=8784, stack(0x00000043db400000,0x00000043db500000)]
  0x000002146c806e80 JavaThread "Unconstrained build operations Thread 15" [_thread_blocked, id=14200, stack(0x00000043db500000,0x00000043db600000)]
  0x000002146cf35b00 JavaThread "Unconstrained build operations Thread 16" [_thread_blocked, id=15784, stack(0x00000043db600000,0x00000043db700000)]
  0x000002146cf32860 JavaThread "Unconstrained build operations Thread 17" [_thread_blocked, id=4328, stack(0x00000043db700000,0x00000043db800000)]
  0x000002146eb0b2c0 JavaThread "Unconstrained build operations Thread 18" [_thread_blocked, id=6024, stack(0x00000043db800000,0x00000043db900000)]
  0x000002146eb0e050 JavaThread "Unconstrained build operations Thread 19" [_thread_blocked, id=2552, stack(0x00000043db900000,0x00000043dba00000)]
  0x000002146eb0d120 JavaThread "Unconstrained build operations Thread 20" [_thread_blocked, id=4720, stack(0x00000043dba00000,0x00000043dbb00000)]
  0x000002146eb0d630 JavaThread "Unconstrained build operations Thread 21" [_thread_blocked, id=5832, stack(0x00000043dbb00000,0x00000043dbc00000)]
  0x000002146eb0ea70 JavaThread "Unconstrained build operations Thread 22" [_thread_blocked, id=3472, stack(0x00000043dbc00000,0x00000043dbd00000)]
  0x000002146eb0f490 JavaThread "WorkerExecutor Queue" [_thread_blocked, id=10768, stack(0x00000043dbd00000,0x00000043dbe00000)]
  0x000002146eb0db40 JavaThread "Unconstrained build operations Thread 23" [_thread_blocked, id=13276, stack(0x00000043dbe00000,0x00000043dbf00000)]
  0x000002146eb0bce0 JavaThread "Unconstrained build operations Thread 24" [_thread_blocked, id=11892, stack(0x00000043dbf00000,0x00000043dc000000)]
  0x000002146eb0cc10 JavaThread "Unconstrained build operations Thread 25" [_thread_blocked, id=13052, stack(0x00000043dc000000,0x00000043dc100000)]
  0x000002146eb0f9a0 JavaThread "Unconstrained build operations Thread 26" [_thread_blocked, id=15872, stack(0x00000043dc100000,0x00000043dc200000)]
  0x000002146eb0c1f0 JavaThread "Unconstrained build operations Thread 27" [_thread_blocked, id=14096, stack(0x00000043dc200000,0x00000043dc300000)]
  0x000002146eb0feb0 JavaThread "Unconstrained build operations Thread 28" [_thread_blocked, id=13208, stack(0x00000043dc300000,0x00000043dc400000)]
  0x000002146eb0c700 JavaThread "Unconstrained build operations Thread 29" [_thread_blocked, id=14224, stack(0x00000043dc400000,0x00000043dc500000)]
  0x000002146eb12730 JavaThread "Unconstrained build operations Thread 30" [_thread_blocked, id=3628, stack(0x00000043dc500000,0x00000043dc600000)]
  0x000002146eb11d10 JavaThread "Unconstrained build operations Thread 31" [_thread_blocked, id=12960, stack(0x00000043dc600000,0x00000043dc700000)]
  0x000002146eb11800 JavaThread "Unconstrained build operations Thread 32" [_thread_blocked, id=10500, stack(0x00000043dc700000,0x00000043dc800000)]
  0x000002146eb103c0 JavaThread "Unconstrained build operations Thread 33" [_thread_blocked, id=12344, stack(0x00000043dc800000,0x00000043dc900000)]
  0x000002146eb112f0 JavaThread "Unconstrained build operations Thread 34" [_thread_blocked, id=16328, stack(0x00000043dc900000,0x00000043dca00000)]
  0x000002146eb12220 JavaThread "Unconstrained build operations Thread 35" [_thread_blocked, id=4784, stack(0x00000043dca00000,0x00000043dcb00000)]
  0x000002146eb108d0 JavaThread "WorkerExecutor Queue Thread 2" [_thread_in_native, id=2028, stack(0x00000043dcb00000,0x00000043dcc00000)]
  0x000002146eb12c40 JavaThread "Unconstrained build operations Thread 36" [_thread_blocked, id=1656, stack(0x00000043dcc00000,0x00000043dcd00000)]
  0x000002146cfb18e0 JavaThread "Unconstrained build operations Thread 37" [_thread_blocked, id=1648, stack(0x00000043dcd00000,0x00000043dce00000)]
  0x000002146e8e9740 JavaThread "Unconstrained build operations Thread 38" [_thread_blocked, id=1644, stack(0x00000043dce00000,0x00000043dcf00000)]
  0x000002146e8e8810 JavaThread "pool-3-thread-1" [_thread_blocked, id=14380, stack(0x00000043dcf00000,0x00000043dd000000)]
  0x000002146e8eb5a0 JavaThread "stderr" [_thread_in_native, id=8088, stack(0x00000043dd000000,0x00000043dd100000)]
  0x000002146e8ebab0 JavaThread "stdout" [_thread_in_native, id=1652, stack(0x00000043dd100000,0x00000043dd200000)]
  0x000002146e8e9c50 JavaThread "Unconstrained build operations Thread 39" [_thread_blocked, id=5928, stack(0x00000043d6f00000,0x00000043d7000000)]
  0x000002146e8eab80 JavaThread "Unconstrained build operations Thread 40" [_thread_blocked, id=8084, stack(0x00000043d7000000,0x00000043d7100000)]
  0x000002146e8e8300 JavaThread "WorkerExecutor Queue Thread 3" [_thread_blocked, id=8848, stack(0x00000043dd200000,0x00000043dd300000)]
  0x000002146e8eb090 JavaThread "RMI Scheduler(0)" daemon [_thread_blocked, id=6720, stack(0x00000043d7100000,0x00000043d7200000)]
  0x000002146e8e8d20 JavaThread "RMI RenewClean-[127.0.0.1:17929,org.jetbrains.kotlin.daemon.common.LoopbackNetworkInterface$ClientLoopbackSocketFactory@1fb6acda]" daemon [_thread_blocked, id=3132, stack(0x00000043dd300000,0x00000043dd400000)]
  0x000002146e8e9230 JavaThread "RMI GC Daemon" daemon [_thread_blocked, id=6120, stack(0x00000043dd400000,0x00000043dd500000)]
  0x000002146eb05b00 JavaThread "RMI TCP Accept-0" daemon [_thread_in_native, id=2376, stack(0x00000043dd500000,0x00000043dd600000)]
  0x000002146eb06010 JavaThread "RMI Reaper" [_thread_blocked, id=15424, stack(0x00000043dd600000,0x00000043dd700000)]
  0x000002146eb050e0 JavaThread "RMI TCP Connection(idle)" daemon [_thread_blocked, id=15752, stack(0x00000043dd700000,0x00000043dd800000)]

Other Threads:
  0x0000021463ef4440 VMThread "VM Thread" [stack: 0x00000043d7800000,0x00000043d7900000] [id=13216]
  0x00000214492c31c0 WatcherThread [stack: 0x00000043d8400000,0x00000043d8500000] [id=2676]
  0x00000214492f6560 GCTaskThread "GC Thread#0" [stack: 0x00000043d7300000,0x00000043d7400000] [id=12432]
  0x00000214683a6500 GCTaskThread "GC Thread#1" [stack: 0x00000043d8600000,0x00000043d8700000] [id=4404]
  0x00000214683a67c0 GCTaskThread "GC Thread#2" [stack: 0x00000043d8700000,0x00000043d8800000] [id=8120]
  0x00000214684a6c00 GCTaskThread "GC Thread#3" [stack: 0x00000043d8800000,0x00000043d8900000] [id=13160]
  0x00000214470fe2d0 ConcurrentGCThread "G1 Main Marker" [stack: 0x00000043d7400000,0x00000043d7500000] [id=13016]
  0x00000214470fec00 ConcurrentGCThread "G1 Conc#0" [stack: 0x00000043d7500000,0x00000043d7600000] [id=3704]
  0x000002144936dce0 ConcurrentGCThread "G1 Refine#0" [stack: 0x00000043d7600000,0x00000043d7700000] [id=13716]
  0x0000021468ff92b0 ConcurrentGCThread "G1 Refine#1" [stack: 0x00000043d8900000,0x00000043d8a00000] [id=13600]
  0x000002144936e520 ConcurrentGCThread "G1 Service" [stack: 0x00000043d7700000,0x00000043d7800000] [id=12192]

Threads with active compile tasks:
C2 CompilerThread0    95804 15669       4       javax.management.ObjectName::construct (1135 bytes)

VM state: not at safepoint (normal execution)

VM Mutex/Monitor currently owned by a thread: None

Heap address: 0x00000000d0000000, size: 768 MB, Compressed Oops mode: 32-bit

CDS archive(s) mapped at: [0x0000021400000000-0x0000021400bb0000-0x0000021400bb0000), size 12255232, SharedBaseAddress: 0x0000021400000000, ArchiveRelocationMode: 1.
Compressed class space mapped at: 0x0000021401000000-0x0000021441000000, reserved size: 1073741824
Narrow klass base: 0x0000021400000000, Narrow klass shift: 0, Narrow klass range: 0x100000000

GC Precious Log:
 CPUs: 4 total, 4 available
 Memory: 16263M
 Large Page Support: Disabled
 NUMA Support: Disabled
 Compressed Oops: Enabled (32-bit)
 Heap Region Size: 1M
 Heap Min Capacity: 8M
 Heap Initial Capacity: 256M
 Heap Max Capacity: 768M
 Pre-touch: Disabled
 Parallel Workers: 4
 Concurrent Workers: 1
 Concurrent Refinement Workers: 4
 Periodic GC: Disabled

Heap:
 garbage-first heap   total 198656K, used 161197K [0x00000000d0000000, 0x0000000100000000)
  region size 1024K, 31 young (31744K), 5 survivors (5120K)
 Metaspace       used 102184K, committed 103040K, reserved 1179648K
  class space    used 14108K, committed 14528K, reserved 1048576K

Heap Regions: E=young(eden), S=young(survivor), O=old, HS=humongous(starts), HC=humongous(continues), CS=collection set, F=free, OA=open archive, CA=closed archive, TAMS=top-at-mark-start (previous, next)
|   0|0x00000000d0000000, 0x00000000d0100000, 0x00000000d0100000|100%|HS|  |TAMS 0x00000000d0100000, 0x00000000d0000000| Complete 
|   1|0x00000000d0100000, 0x00000000d0200000, 0x00000000d0200000|100%|HC|  |TAMS 0x00000000d0200000, 0x00000000d0100000| Complete 
|   2|0x00000000d0200000, 0x00000000d0300000, 0x00000000d0300000|100%|HC|  |TAMS 0x00000000d0300000, 0x00000000d0200000| Complete 
|   3|0x00000000d0300000, 0x00000000d0400000, 0x00000000d0400000|100%|HC|  |TAMS 0x00000000d0400000, 0x00000000d0300000| Complete 
|   4|0x00000000d0400000, 0x00000000d0500000, 0x00000000d0500000|100%| O|  |TAMS 0x00000000d0500000, 0x00000000d0400000| Untracked 
|   5|0x00000000d0500000, 0x00000000d0600000, 0x00000000d0600000|100%| O|  |TAMS 0x00000000d0600000, 0x00000000d0500000| Untracked 
|   6|0x00000000d0600000, 0x00000000d0700000, 0x00000000d0700000|100%| O|  |TAMS 0x00000000d0700000, 0x00000000d0600000| Untracked 
|   7|0x00000000d0700000, 0x00000000d0800000, 0x00000000d0800000|100%| O|  |TAMS 0x00000000d0800000, 0x00000000d0700000| Untracked 
|   8|0x00000000d0800000, 0x00000000d0900000, 0x00000000d0900000|100%|HS|  |TAMS 0x00000000d0900000, 0x00000000d0800000| Complete 
|   9|0x00000000d0900000, 0x00000000d0a00000, 0x00000000d0a00000|100%| O|  |TAMS 0x00000000d0a00000, 0x00000000d0900000| Untracked 
|  10|0x00000000d0a00000, 0x00000000d0b00000, 0x00000000d0b00000|100%| O|  |TAMS 0x00000000d0b00000, 0x00000000d0a00000| Untracked 
|  11|0x00000000d0b00000, 0x00000000d0c00000, 0x00000000d0c00000|100%| O|  |TAMS 0x00000000d0c00000, 0x00000000d0b00000| Untracked 
|  12|0x00000000d0c00000, 0x00000000d0d00000, 0x00000000d0d00000|100%| O|  |TAMS 0x00000000d0d00000, 0x00000000d0c00000| Untracked 
|  13|0x00000000d0d00000, 0x00000000d0e00000, 0x00000000d0e00000|100%| O|  |TAMS 0x00000000d0e00000, 0x00000000d0d00000| Untracked 
|  14|0x00000000d0e00000, 0x00000000d0f00000, 0x00000000d0f00000|100%| O|  |TAMS 0x00000000d0f00000, 0x00000000d0e00000| Untracked 
|  15|0x00000000d0f00000, 0x00000000d1000000, 0x00000000d1000000|100%| O|  |TAMS 0x00000000d1000000, 0x00000000d0f00000| Untracked 
|  16|0x00000000d1000000, 0x00000000d1100000, 0x00000000d1100000|100%| O|  |TAMS 0x00000000d1100000, 0x00000000d1000000| Untracked 
|  17|0x00000000d1100000, 0x00000000d1200000, 0x00000000d1200000|100%| O|  |TAMS 0x00000000d1200000, 0x00000000d1100000| Untracked 
|  18|0x00000000d1200000, 0x00000000d1300000, 0x00000000d1300000|100%| O|  |TAMS 0x00000000d1300000, 0x00000000d1200000| Untracked 
|  19|0x00000000d1300000, 0x00000000d1400000, 0x00000000d1400000|100%| O|  |TAMS 0x00000000d1400000, 0x00000000d1300000| Untracked 
|  20|0x00000000d1400000, 0x00000000d1500000, 0x00000000d1500000|100%| O|  |TAMS 0x00000000d1500000, 0x00000000d1400000| Untracked 
|  21|0x00000000d1500000, 0x00000000d1600000, 0x00000000d1600000|100%| O|  |TAMS 0x00000000d1600000, 0x00000000d1500000| Untracked 
|  22|0x00000000d1600000, 0x00000000d1700000, 0x00000000d1700000|100%| O|  |TAMS 0x00000000d1700000, 0x00000000d1600000| Untracked 
|  23|0x00000000d1700000, 0x00000000d1800000, 0x00000000d1800000|100%| O|  |TAMS 0x00000000d1800000, 0x00000000d1700000| Untracked 
|  24|0x00000000d1800000, 0x00000000d1900000, 0x00000000d1900000|100%| O|  |TAMS 0x00000000d1900000, 0x00000000d1800000| Untracked 
|  25|0x00000000d1900000, 0x00000000d1a00000, 0x00000000d1a00000|100%| O|  |TAMS 0x00000000d1a00000, 0x00000000d1900000| Untracked 
|  26|0x00000000d1a00000, 0x00000000d1b00000, 0x00000000d1b00000|100%| O|  |TAMS 0x00000000d1b00000, 0x00000000d1a00000| Untracked 
|  27|0x00000000d1b00000, 0x00000000d1c00000, 0x00000000d1c00000|100%| O|  |TAMS 0x00000000d1c00000, 0x00000000d1b00000| Untracked 
|  28|0x00000000d1c00000, 0x00000000d1d00000, 0x00000000d1d00000|100%| O|  |TAMS 0x00000000d1d00000, 0x00000000d1c00000| Untracked 
|  29|0x00000000d1d00000, 0x00000000d1e00000, 0x00000000d1e00000|100%| O|  |TAMS 0x00000000d1e00000, 0x00000000d1d00000| Untracked 
|  30|0x00000000d1e00000, 0x00000000d1f00000, 0x00000000d1f00000|100%| O|  |TAMS 0x00000000d1f00000, 0x00000000d1e00000| Untracked 
|  31|0x00000000d1f00000, 0x00000000d2000000, 0x00000000d2000000|100%| O|  |TAMS 0x00000000d2000000, 0x00000000d1f00000| Untracked 
|  32|0x00000000d2000000, 0x00000000d2100000, 0x00000000d2100000|100%| O|  |TAMS 0x00000000d2100000, 0x00000000d2000000| Untracked 
|  33|0x00000000d2100000, 0x00000000d2200000, 0x00000000d2200000|100%| O|  |TAMS 0x00000000d2200000, 0x00000000d2100000| Untracked 
|  34|0x00000000d2200000, 0x00000000d2300000, 0x00000000d2300000|100%| O|  |TAMS 0x00000000d2300000, 0x00000000d2200000| Untracked 
|  35|0x00000000d2300000, 0x00000000d2400000, 0x00000000d2400000|100%| O|  |TAMS 0x00000000d2400000, 0x00000000d2300000| Untracked 
|  36|0x00000000d2400000, 0x00000000d2500000, 0x00000000d2500000|100%| O|  |TAMS 0x00000000d2500000, 0x00000000d2400000| Untracked 
|  37|0x00000000d2500000, 0x00000000d2600000, 0x00000000d2600000|100%| O|  |TAMS 0x00000000d2600000, 0x00000000d2500000| Untracked 
|  38|0x00000000d2600000, 0x00000000d2700000, 0x00000000d2700000|100%| O|  |TAMS 0x00000000d2700000, 0x00000000d2600000| Untracked 
|  39|0x00000000d2700000, 0x00000000d2800000, 0x00000000d2800000|100%| O|  |TAMS 0x00000000d2800000, 0x00000000d2700000| Untracked 
|  40|0x00000000d2800000, 0x00000000d2900000, 0x00000000d2900000|100%| O|  |TAMS 0x00000000d2900000, 0x00000000d2800000| Untracked 
|  41|0x00000000d2900000, 0x00000000d2a00000, 0x00000000d2a00000|100%| O|  |TAMS 0x00000000d2a00000, 0x00000000d2900000| Untracked 
|  42|0x00000000d2a00000, 0x00000000d2b00000, 0x00000000d2b00000|100%|HS|  |TAMS 0x00000000d2b00000, 0x00000000d2a00000| Complete 
|  43|0x00000000d2b00000, 0x00000000d2c00000, 0x00000000d2c00000|100%|HS|  |TAMS 0x00000000d2c00000, 0x00000000d2b00000| Complete 
|  44|0x00000000d2c00000, 0x00000000d2d00000, 0x00000000d2d00000|100%|HS|  |TAMS 0x00000000d2d00000, 0x00000000d2c00000| Complete 
|  45|0x00000000d2d00000, 0x00000000d2e00000, 0x00000000d2e00000|100%|HC|  |TAMS 0x00000000d2e00000, 0x00000000d2d00000| Complete 
|  46|0x00000000d2e00000, 0x00000000d2f00000, 0x00000000d2f00000|100%| O|  |TAMS 0x00000000d2f00000, 0x00000000d2e00000| Untracked 
|  47|0x00000000d2f00000, 0x00000000d3000000, 0x00000000d3000000|100%|HS|  |TAMS 0x00000000d3000000, 0x00000000d2f00000| Complete 
|  48|0x00000000d3000000, 0x00000000d3100000, 0x00000000d3100000|100%|HC|  |TAMS 0x00000000d3100000, 0x00000000d3000000| Complete 
|  49|0x00000000d3100000, 0x00000000d3200000, 0x00000000d3200000|100%| O|  |TAMS 0x00000000d3200000, 0x00000000d3100000| Untracked 
|  50|0x00000000d3200000, 0x00000000d3300000, 0x00000000d3300000|100%| O|  |TAMS 0x00000000d3300000, 0x00000000d3200000| Untracked 
|  51|0x00000000d3300000, 0x00000000d3400000, 0x00000000d3400000|100%|HS|  |TAMS 0x00000000d3400000, 0x00000000d3300000| Complete 
|  52|0x00000000d3400000, 0x00000000d3500000, 0x00000000d3500000|100%|HS|  |TAMS 0x00000000d3500000, 0x00000000d3400000| Complete 
|  53|0x00000000d3500000, 0x00000000d3600000, 0x00000000d3600000|100%|HC|  |TAMS 0x00000000d3600000, 0x00000000d3500000| Complete 
|  54|0x00000000d3600000, 0x00000000d3700000, 0x00000000d3700000|100%|HC|  |TAMS 0x00000000d3700000, 0x00000000d3600000| Complete 
|  55|0x00000000d3700000, 0x00000000d3800000, 0x00000000d3800000|100%| O|  |TAMS 0x00000000d3800000, 0x00000000d3700000| Untracked 
|  56|0x00000000d3800000, 0x00000000d3900000, 0x00000000d3900000|100%| O|  |TAMS 0x00000000d3900000, 0x00000000d3800000| Untracked 
|  57|0x00000000d3900000, 0x00000000d3a00000, 0x00000000d3a00000|100%|HS|  |TAMS 0x00000000d3a00000, 0x00000000d3900000| Complete 
|  58|0x00000000d3a00000, 0x00000000d3b00000, 0x00000000d3b00000|100%|HS|  |TAMS 0x00000000d3b00000, 0x00000000d3a00000| Complete 
|  59|0x00000000d3b00000, 0x00000000d3c00000, 0x00000000d3c00000|100%| O|  |TAMS 0x00000000d3c00000, 0x00000000d3b00000| Untracked 
|  60|0x00000000d3c00000, 0x00000000d3d00000, 0x00000000d3d00000|100%| O|  |TAMS 0x00000000d3d00000, 0x00000000d3c00000| Untracked 
|  61|0x00000000d3d00000, 0x00000000d3e00000, 0x00000000d3e00000|100%|HS|  |TAMS 0x00000000d3e00000, 0x00000000d3d00000| Complete 
|  62|0x00000000d3e00000, 0x00000000d3f00000, 0x00000000d3f00000|100%| O|  |TAMS 0x00000000d3f00000, 0x00000000d3e00000| Untracked 
|  63|0x00000000d3f00000, 0x00000000d4000000, 0x00000000d4000000|100%| O|  |TAMS 0x00000000d4000000, 0x00000000d3f00000| Untracked 
|  64|0x00000000d4000000, 0x00000000d4100000, 0x00000000d4100000|100%| O|  |TAMS 0x00000000d4100000, 0x00000000d4000000| Untracked 
|  65|0x00000000d4100000, 0x00000000d4200000, 0x00000000d4200000|100%| O|  |TAMS 0x00000000d4200000, 0x00000000d4100000| Untracked 
|  66|0x00000000d4200000, 0x00000000d4300000, 0x00000000d4300000|100%| O|  |TAMS 0x00000000d4300000, 0x00000000d4200000| Untracked 
|  67|0x00000000d4300000, 0x00000000d4400000, 0x00000000d4400000|100%| O|  |TAMS 0x00000000d4400000, 0x00000000d4300000| Untracked 
|  68|0x00000000d4400000, 0x00000000d4500000, 0x00000000d4500000|100%| O|  |TAMS 0x00000000d4500000, 0x00000000d4400000| Untracked 
|  69|0x00000000d4500000, 0x00000000d4600000, 0x00000000d4600000|100%|HS|  |TAMS 0x00000000d4600000, 0x00000000d4500000| Complete 
|  70|0x00000000d4600000, 0x00000000d4700000, 0x00000000d4700000|100%| O|  |TAMS 0x00000000d4700000, 0x00000000d4600000| Untracked 
|  71|0x00000000d4700000, 0x00000000d4800000, 0x00000000d4800000|100%| O|  |TAMS 0x00000000d4800000, 0x00000000d4700000| Untracked 
|  72|0x00000000d4800000, 0x00000000d4900000, 0x00000000d4900000|100%| O|  |TAMS 0x00000000d4900000, 0x00000000d4800000| Untracked 
|  73|0x00000000d4900000, 0x00000000d4a00000, 0x00000000d4a00000|100%| O|  |TAMS 0x00000000d4a00000, 0x00000000d4900000| Untracked 
|  74|0x00000000d4a00000, 0x00000000d4b00000, 0x00000000d4b00000|100%|HS|  |TAMS 0x00000000d4b00000, 0x00000000d4a00000| Complete 
|  75|0x00000000d4b00000, 0x00000000d4c00000, 0x00000000d4c00000|100%|HC|  |TAMS 0x00000000d4c00000, 0x00000000d4b00000| Complete 
|  76|0x00000000d4c00000, 0x00000000d4d00000, 0x00000000d4d00000|100%|HC|  |TAMS 0x00000000d4d00000, 0x00000000d4c00000| Complete 
|  77|0x00000000d4d00000, 0x00000000d4e00000, 0x00000000d4e00000|100%| O|  |TAMS 0x00000000d4e00000, 0x00000000d4d00000| Untracked 
|  78|0x00000000d4e00000, 0x00000000d4f00000, 0x00000000d4f00000|100%| O|  |TAMS 0x00000000d4f00000, 0x00000000d4e00000| Untracked 
|  79|0x00000000d4f00000, 0x00000000d5000000, 0x00000000d5000000|100%| O|  |TAMS 0x00000000d5000000, 0x00000000d4f00000| Untracked 
|  80|0x00000000d5000000, 0x00000000d5100000, 0x00000000d5100000|100%| O|  |TAMS 0x00000000d5100000, 0x00000000d5000000| Untracked 
|  81|0x00000000d5100000, 0x00000000d5200000, 0x00000000d5200000|100%| O|  |TAMS 0x00000000d5200000, 0x00000000d5100000| Untracked 
|  82|0x00000000d5200000, 0x00000000d5300000, 0x00000000d5300000|100%| O|  |TAMS 0x00000000d5300000, 0x00000000d5200000| Untracked 
|  83|0x00000000d5300000, 0x00000000d5400000, 0x00000000d5400000|100%| O|  |TAMS 0x00000000d5400000, 0x00000000d5300000| Untracked 
|  84|0x00000000d5400000, 0x00000000d5500000, 0x00000000d5500000|100%| O|  |TAMS 0x00000000d5500000, 0x00000000d5400000| Untracked 
|  85|0x00000000d5500000, 0x00000000d5600000, 0x00000000d5600000|100%| O|  |TAMS 0x00000000d5600000, 0x00000000d5500000| Untracked 
|  86|0x00000000d5600000, 0x00000000d5700000, 0x00000000d5700000|100%| O|  |TAMS 0x00000000d5700000, 0x00000000d5600000| Untracked 
|  87|0x00000000d5700000, 0x00000000d5800000, 0x00000000d5800000|100%| O|  |TAMS 0x00000000d5800000, 0x00000000d5700000| Untracked 
|  88|0x00000000d5800000, 0x00000000d5900000, 0x00000000d5900000|100%| O|  |TAMS 0x00000000d5900000, 0x00000000d5800000| Untracked 
|  89|0x00000000d5900000, 0x00000000d5a00000, 0x00000000d5a00000|100%| O|  |TAMS 0x00000000d5a00000, 0x00000000d5900000| Untracked 
|  90|0x00000000d5a00000, 0x00000000d5b00000, 0x00000000d5b00000|100%| O|  |TAMS 0x00000000d5b00000, 0x00000000d5a00000| Untracked 
|  91|0x00000000d5b00000, 0x00000000d5c00000, 0x00000000d5c00000|100%| O|  |TAMS 0x00000000d5c00000, 0x00000000d5b00000| Untracked 
|  92|0x00000000d5c00000, 0x00000000d5d00000, 0x00000000d5d00000|100%| O|  |TAMS 0x00000000d5d00000, 0x00000000d5c00000| Untracked 
|  93|0x00000000d5d00000, 0x00000000d5e00000, 0x00000000d5e00000|100%| O|  |TAMS 0x00000000d5e00000, 0x00000000d5d00000| Untracked 
|  94|0x00000000d5e00000, 0x00000000d5f00000, 0x00000000d5f00000|100%| O|  |TAMS 0x00000000d5f00000, 0x00000000d5e00000| Untracked 
|  95|0x00000000d5f00000, 0x00000000d6000000, 0x00000000d6000000|100%| O|  |TAMS 0x00000000d6000000, 0x00000000d5f00000| Untracked 
|  96|0x00000000d6000000, 0x00000000d6100000, 0x00000000d6100000|100%| O|  |TAMS 0x00000000d6100000, 0x00000000d6000000| Untracked 
|  97|0x00000000d6100000, 0x00000000d6200000, 0x00000000d6200000|100%| O|  |TAMS 0x00000000d6200000, 0x00000000d6100000| Untracked 
|  98|0x00000000d6200000, 0x00000000d6300000, 0x00000000d6300000|100%| O|  |TAMS 0x00000000d6300000, 0x00000000d6200000| Untracked 
|  99|0x00000000d6300000, 0x00000000d6400000, 0x00000000d6400000|100%| O|  |TAMS 0x00000000d6400000, 0x00000000d6300000| Untracked 
| 100|0x00000000d6400000, 0x00000000d6500000, 0x00000000d6500000|100%| O|  |TAMS 0x00000000d6500000, 0x00000000d6400000| Untracked 
| 101|0x00000000d6500000, 0x00000000d6600000, 0x00000000d6600000|100%| O|  |TAMS 0x00000000d6600000, 0x00000000d6500000| Untracked 
| 102|0x00000000d6600000, 0x00000000d6700000, 0x00000000d6700000|100%| O|  |TAMS 0x00000000d6600000, 0x00000000d6600000| Untracked 
| 103|0x00000000d6700000, 0x00000000d6800000, 0x00000000d6800000|100%| O|  |TAMS 0x00000000d6700000, 0x00000000d6700000| Untracked 
| 104|0x00000000d6800000, 0x00000000d6900000, 0x00000000d6900000|100%| O|  |TAMS 0x00000000d6800000, 0x00000000d6800000| Untracked 
| 105|0x00000000d6900000, 0x00000000d6a00000, 0x00000000d6a00000|100%| O|  |TAMS 0x00000000d6a00000, 0x00000000d6900000| Untracked 
| 106|0x00000000d6a00000, 0x00000000d6b00000, 0x00000000d6b00000|100%| O|  |TAMS 0x00000000d6b00000, 0x00000000d6a00000| Untracked 
| 107|0x00000000d6b00000, 0x00000000d6c00000, 0x00000000d6c00000|100%| O|  |TAMS 0x00000000d6c00000, 0x00000000d6b00000| Untracked 
| 108|0x00000000d6c00000, 0x00000000d6d00000, 0x00000000d6d00000|100%| O|  |TAMS 0x00000000d6d00000, 0x00000000d6c00000| Untracked 
| 109|0x00000000d6d00000, 0x00000000d6e00000, 0x00000000d6e00000|100%| O|  |TAMS 0x00000000d6e00000, 0x00000000d6d00000| Untracked 
| 110|0x00000000d6e00000, 0x00000000d6f00000, 0x00000000d6f00000|100%| O|  |TAMS 0x00000000d6ecf200, 0x00000000d6e00000| Untracked 
| 111|0x00000000d6f00000, 0x00000000d7000000, 0x00000000d7000000|100%| O|  |TAMS 0x00000000d6f00000, 0x00000000d6f00000| Untracked 
| 112|0x00000000d7000000, 0x00000000d7100000, 0x00000000d7100000|100%| O|  |TAMS 0x00000000d7000000, 0x00000000d7000000| Untracked 
| 113|0x00000000d7100000, 0x00000000d7200000, 0x00000000d7200000|100%| O|  |TAMS 0x00000000d7100000, 0x00000000d7100000| Untracked 
| 114|0x00000000d7200000, 0x00000000d7300000, 0x00000000d7300000|100%| O|  |TAMS 0x00000000d7200000, 0x00000000d7200000| Untracked 
| 115|0x00000000d7300000, 0x00000000d7400000, 0x00000000d7400000|100%| O|  |TAMS 0x00000000d7300000, 0x00000000d7300000| Untracked 
| 116|0x00000000d7400000, 0x00000000d7500000, 0x00000000d7500000|100%| O|  |TAMS 0x00000000d7400000, 0x00000000d7400000| Untracked 
| 117|0x00000000d7500000, 0x00000000d7600000, 0x00000000d7600000|100%| O|  |TAMS 0x00000000d7500000, 0x00000000d7500000| Untracked 
| 118|0x00000000d7600000, 0x00000000d7700000, 0x00000000d7700000|100%| O|  |TAMS 0x00000000d7600000, 0x00000000d7600000| Untracked 
| 119|0x00000000d7700000, 0x00000000d7800000, 0x00000000d7800000|100%| O|  |TAMS 0x00000000d7700000, 0x00000000d7700000| Untracked 
| 120|0x00000000d7800000, 0x00000000d7900000, 0x00000000d7900000|100%| O|  |TAMS 0x00000000d7800000, 0x00000000d7800000| Untracked 
| 121|0x00000000d7900000, 0x00000000d7a00000, 0x00000000d7a00000|100%| O|  |TAMS 0x00000000d7900000, 0x00000000d7900000| Untracked 
| 122|0x00000000d7a00000, 0x00000000d7b00000, 0x00000000d7b00000|100%| O|  |TAMS 0x00000000d7a00000, 0x00000000d7a00000| Untracked 
| 123|0x00000000d7b00000, 0x00000000d7c00000, 0x00000000d7c00000|100%| O|  |TAMS 0x00000000d7b00000, 0x00000000d7b00000| Untracked 
| 124|0x00000000d7c00000, 0x00000000d7d00000, 0x00000000d7d00000|100%| O|  |TAMS 0x00000000d7c00000, 0x00000000d7c00000| Untracked 
| 125|0x00000000d7d00000, 0x00000000d7e00000, 0x00000000d7e00000|100%| O|  |TAMS 0x00000000d7d00000, 0x00000000d7d00000| Untracked 
| 126|0x00000000d7e00000, 0x00000000d7f00000, 0x00000000d7f00000|100%| O|  |TAMS 0x00000000d7e00000, 0x00000000d7e00000| Untracked 
| 127|0x00000000d7f00000, 0x00000000d8000000, 0x00000000d8000000|100%| O|  |TAMS 0x00000000d7f00000, 0x00000000d7f00000| Untracked 
| 128|0x00000000d8000000, 0x00000000d8100000, 0x00000000d8100000|100%| O|  |TAMS 0x00000000d8000000, 0x00000000d8000000| Untracked 
| 129|0x00000000d8100000, 0x00000000d8130400, 0x00000000d8200000| 18%| O|  |TAMS 0x00000000d8100000, 0x00000000d8100000| Untracked 
| 130|0x00000000d8200000, 0x00000000d8200000, 0x00000000d8300000|  0%| F|  |TAMS 0x00000000d8200000, 0x00000000d8200000| Untracked 
| 131|0x00000000d8300000, 0x00000000d8300000, 0x00000000d8400000|  0%| F|  |TAMS 0x00000000d8300000, 0x00000000d8300000| Untracked 
| 132|0x00000000d8400000, 0x00000000d8400000, 0x00000000d8500000|  0%| F|  |TAMS 0x00000000d8400000, 0x00000000d8400000| Untracked 
| 133|0x00000000d8500000, 0x00000000d8500000, 0x00000000d8600000|  0%| F|  |TAMS 0x00000000d8500000, 0x00000000d8500000| Untracked 
| 134|0x00000000d8600000, 0x00000000d8600000, 0x00000000d8700000|  0%| F|  |TAMS 0x00000000d8600000, 0x00000000d8600000| Untracked 
| 135|0x00000000d8700000, 0x00000000d8700000, 0x00000000d8800000|  0%| F|  |TAMS 0x00000000d8700000, 0x00000000d8700000| Untracked 
| 136|0x00000000d8800000, 0x00000000d8800000, 0x00000000d8900000|  0%| F|  |TAMS 0x00000000d8800000, 0x00000000d8800000| Untracked 
| 137|0x00000000d8900000, 0x00000000d8900000, 0x00000000d8a00000|  0%| F|  |TAMS 0x00000000d8900000, 0x00000000d8900000| Untracked 
| 138|0x00000000d8a00000, 0x00000000d8a00000, 0x00000000d8b00000|  0%| F|  |TAMS 0x00000000d8a00000, 0x00000000d8a00000| Untracked 
| 139|0x00000000d8b00000, 0x00000000d8b00000, 0x00000000d8c00000|  0%| F|  |TAMS 0x00000000d8b00000, 0x00000000d8b00000| Untracked 
| 140|0x00000000d8c00000, 0x00000000d8c00000, 0x00000000d8d00000|  0%| F|  |TAMS 0x00000000d8c00000, 0x00000000d8c00000| Untracked 
| 141|0x00000000d8d00000, 0x00000000d8d00000, 0x00000000d8e00000|  0%| F|  |TAMS 0x00000000d8d00000, 0x00000000d8d00000| Untracked 
| 142|0x00000000d8e00000, 0x00000000d8e00000, 0x00000000d8f00000|  0%| F|  |TAMS 0x00000000d8e00000, 0x00000000d8e00000| Untracked 
| 143|0x00000000d8f00000, 0x00000000d8f00000, 0x00000000d9000000|  0%| F|  |TAMS 0x00000000d8f00000, 0x00000000d8f00000| Untracked 
| 144|0x00000000d9000000, 0x00000000d9000000, 0x00000000d9100000|  0%| F|  |TAMS 0x00000000d9000000, 0x00000000d9000000| Untracked 
| 145|0x00000000d9100000, 0x00000000d9100000, 0x00000000d9200000|  0%| F|  |TAMS 0x00000000d9100000, 0x00000000d9100000| Untracked 
| 146|0x00000000d9200000, 0x00000000d9200000, 0x00000000d9300000|  0%| F|  |TAMS 0x00000000d9200000, 0x00000000d9200000| Untracked 
| 147|0x00000000d9300000, 0x00000000d9300000, 0x00000000d9400000|  0%| F|  |TAMS 0x00000000d9300000, 0x00000000d9300000| Untracked 
| 148|0x00000000d9400000, 0x00000000d9400000, 0x00000000d9500000|  0%| F|  |TAMS 0x00000000d9400000, 0x00000000d9400000| Untracked 
| 149|0x00000000d9500000, 0x00000000d9500000, 0x00000000d9600000|  0%| F|  |TAMS 0x00000000d9500000, 0x00000000d9500000| Untracked 
| 150|0x00000000d9600000, 0x00000000d9600000, 0x00000000d9700000|  0%| F|  |TAMS 0x00000000d9600000, 0x00000000d9600000| Untracked 
| 151|0x00000000d9700000, 0x00000000d9700000, 0x00000000d9800000|  0%| F|  |TAMS 0x00000000d9700000, 0x00000000d9700000| Untracked 
| 152|0x00000000d9800000, 0x00000000d983b1b0, 0x00000000d9900000| 23%| S|CS|TAMS 0x00000000d9800000, 0x00000000d9800000| Complete 
| 153|0x00000000d9900000, 0x00000000d9a00000, 0x00000000d9a00000|100%| S|CS|TAMS 0x00000000d9900000, 0x00000000d9900000| Complete 
| 154|0x00000000d9a00000, 0x00000000d9b00000, 0x00000000d9b00000|100%| S|CS|TAMS 0x00000000d9a00000, 0x00000000d9a00000| Complete 
| 155|0x00000000d9b00000, 0x00000000d9b00000, 0x00000000d9c00000|  0%| F|  |TAMS 0x00000000d9b00000, 0x00000000d9b00000| Untracked 
| 156|0x00000000d9c00000, 0x00000000d9c00000, 0x00000000d9d00000|  0%| F|  |TAMS 0x00000000d9c00000, 0x00000000d9c00000| Untracked 
| 157|0x00000000d9d00000, 0x00000000d9e00000, 0x00000000d9e00000|100%| S|CS|TAMS 0x00000000d9d00000, 0x00000000d9d00000| Complete 
| 158|0x00000000d9e00000, 0x00000000d9f00000, 0x00000000d9f00000|100%| S|CS|TAMS 0x00000000d9e00000, 0x00000000d9e00000| Complete 
| 159|0x00000000d9f00000, 0x00000000d9f00000, 0x00000000da000000|  0%| F|  |TAMS 0x00000000d9f00000, 0x00000000d9f00000| Untracked 
| 160|0x00000000da000000, 0x00000000da000000, 0x00000000da100000|  0%| F|  |TAMS 0x00000000da000000, 0x00000000da000000| Untracked 
| 161|0x00000000da100000, 0x00000000da100000, 0x00000000da200000|  0%| F|  |TAMS 0x00000000da100000, 0x00000000da100000| Untracked 
| 162|0x00000000da200000, 0x00000000da200000, 0x00000000da300000|  0%| F|  |TAMS 0x00000000da200000, 0x00000000da200000| Untracked 
| 163|0x00000000da300000, 0x00000000da300000, 0x00000000da400000|  0%| F|  |TAMS 0x00000000da300000, 0x00000000da300000| Untracked 
| 164|0x00000000da400000, 0x00000000da400000, 0x00000000da500000|  0%| F|  |TAMS 0x00000000da400000, 0x00000000da400000| Untracked 
| 165|0x00000000da500000, 0x00000000da500000, 0x00000000da600000|  0%| F|  |TAMS 0x00000000da500000, 0x00000000da500000| Untracked 
| 166|0x00000000da600000, 0x00000000da600000, 0x00000000da700000|  0%| F|  |TAMS 0x00000000da600000, 0x00000000da600000| Untracked 
| 167|0x00000000da700000, 0x00000000da700000, 0x00000000da800000|  0%| F|  |TAMS 0x00000000da700000, 0x00000000da700000| Untracked 
| 168|0x00000000da800000, 0x00000000da8c4138, 0x00000000da900000| 76%| E|  |TAMS 0x00000000da800000, 0x00000000da800000| Complete 
| 169|0x00000000da900000, 0x00000000daa00000, 0x00000000daa00000|100%| E|CS|TAMS 0x00000000da900000, 0x00000000da900000| Complete 
| 170|0x00000000daa00000, 0x00000000dab00000, 0x00000000dab00000|100%| E|CS|TAMS 0x00000000daa00000, 0x00000000daa00000| Complete 
| 171|0x00000000dab00000, 0x00000000dac00000, 0x00000000dac00000|100%| E|CS|TAMS 0x00000000dab00000, 0x00000000dab00000| Complete 
| 172|0x00000000dac00000, 0x00000000dad00000, 0x00000000dad00000|100%| E|CS|TAMS 0x00000000dac00000, 0x00000000dac00000| Complete 
| 173|0x00000000dad00000, 0x00000000dae00000, 0x00000000dae00000|100%| E|CS|TAMS 0x00000000dad00000, 0x00000000dad00000| Complete 
| 174|0x00000000dae00000, 0x00000000daf00000, 0x00000000daf00000|100%| E|CS|TAMS 0x00000000dae00000, 0x00000000dae00000| Complete 
| 175|0x00000000daf00000, 0x00000000db000000, 0x00000000db000000|100%| E|CS|TAMS 0x00000000daf00000, 0x00000000daf00000| Complete 
| 176|0x00000000db000000, 0x00000000db100000, 0x00000000db100000|100%| E|CS|TAMS 0x00000000db000000, 0x00000000db000000| Complete 
| 177|0x00000000db100000, 0x00000000db200000, 0x00000000db200000|100%| E|CS|TAMS 0x00000000db100000, 0x00000000db100000| Complete 
| 178|0x00000000db200000, 0x00000000db300000, 0x00000000db300000|100%| E|CS|TAMS 0x00000000db200000, 0x00000000db200000| Complete 
| 179|0x00000000db300000, 0x00000000db400000, 0x00000000db400000|100%| E|  |TAMS 0x00000000db300000, 0x00000000db300000| Complete 
| 180|0x00000000db400000, 0x00000000db500000, 0x00000000db500000|100%| E|CS|TAMS 0x00000000db400000, 0x00000000db400000| Complete 
| 181|0x00000000db500000, 0x00000000db600000, 0x00000000db600000|100%| E|CS|TAMS 0x00000000db500000, 0x00000000db500000| Complete 
| 182|0x00000000db600000, 0x00000000db700000, 0x00000000db700000|100%| E|CS|TAMS 0x00000000db600000, 0x00000000db600000| Complete 
| 183|0x00000000db700000, 0x00000000db800000, 0x00000000db800000|100%| E|CS|TAMS 0x00000000db700000, 0x00000000db700000| Complete 
| 184|0x00000000db800000, 0x00000000db900000, 0x00000000db900000|100%| E|CS|TAMS 0x00000000db800000, 0x00000000db800000| Complete 
| 185|0x00000000db900000, 0x00000000dba00000, 0x00000000dba00000|100%| E|CS|TAMS 0x00000000db900000, 0x00000000db900000| Complete 
| 186|0x00000000dba00000, 0x00000000dbb00000, 0x00000000dbb00000|100%| E|CS|TAMS 0x00000000dba00000, 0x00000000dba00000| Complete 
| 187|0x00000000dbb00000, 0x00000000dbc00000, 0x00000000dbc00000|100%| E|CS|TAMS 0x00000000dbb00000, 0x00000000dbb00000| Complete 
| 188|0x00000000dbc00000, 0x00000000dbd00000, 0x00000000dbd00000|100%| E|CS|TAMS 0x00000000dbc00000, 0x00000000dbc00000| Complete 
| 189|0x00000000dbd00000, 0x00000000dbe00000, 0x00000000dbe00000|100%| E|CS|TAMS 0x00000000dbd00000, 0x00000000dbd00000| Complete 
| 190|0x00000000dbe00000, 0x00000000dbf00000, 0x00000000dbf00000|100%| E|CS|TAMS 0x00000000dbe00000, 0x00000000dbe00000| Complete 
| 235|0x00000000deb00000, 0x00000000dec00000, 0x00000000dec00000|100%| E|CS|TAMS 0x00000000deb00000, 0x00000000deb00000| Complete 
| 236|0x00000000dec00000, 0x00000000ded00000, 0x00000000ded00000|100%| E|CS|TAMS 0x00000000dec00000, 0x00000000dec00000| Complete 
| 255|0x00000000dff00000, 0x00000000e0000000, 0x00000000e0000000|100%| E|CS|TAMS 0x00000000dff00000, 0x00000000dff00000| Complete 

Card table byte_map: [0x000002145fe10000,0x000002145ff90000] _byte_map_base: 0x000002145f790000

Marking Bits (Prev, Next): (CMBitMap*) 0x00000214470fc440, (CMBitMap*) 0x00000214470fc400
 Prev Bits: [0x0000021460d10000, 0x0000021461910000)
 Next Bits: [0x0000021460110000, 0x0000021460d10000)

Polling page: 0x0000021447220000

Metaspace:

Usage:
  Non-class:     86.01 MB used.
      Class:     13.78 MB used.
       Both:     99.79 MB used.

Virtual space:
  Non-class space:      128.00 MB reserved,      86.44 MB ( 68%) committed,  2 nodes.
      Class space:        1.00 GB reserved,      14.19 MB (  1%) committed,  1 nodes.
             Both:        1.12 GB reserved,     100.62 MB (  9%) committed. 

Chunk freelists:
   Non-Class:  8.83 MB
       Class:  1.75 MB
        Both:  10.58 MB

MaxMetaspaceSize: unlimited
CompressedClassSpaceSize: 1.00 GB
Initial GC threshold: 21.00 MB
Current GC threshold: 156.88 MB
CDS: on
MetaspaceReclaimPolicy: balanced
 - commit_granule_bytes: 65536.
 - commit_granule_words: 8192.
 - virtual_space_node_default_size: 8388608.
 - enlarge_chunks_in_place: 1.
 - new_chunks_are_fully_committed: 0.
 - uncommit_free_chunks: 1.
 - use_allocation_guard: 0.
 - handle_deallocations: 1.


Internal statistics:

num_allocs_failed_limit: 6.
num_arena_births: 1396.
num_arena_deaths: 0.
num_vsnodes_births: 3.
num_vsnodes_deaths: 0.
num_space_committed: 1609.
num_space_uncommitted: 0.
num_chunks_returned_to_freelist: 6.
num_chunks_taken_from_freelist: 5829.
num_chunk_merges: 6.
num_chunk_splits: 3757.
num_chunks_enlarged: 2417.
num_inconsistent_stats: 0.

CodeHeap 'non-profiled nmethods': size=120000Kb used=10019Kb max_used=10019Kb free=109980Kb
 bounds [0x00000214588e0000, 0x00000214592b0000, 0x000002145fe10000]
CodeHeap 'profiled nmethods': size=120000Kb used=25988Kb max_used=25988Kb free=94012Kb
 bounds [0x0000021450e10000, 0x0000021452780000, 0x0000021458340000]
CodeHeap 'non-nmethods': size=5760Kb used=1744Kb max_used=1875Kb free=4015Kb
 bounds [0x0000021458340000, 0x00000214585b0000, 0x00000214588e0000]
 total_blobs=14205 nmethods=13364 adapters=753
 compilation: enabled
              stopped_count=0, restarted_count=0
 full_count=0

Compilation events (20 events):
Event: 73.490 Thread 0x0000021463f1be80 nmethod 15655 0x00000214592a7090 code [0x00000214592a7280, 0x00000214592a7a10]
Event: 73.497 Thread 0x0000021463f1c940 15660       3       java.io.ObjectStreamClass::computeFieldOffsets (308 bytes)
Event: 73.498 Thread 0x0000021463f1c940 nmethod 15660 0x000002145276a110 code [0x000002145276a380, 0x000002145276afe8]
Event: 73.567 Thread 0x0000021463f1c940 15661       3       java.lang.invoke.LambdaFormBuffer::replaceFunctions (121 bytes)
Event: 73.568 Thread 0x0000021463f1c940 nmethod 15661 0x000002145276b390 code [0x000002145276b5e0, 0x000002145276bf88]
Event: 73.569 Thread 0x0000021463f1be80 15662       4       java.lang.invoke.LambdaForm::internArgument (85 bytes)
Event: 73.573 Thread 0x0000021463f1be80 nmethod 15662 0x00000214592a7e10 code [0x00000214592a7fa0, 0x00000214592a80f8]
Event: 73.573 Thread 0x0000021463f1be80 15663       4       jdk.internal.org.objectweb.asm.Type::getTypeInternal (199 bytes)
Event: 73.580 Thread 0x0000021463f1be80 nmethod 15663 0x00000214592a8290 code [0x00000214592a8440, 0x00000214592a8718]
Event: 73.924 Thread 0x0000021463f1c940 15664       3       sun.nio.fs.WindowsPathParser::normalize (233 bytes)
Event: 73.930 Thread 0x0000021463f1c940 nmethod 15664 0x000002145276c310 code [0x000002145276c8e0, 0x000002145276f5a8]
Event: 75.469 Thread 0x0000021463f1c940 15665       1       java.lang.management.MemoryUsage::getUsed (5 bytes)
Event: 75.470 Thread 0x0000021463f1c940 nmethod 15665 0x00000214592a8990 code [0x00000214592a8b20, 0x00000214592a8bf8]
Event: 75.472 Thread 0x0000021463f1c940 15666       3       org.gradle.internal.serialize.InputStreamBackedDecoder::readString (8 bytes)
Event: 75.473 Thread 0x0000021463f1c940 nmethod 15666 0x0000021452770710 code [0x00000214527708c0, 0x0000021452770a68]
Event: 81.133 Thread 0x0000021463f1be80 15667       4       java.util.Spliterators$EmptySpliterator$OfRef::forEachRemaining (6 bytes)
Event: 81.134 Thread 0x0000021463f1be80 nmethod 15667 0x00000214592a8c90 code [0x00000214592a8e20, 0x00000214592a8eb8]
Event: 84.140 Thread 0x0000021463f1c940 15668       3       java.util.HashMap$Values::spliterator (16 bytes)
Event: 84.140 Thread 0x0000021463f1c940 nmethod 15668 0x0000021452770b90 code [0x0000021452770d40, 0x0000021452770f08]
Event: 95.168 Thread 0x0000021463f1be80 15669       4       javax.management.ObjectName::construct (1135 bytes)

GC Heap History (20 events):
Event: 55.222 GC heap before
{Heap before GC invocations=69 (full 0):
 garbage-first heap   total 198656K, used 118798K [0x00000000d0000000, 0x0000000100000000)
  region size 1024K, 9 young (9216K), 6 survivors (6144K)
 Metaspace       used 96121K, committed 96896K, reserved 1179648K
  class space    used 13369K, committed 13760K, reserved 1048576K
}
Event: 55.232 GC heap after
{Heap after GC invocations=70 (full 0):
 garbage-first heap   total 198656K, used 117036K [0x00000000d0000000, 0x0000000100000000)
  region size 1024K, 1 young (1024K), 1 survivors (1024K)
 Metaspace       used 96121K, committed 96896K, reserved 1179648K
  class space    used 13369K, committed 13760K, reserved 1048576K
}
Event: 56.434 GC heap before
{Heap before GC invocations=70 (full 0):
 garbage-first heap   total 198656K, used 167212K [0x00000000d0000000, 0x0000000100000000)
  region size 1024K, 51 young (52224K), 1 survivors (1024K)
 Metaspace       used 96189K, committed 96960K, reserved 1179648K
  class space    used 13377K, committed 13760K, reserved 1048576K
}
Event: 56.439 GC heap after
{Heap after GC invocations=71 (full 0):
 garbage-first heap   total 198656K, used 118942K [0x00000000d0000000, 0x0000000100000000)
  region size 1024K, 3 young (3072K), 3 survivors (3072K)
 Metaspace       used 96189K, committed 96960K, reserved 1179648K
  class space    used 13377K, committed 13760K, reserved 1048576K
}
Event: 57.830 GC heap before
{Heap before GC invocations=71 (full 0):
 garbage-first heap   total 198656K, used 167070K [0x00000000d0000000, 0x0000000100000000)
  region size 1024K, 51 young (52224K), 3 survivors (3072K)
 Metaspace       used 96191K, committed 96960K, reserved 1179648K
  class space    used 13377K, committed 13760K, reserved 1048576K
}
Event: 57.838 GC heap after
{Heap after GC invocations=72 (full 0):
 garbage-first heap   total 198656K, used 120807K [0x00000000d0000000, 0x0000000100000000)
  region size 1024K, 5 young (5120K), 5 survivors (5120K)
 Metaspace       used 96191K, committed 96960K, reserved 1179648K
  class space    used 13377K, committed 13760K, reserved 1048576K
}
Event: 59.146 GC heap before
{Heap before GC invocations=72 (full 0):
 garbage-first heap   total 198656K, used 167911K [0x00000000d0000000, 0x0000000100000000)
  region size 1024K, 52 young (53248K), 5 survivors (5120K)
 Metaspace       used 96890K, committed 97728K, reserved 1179648K
  class space    used 13456K, committed 13888K, reserved 1048576K
}
Event: 59.164 GC heap after
{Heap after GC invocations=73 (full 0):
 garbage-first heap   total 198656K, used 124900K [0x00000000d0000000, 0x0000000100000000)
  region size 1024K, 6 young (6144K), 6 survivors (6144K)
 Metaspace       used 96890K, committed 97728K, reserved 1179648K
  class space    used 13456K, committed 13888K, reserved 1048576K
}
Event: 60.466 GC heap before
{Heap before GC invocations=73 (full 0):
 garbage-first heap   total 198656K, used 167908K [0x00000000d0000000, 0x0000000100000000)
  region size 1024K, 49 young (50176K), 6 survivors (6144K)
 Metaspace       used 96975K, committed 97856K, reserved 1179648K
  class space    used 13469K, committed 13888K, reserved 1048576K
}
Event: 60.478 GC heap after
{Heap after GC invocations=74 (full 0):
 garbage-first heap   total 198656K, used 126391K [0x00000000d0000000, 0x0000000100000000)
  region size 1024K, 2 young (2048K), 2 survivors (2048K)
 Metaspace       used 96975K, committed 97856K, reserved 1179648K
  class space    used 13469K, committed 13888K, reserved 1048576K
}
Event: 61.345 GC heap before
{Heap before GC invocations=74 (full 0):
 garbage-first heap   total 198656K, used 169399K [0x00000000d0000000, 0x0000000100000000)
  region size 1024K, 45 young (46080K), 2 survivors (2048K)
 Metaspace       used 97041K, committed 97920K, reserved 1179648K
  class space    used 13477K, committed 13888K, reserved 1048576K
}
Event: 61.351 GC heap after
{Heap after GC invocations=75 (full 0):
 garbage-first heap   total 198656K, used 127231K [0x00000000d0000000, 0x0000000100000000)
  region size 1024K, 3 young (3072K), 3 survivors (3072K)
 Metaspace       used 97041K, committed 97920K, reserved 1179648K
  class space    used 13477K, committed 13888K, reserved 1048576K
}
Event: 66.569 GC heap before
{Heap before GC invocations=75 (full 0):
 garbage-first heap   total 198656K, used 169215K [0x00000000d0000000, 0x0000000100000000)
  region size 1024K, 45 young (46080K), 3 survivors (3072K)
 Metaspace       used 97737K, committed 98560K, reserved 1179648K
  class space    used 13558K, committed 13952K, reserved 1048576K
}
Event: 66.579 GC heap after
{Heap after GC invocations=76 (full 0):
 garbage-first heap   total 198656K, used 132314K [0x00000000d0000000, 0x0000000100000000)
  region size 1024K, 6 young (6144K), 6 survivors (6144K)
 Metaspace       used 97737K, committed 98560K, reserved 1179648K
  class space    used 13558K, committed 13952K, reserved 1048576K
}
Event: 67.401 GC heap before
{Heap before GC invocations=76 (full 0):
 garbage-first heap   total 198656K, used 167130K [0x00000000d0000000, 0x0000000100000000)
  region size 1024K, 41 young (41984K), 6 survivors (6144K)
 Metaspace       used 98118K, committed 99008K, reserved 1179648K
  class space    used 13587K, committed 14016K, reserved 1048576K
}
Event: 67.413 GC heap after
{Heap after GC invocations=77 (full 0):
 garbage-first heap   total 198656K, used 133831K [0x00000000d0000000, 0x0000000100000000)
  region size 1024K, 2 young (2048K), 2 survivors (2048K)
 Metaspace       used 98118K, committed 99008K, reserved 1179648K
  class space    used 13587K, committed 14016K, reserved 1048576K
}
Event: 68.345 GC heap before
{Heap before GC invocations=77 (full 0):
 garbage-first heap   total 198656K, used 167623K [0x00000000d0000000, 0x0000000100000000)
  region size 1024K, 36 young (36864K), 2 survivors (2048K)
 Metaspace       used 98197K, committed 99072K, reserved 1179648K
  class space    used 13598K, committed 14016K, reserved 1048576K
}
Event: 68.353 GC heap after
{Heap after GC invocations=78 (full 0):
 garbage-first heap   total 198656K, used 135027K [0x00000000d0000000, 0x0000000100000000)
  region size 1024K, 3 young (3072K), 3 survivors (3072K)
 Metaspace       used 98197K, committed 99072K, reserved 1179648K
  class space    used 13598K, committed 14016K, reserved 1048576K
}
Event: 70.677 GC heap before
{Heap before GC invocations=78 (full 0):
 garbage-first heap   total 198656K, used 168819K [0x00000000d0000000, 0x0000000100000000)
  region size 1024K, 37 young (37888K), 3 survivors (3072K)
 Metaspace       used 99533K, committed 100352K, reserved 1179648K
  class space    used 13766K, committed 14144K, reserved 1048576K
}
Event: 70.686 GC heap after
{Heap after GC invocations=79 (full 0):
 garbage-first heap   total 198656K, used 136621K [0x00000000d0000000, 0x0000000100000000)
  region size 1024K, 5 young (5120K), 5 survivors (5120K)
 Metaspace       used 99533K, committed 100352K, reserved 1179648K
  class space    used 13766K, committed 14144K, reserved 1048576K
}

Dll operation events (16 events):
Event: 0.020 Loaded shared library C:\Program Files\Eclipse Adoptium\jdk-17.0.16.8-hotspot\bin\java.dll
Event: 0.048 Loaded shared library C:\Program Files\Eclipse Adoptium\jdk-17.0.16.8-hotspot\bin\jsvml.dll
Event: 0.135 Loaded shared library C:\Program Files\Eclipse Adoptium\jdk-17.0.16.8-hotspot\bin\zip.dll
Event: 0.139 Loaded shared library C:\Program Files\Eclipse Adoptium\jdk-17.0.16.8-hotspot\bin\instrument.dll
Event: 0.146 Loaded shared library C:\Program Files\Eclipse Adoptium\jdk-17.0.16.8-hotspot\bin\net.dll
Event: 0.149 Loaded shared library C:\Program Files\Eclipse Adoptium\jdk-17.0.16.8-hotspot\bin\nio.dll
Event: 0.152 Loaded shared library C:\Program Files\Eclipse Adoptium\jdk-17.0.16.8-hotspot\bin\zip.dll
Event: 0.668 Loaded shared library C:\Program Files\Eclipse Adoptium\jdk-17.0.16.8-hotspot\bin\jimage.dll
Event: 1.087 Loaded shared library C:\Program Files\Eclipse Adoptium\jdk-17.0.16.8-hotspot\bin\verify.dll
Event: 1.586 Loaded shared library C:\Users\HP\.gradle\native\c067742578af261105cb4f569cf0c3c89f3d7b1fecec35dd04571415982c5e48\windows-amd64\native-platform.dll
Event: 1.621 Loaded shared library C:\Users\HP\.gradle\native\100fb08df4bc3b14c8652ba06237920a3bd2aa13389f12d3474272988ae205f9\windows-amd64\native-platform-file-events.dll
Event: 4.051 Loaded shared library C:\Program Files\Eclipse Adoptium\jdk-17.0.16.8-hotspot\bin\management.dll
Event: 4.055 Loaded shared library C:\Program Files\Eclipse Adoptium\jdk-17.0.16.8-hotspot\bin\management_ext.dll
Event: 4.674 Loaded shared library C:\Program Files\Eclipse Adoptium\jdk-17.0.16.8-hotspot\bin\extnet.dll
Event: 6.125 Loaded shared library C:\Program Files\Eclipse Adoptium\jdk-17.0.16.8-hotspot\bin\sunmscapi.dll
Event: 73.296 Loaded shared library C:\Program Files\Eclipse Adoptium\jdk-17.0.16.8-hotspot\bin\rmi.dll

Deoptimization events (20 events):
Event: 73.281 Thread 0x000002146eb108d0 Uncommon trap: trap_request=0xffffff6e fr.pc=0x0000021458952580 relative=0x00000000000001e0
Event: 73.281 Thread 0x000002146eb108d0 Uncommon trap: reason=loop_limit_check action=maybe_recompile pc=0x0000021458952580 method=java.lang.StringLatin1.lastIndexOf([BII)I @ 19 c2
Event: 73.281 Thread 0x000002146eb108d0 DEOPT PACKING pc=0x0000021458952580 sp=0x00000043dcbfd0d0
Event: 73.281 Thread 0x000002146eb108d0 DEOPT UNPACKING pc=0x00000214583969a3 sp=0x00000043dcbfcf88 mode 2
Event: 73.281 Thread 0x000002146eb108d0 Uncommon trap: trap_request=0xffffff6e fr.pc=0x0000021458ca0a64 relative=0x00000000000001c4
Event: 73.281 Thread 0x000002146eb108d0 Uncommon trap: reason=loop_limit_check action=maybe_recompile pc=0x0000021458ca0a64 method=java.lang.StringLatin1.lastIndexOf([BII)I @ 19 c2
Event: 73.281 Thread 0x000002146eb108d0 DEOPT PACKING pc=0x0000021458ca0a64 sp=0x00000043dcbfd030
Event: 73.281 Thread 0x000002146eb108d0 DEOPT UNPACKING pc=0x00000214583969a3 sp=0x00000043dcbfcf58 mode 2
Event: 73.300 Thread 0x000002146eb108d0 Uncommon trap: trap_request=0xffffff45 fr.pc=0x0000021458a9fed0 relative=0x0000000000000910
Event: 73.300 Thread 0x000002146eb108d0 Uncommon trap: reason=unstable_if action=reinterpret pc=0x0000021458a9fed0 method=java.util.WeakHashMap.matchesKey(Ljava/util/WeakHashMap$Entry;Ljava/lang/Object;)Z @ 5 c2
Event: 73.300 Thread 0x000002146eb108d0 DEOPT PACKING pc=0x0000021458a9fed0 sp=0x00000043dcbfd760
Event: 73.300 Thread 0x000002146eb108d0 DEOPT UNPACKING pc=0x00000214583969a3 sp=0x00000043dcbfd6c8 mode 2
Event: 73.414 Thread 0x000002146eb108d0 Uncommon trap: trap_request=0xffffff45 fr.pc=0x0000021458c52954 relative=0x0000000000000614
Event: 73.414 Thread 0x000002146eb108d0 Uncommon trap: reason=unstable_if action=reinterpret pc=0x0000021458c52954 method=java.lang.String.valueOf(Ljava/lang/Object;)Ljava/lang/String; @ 1 c2
Event: 73.414 Thread 0x000002146eb108d0 DEOPT PACKING pc=0x0000021458c52954 sp=0x00000043dcbfe430
Event: 73.414 Thread 0x000002146eb108d0 DEOPT UNPACKING pc=0x00000214583969a3 sp=0x00000043dcbfe3c8 mode 2
Event: 73.414 Thread 0x000002146eb108d0 Uncommon trap: trap_request=0xffffff45 fr.pc=0x000002145900e464 relative=0x0000000000000044
Event: 73.414 Thread 0x000002146eb108d0 Uncommon trap: reason=unstable_if action=reinterpret pc=0x000002145900e464 method=java.lang.String.valueOf(Ljava/lang/Object;)Ljava/lang/String; @ 1 c2
Event: 73.414 Thread 0x000002146eb108d0 DEOPT PACKING pc=0x000002145900e464 sp=0x00000043dcbfe430
Event: 73.414 Thread 0x000002146eb108d0 DEOPT UNPACKING pc=0x00000214583969a3 sp=0x00000043dcbfe3d0 mode 2

Classes loaded (20 events):
Event: 73.424 Loading class sun/rmi/server/UnicastServerRef$HashToMethod_Maps$1
Event: 73.424 Loading class sun/rmi/server/UnicastServerRef$HashToMethod_Maps$1 done
Event: 73.435 Loading class sun/rmi/server/LoaderHandler$Loader
Event: 73.436 Loading class sun/rmi/server/LoaderHandler$Loader done
Event: 73.485 Loading class java/rmi/server/ServerNotActiveException
Event: 73.485 Loading class java/rmi/server/ServerNotActiveException done
Event: 73.494 Loading class sun/rmi/transport/DGCAckHandler
Event: 73.494 Loading class sun/rmi/transport/DGCAckHandler done
Event: 73.501 Loading class sun/rmi/transport/DGCAckHandler$1
Event: 73.501 Loading class sun/rmi/transport/DGCAckHandler$1 done
Event: 73.561 Loading class sun/rmi/transport/tcp/TCPTransport$ConnectionHandler
Event: 73.562 Loading class sun/rmi/transport/tcp/TCPTransport$ConnectionHandler done
Event: 73.573 Loading class sun/rmi/transport/Transport$1
Event: 73.574 Loading class sun/rmi/transport/Transport$1 done
Event: 73.576 Loading class sun/rmi/transport/DGCImpl$LeaseInfo
Event: 73.576 Loading class sun/rmi/transport/DGCImpl$LeaseInfo done
Event: 73.577 Loading class sun/rmi/transport/DGCImpl$1
Event: 73.578 Loading class sun/rmi/transport/DGCImpl$1 done
Event: 73.578 Loading class sun/rmi/transport/SequenceEntry
Event: 73.578 Loading class sun/rmi/transport/SequenceEntry done

Classes unloaded (0 events):
No events

Classes redefined (0 events):
No events

Internal exceptions (20 events):
Event: 71.290 Thread 0x000002146eb108d0 Exception <a 'java/net/ConnectException'{0x00000000db030458}: Connection refused: connect> (0x00000000db030458) 
thrown [s\src\hotspot\share\prims\jni.cpp, line 535]
Event: 71.290 Thread 0x000002146eb108d0 Exception <a 'java/net/SocketException'{0x00000000db030de8}: Socket is not connected: shutdown> (0x00000000db030de8) 
thrown [s\src\hotspot\share\prims\jni.cpp, line 535]
Event: 71.302 Thread 0x000002146eb108d0 Exception <a 'java/net/ConnectException'{0x00000000db0325c8}: Connection refused: connect> (0x00000000db0325c8) 
thrown [s\src\hotspot\share\prims\jni.cpp, line 535]
Event: 71.302 Thread 0x000002146eb108d0 Exception <a 'java/net/SocketException'{0x00000000db032e50}: Socket is not connected: shutdown> (0x00000000db032e50) 
thrown [s\src\hotspot\share\prims\jni.cpp, line 535]
Event: 71.314 Thread 0x000002146eb108d0 Exception <a 'java/net/ConnectException'{0x00000000db033e30}: Connection refused: connect> (0x00000000db033e30) 
thrown [s\src\hotspot\share\prims\jni.cpp, line 535]
Event: 71.314 Thread 0x000002146eb108d0 Exception <a 'java/net/SocketException'{0x00000000db0346b8}: Socket is not connected: shutdown> (0x00000000db0346b8) 
thrown [s\src\hotspot\share\prims\jni.cpp, line 535]
Event: 71.323 Thread 0x000002146eb108d0 Exception <a 'java/lang/NoSuchMethodError'{0x00000000db092c60}: 'int java.lang.invoke.DirectMethodHandle$Holder.invokeStatic(java.lang.Object, long)'> (0x00000000db092c60) 
thrown [s\src\hotspot\share\interpreter\linkResolver.cpp, line 759]
Event: 71.340 Thread 0x000002146eb108d0 Exception <a 'java/lang/NoSuchMethodError'{0x00000000db0f8a50}: 'int java.lang.invoke.DirectMethodHandle$Holder.invokeStatic(java.lang.Object, java.lang.Object, java.lang.Object, int)'> (0x00000000db0f8a50) 
thrown [s\src\hotspot\share\interpreter\linkResolver.cpp, line 759]
Event: 73.273 Thread 0x000002146eb108d0 Exception <a 'java/lang/NoSuchMethodError'{0x00000000daee4b30}: static Lorg/jetbrains/kotlin/daemon/common/LoopbackNetworkInterface$AbstractClientLoopbackSocketFactory;.<clinit>()V> (0x00000000daee4b30) 
thrown [s\src\hotspot\share\prims\jni.cpp, line 1112]
Event: 73.274 Thread 0x000002146eb108d0 Exception <a 'java/lang/NoSuchMethodError'{0x00000000daef0b58}: static Lorg/jetbrains/kotlin/daemon/common/LoopbackNetworkInterface$ClientLoopbackSocketFactory;.<clinit>()V> (0x00000000daef0b58) 
thrown [s\src\hotspot\share\prims\jni.cpp, line 1112]
Event: 73.307 Thread 0x000002146eb108d0 Exception <a 'java/lang/NoSuchMethodError'{0x00000000dad55f50}: static [Ljava/rmi/server/ObjID;.<clinit>()V> (0x00000000dad55f50) 
thrown [s\src\hotspot\share\prims\jni.cpp, line 1112]
Event: 73.313 Thread 0x000002146eb108d0 Exception <a 'java/lang/NoSuchMethodError'{0x00000000dad7ab50}: static [B.<clinit>()V> (0x00000000dad7ab50) 
thrown [s\src\hotspot\share\prims\jni.cpp, line 1112]
Event: 73.335 Thread 0x000002146e8e8d20 Exception <a 'java/lang/InterruptedException'{0x00000000dad85e10}> (0x00000000dad85e10) 
thrown [s\src\hotspot\share\runtime\objectMonitor.cpp, line 1658]
Event: 73.335 Thread 0x000002146e8e8d20 Exception <a 'java/lang/NoSuchMethodError'{0x00000000dad87270}: 'java.lang.Object java.lang.invoke.DirectMethodHandle$Holder.invokeSpecial(java.lang.Object, java.lang.Object, int, java.lang.Object, long)'> (0x00000000dad87270) 
thrown [s\src\hotspot\share\interpreter\linkResolver.cpp, line 759]
Event: 73.336 Thread 0x000002146e8e8d20 Exception <a 'java/lang/NoSuchMethodError'{0x00000000dad8e708}: 'java.lang.Object java.lang.invoke.DirectMethodHandle$Holder.newInvokeSpecial(java.lang.Object, java.lang.Object, int, java.lang.Object, long)'> (0x00000000dad8e708) 
thrown [s\src\hotspot\share\interpreter\linkResolver.cpp, line 759]
Event: 73.365 Thread 0x000002146eb108d0 Exception <a 'java/lang/NoSuchMethodError'{0x00000000dadded68}: static Lorg/jetbrains/kotlin/daemon/common/CompileService$CallResult;.<clinit>()V> (0x00000000dadded68) 
thrown [s\src\hotspot\share\prims\jni.cpp, line 1112]
Event: 73.367 Thread 0x000002146eb108d0 Exception <a 'java/lang/NoSuchMethodError'{0x00000000dadeb028}: static Lorg/jetbrains/kotlin/daemon/common/CompileService$CallResult$Good;.<clinit>()V> (0x00000000dadeb028) 
thrown [s\src\hotspot\share\prims\jni.cpp, line 1112]
Event: 73.368 Thread 0x000002146eb108d0 Exception <a 'java/lang/NoSuchMethodError'{0x00000000dadf8ab8}: static Lorg/jetbrains/kotlin/daemon/common/DaemonJVMOptions;.<clinit>()V> (0x00000000dadf8ab8) 
thrown [s\src\hotspot\share\prims\jni.cpp, line 1112]
Event: 73.379 Thread 0x000002146eb108d0 Exception <a 'java/lang/NoSuchMethodError'{0x00000000dac14458}: static Lorg/jetbrains/kotlin/daemon/common/CompileService$CallResult$Ok;.<clinit>()V> (0x00000000dac14458) 
thrown [s\src\hotspot\share\prims\jni.cpp, line 1112]
Event: 73.438 Thread 0x000002146eb108d0 Exception <a 'java/lang/NoSuchMethodError'{0x00000000dabbe108}: static [Ljava/lang/Integer;.<clinit>()V> (0x00000000dabbe108) 
thrown [s\src\hotspot\share\prims\jni.cpp, line 1112]

VM Operations (20 events):
Event: 69.356 Executing VM operation: Cleanup
Event: 69.356 Executing VM operation: Cleanup done
Event: 70.357 Executing VM operation: Cleanup
Event: 70.358 Executing VM operation: Cleanup done
Event: 70.677 Executing VM operation: G1CollectForAllocation
Event: 70.686 Executing VM operation: G1CollectForAllocation done
Event: 70.794 Executing VM operation: HandshakeAllThreads
Event: 70.794 Executing VM operation: HandshakeAllThreads done
Event: 71.371 Executing VM operation: HandshakeAllThreads
Event: 71.372 Executing VM operation: HandshakeAllThreads done
Event: 71.373 Executing VM operation: HandshakeAllThreads
Event: 71.373 Executing VM operation: HandshakeAllThreads done
Event: 72.379 Executing VM operation: Cleanup
Event: 72.379 Executing VM operation: Cleanup done
Event: 73.166 Executing VM operation: HandshakeAllThreads
Event: 73.166 Executing VM operation: HandshakeAllThreads done
Event: 74.166 Executing VM operation: Cleanup
Event: 74.166 Executing VM operation: Cleanup done
Event: 76.166 Executing VM operation: Cleanup
Event: 76.166 Executing VM operation: Cleanup done

Memory protections (0 events):
No events

Nmethod flushes (20 events):
Event: 53.075 Thread 0x0000021463f303f0 flushing  nmethod 0x0000021452304010
Event: 53.075 Thread 0x0000021463f303f0 flushing  nmethod 0x0000021452329790
Event: 53.075 Thread 0x0000021463f303f0 flushing  nmethod 0x0000021452338390
Event: 53.076 Thread 0x0000021463f303f0 flushing  nmethod 0x0000021452343f90
Event: 53.076 Thread 0x0000021463f303f0 flushing  nmethod 0x000002145236c490
Event: 53.076 Thread 0x0000021463f303f0 flushing  nmethod 0x000002145236c810
Event: 65.913 Thread 0x0000021463f303f0 flushing  nmethod 0x000002145153f490
Event: 65.913 Thread 0x0000021463f303f0 flushing  nmethod 0x0000021451541810
Event: 65.921 Thread 0x0000021463f303f0 flushing  nmethod 0x0000021451b6ff90
Event: 65.921 Thread 0x0000021463f303f0 flushing  nmethod 0x0000021451bdfb10
Event: 65.930 Thread 0x0000021463f303f0 flushing  nmethod 0x00000214522df810
Event: 65.930 Thread 0x0000021463f303f0 flushing  nmethod 0x00000214522eef90
Event: 65.930 Thread 0x0000021463f303f0 flushing  nmethod 0x00000214522f2690
Event: 65.930 Thread 0x0000021463f303f0 flushing  nmethod 0x00000214522f5110
Event: 65.930 Thread 0x0000021463f303f0 flushing  nmethod 0x0000021452313110
Event: 65.930 Thread 0x0000021463f303f0 flushing  nmethod 0x0000021452315590
Event: 65.930 Thread 0x0000021463f303f0 flushing  nmethod 0x0000021452322110
Event: 65.930 Thread 0x0000021463f303f0 flushing  nmethod 0x0000021452323810
Event: 65.930 Thread 0x0000021463f303f0 flushing  nmethod 0x000002145233e790
Event: 65.931 Thread 0x0000021463f303f0 flushing  nmethod 0x00000214523c2610

Events (20 events):
Event: 59.266 Thread 0x000002146eb0f490 Thread added: 0x000002146e8eb5a0
Event: 59.266 Thread 0x000002146eb0f490 Thread added: 0x000002146e8ebab0
Event: 60.957 Thread 0x000002146c807390 Thread added: 0x000002146e8e9c50
Event: 60.958 Thread 0x000002146c807390 Thread added: 0x000002146e8eab80
Event: 62.144 Thread 0x000002146dc7dae0 Thread exited: 0x000002146dc7dae0
Event: 65.871 Thread 0x0000021463f1c940 Thread added: 0x000002146dc81000
Event: 67.673 Thread 0x000002146dc81000 Thread exited: 0x000002146dc81000
Event: 68.106 Thread 0x0000021463f1be80 Thread added: 0x000002146dc7ead0
Event: 69.853 Thread 0x000002146dc7ead0 Thread exited: 0x000002146dc7ead0
Event: 70.001 Thread 0x0000021463f1c940 Thread added: 0x000002146dc7dae0
Event: 71.141 Thread 0x000002146c807390 Thread added: 0x000002146e8e8300
Event: 71.283 Thread 0x000002146dc7dae0 Thread exited: 0x000002146dc7dae0
Event: 71.385 Thread 0x000002146eb108d0 Thread added: 0x000002146e8ea160
Event: 73.048 Thread 0x000002146e8ea160 Thread exited: 0x000002146e8ea160
Event: 73.278 Thread 0x000002146eb108d0 Thread added: 0x000002146e8eb090
Event: 73.290 Thread 0x000002146eb108d0 Thread added: 0x000002146e8e8d20
Event: 73.298 Thread 0x000002146eb108d0 Thread added: 0x000002146e8e9230
Event: 73.423 Thread 0x000002146eb108d0 Thread added: 0x000002146eb05b00
Event: 73.424 Thread 0x000002146eb108d0 Thread added: 0x000002146eb06010
Event: 73.562 Thread 0x000002146eb05b00 Thread added: 0x000002146eb050e0


Dynamic libraries:
0x00007ff7813f0000 - 0x00007ff7813fe000 	C:\Program Files\Eclipse Adoptium\jdk-17.0.16.8-hotspot\bin\java.exe
0x00007ff894a00000 - 0x00007ff894c67000 	C:\WINDOWS\SYSTEM32\ntdll.dll
0x00007ff893480000 - 0x00007ff893549000 	C:\WINDOWS\System32\KERNEL32.DLL
0x00007ff891460000 - 0x00007ff891857000 	C:\WINDOWS\System32\KERNELBASE.dll
0x00007ff891b20000 - 0x00007ff891c6b000 	C:\WINDOWS\System32\ucrtbase.dll
0x00007ff8723f0000 - 0x00007ff87240e000 	C:\Program Files\Eclipse Adoptium\jdk-17.0.16.8-hotspot\bin\VCRUNTIME140.dll
0x00007ff8805e0000 - 0x00007ff8805f7000 	C:\Program Files\Eclipse Adoptium\jdk-17.0.16.8-hotspot\bin\jli.dll
0x00007ff893120000 - 0x00007ff8932e6000 	C:\WINDOWS\System32\USER32.dll
0x00007ff87b8f0000 - 0x00007ff87bb82000 	C:\WINDOWS\WinSxS\amd64_microsoft.windows.common-controls_6595b64144ccf1df_6.0.26100.8457_none_3e0b2faee331e92d\COMCTL32.dll
0x00007ff891430000 - 0x00007ff891457000 	C:\WINDOWS\System32\win32u.dll
0x00007ff893af0000 - 0x00007ff893b99000 	C:\WINDOWS\System32\msvcrt.dll
0x00007ff892780000 - 0x00007ff8927ab000 	C:\WINDOWS\System32\GDI32.dll
0x00007ff892650000 - 0x00007ff89277c000 	C:\WINDOWS\System32\gdi32full.dll
0x00007ff8924e0000 - 0x00007ff892583000 	C:\WINDOWS\System32\msvcp_win.dll
0x00007ff894980000 - 0x00007ff8949b2000 	C:\WINDOWS\System32\IMM32.DLL
0x00007ff88b360000 - 0x00007ff88b36c000 	C:\Program Files\Eclipse Adoptium\jdk-17.0.16.8-hotspot\bin\vcruntime140_1.dll
0x00007ff869c80000 - 0x00007ff869d0d000 	C:\Program Files\Eclipse Adoptium\jdk-17.0.16.8-hotspot\bin\msvcp140.dll
0x00007ff82f930000 - 0x00007ff83059b000 	C:\Program Files\Eclipse Adoptium\jdk-17.0.16.8-hotspot\bin\server\jvm.dll
0x00007ff892d50000 - 0x00007ff892e06000 	C:\WINDOWS\System32\ADVAPI32.dll
0x00007ff8938d0000 - 0x00007ff893977000 	C:\WINDOWS\System32\sechost.dll
0x00007ff892e10000 - 0x00007ff892f28000 	C:\WINDOWS\System32\RPCRT4.dll
0x00007ff893090000 - 0x00007ff893110000 	C:\WINDOWS\System32\WS2_32.dll
0x00007ff891290000 - 0x00007ff8912ee000 	C:\WINDOWS\SYSTEM32\POWRPROF.dll
0x00007ff86a8b0000 - 0x00007ff86a8e6000 	C:\WINDOWS\SYSTEM32\WINMM.dll
0x00007ff88f5e0000 - 0x00007ff88f5eb000 	C:\WINDOWS\SYSTEM32\VERSION.dll
0x00007ff891270000 - 0x00007ff891284000 	C:\WINDOWS\SYSTEM32\UMPDC.dll
0x00007ff890180000 - 0x00007ff89019b000 	C:\WINDOWS\SYSTEM32\kernel.appcore.dll
0x00007ff88b1b0000 - 0x00007ff88b1ba000 	C:\Program Files\Eclipse Adoptium\jdk-17.0.16.8-hotspot\bin\jimage.dll
0x00007ff88b750000 - 0x00007ff88b992000 	C:\WINDOWS\SYSTEM32\DBGHELP.DLL
0x00007ff8928c0000 - 0x00007ff892c43000 	C:\WINDOWS\System32\combase.dll
0x00007ff8932f0000 - 0x00007ff8933c9000 	C:\WINDOWS\System32\OLEAUT32.dll
0x00007ff86e850000 - 0x00007ff86e88b000 	C:\WINDOWS\SYSTEM32\dbgcore.DLL
0x00007ff891a70000 - 0x00007ff891b18000 	C:\WINDOWS\System32\bcryptPrimitives.dll
0x00007ff880100000 - 0x00007ff88010e000 	C:\Program Files\Eclipse Adoptium\jdk-17.0.16.8-hotspot\bin\instrument.dll
0x00007ff871a40000 - 0x00007ff871a65000 	C:\Program Files\Eclipse Adoptium\jdk-17.0.16.8-hotspot\bin\java.dll
0x00007ff84fe10000 - 0x00007ff84fee7000 	C:\Program Files\Eclipse Adoptium\jdk-17.0.16.8-hotspot\bin\jsvml.dll
0x00007ff894200000 - 0x00007ff89496e000 	C:\WINDOWS\System32\SHELL32.dll
0x00007ff891c70000 - 0x00007ff8924dc000 	C:\WINDOWS\System32\windows.storage.dll
0x00007ff8927b0000 - 0x00007ff8928a6000 	C:\WINDOWS\System32\SHCORE.dll
0x00007ff893bc0000 - 0x00007ff893c26000 	C:\WINDOWS\System32\shlwapi.dll
0x00007ff891350000 - 0x00007ff891379000 	C:\WINDOWS\SYSTEM32\profapi.dll
0x00007ff86b9a0000 - 0x00007ff86b9b8000 	C:\Program Files\Eclipse Adoptium\jdk-17.0.16.8-hotspot\bin\zip.dll
0x00007ff86bcf0000 - 0x00007ff86bd09000 	C:\Program Files\Eclipse Adoptium\jdk-17.0.16.8-hotspot\bin\net.dll
0x00007ff882870000 - 0x00007ff882999000 	C:\WINDOWS\SYSTEM32\WINHTTP.dll
0x00007ff8906d0000 - 0x00007ff89073c000 	C:\WINDOWS\system32\mswsock.dll
0x00007ff86bca0000 - 0x00007ff86bcb6000 	C:\Program Files\Eclipse Adoptium\jdk-17.0.16.8-hotspot\bin\nio.dll
0x00007ff8890f0000 - 0x00007ff889100000 	C:\Program Files\Eclipse Adoptium\jdk-17.0.16.8-hotspot\bin\verify.dll
0x00007ff86b360000 - 0x00007ff86b387000 	C:\Users\HP\.gradle\native\c067742578af261105cb4f569cf0c3c89f3d7b1fecec35dd04571415982c5e48\windows-amd64\native-platform.dll
0x00007ff84be70000 - 0x00007ff84bfb4000 	C:\Users\HP\.gradle\native\100fb08df4bc3b14c8652ba06237920a3bd2aa13389f12d3474272988ae205f9\windows-amd64\native-platform-file-events.dll
0x00007ff8837b0000 - 0x00007ff8837ba000 	C:\Program Files\Eclipse Adoptium\jdk-17.0.16.8-hotspot\bin\management.dll
0x00007ff8806b0000 - 0x00007ff8806bb000 	C:\Program Files\Eclipse Adoptium\jdk-17.0.16.8-hotspot\bin\management_ext.dll
0x00007ff8933d0000 - 0x00007ff8933d8000 	C:\WINDOWS\System32\PSAPI.DLL
0x00007ff890ad0000 - 0x00007ff890aeb000 	C:\WINDOWS\SYSTEM32\CRYPTSP.dll
0x00007ff8900e0000 - 0x00007ff890119000 	C:\WINDOWS\system32\rsaenh.dll
0x00007ff890780000 - 0x00007ff8907b3000 	C:\WINDOWS\SYSTEM32\USERENV.dll
0x00007ff891320000 - 0x00007ff89134a000 	C:\WINDOWS\SYSTEM32\bcrypt.dll
0x00007ff890930000 - 0x00007ff89093c000 	C:\WINDOWS\SYSTEM32\CRYPTBASE.dll
0x00007ff88fc20000 - 0x00007ff88fc52000 	C:\WINDOWS\SYSTEM32\IPHLPAPI.DLL
0x00007ff8928b0000 - 0x00007ff8928ba000 	C:\WINDOWS\System32\NSI.dll
0x00007ff882790000 - 0x00007ff8827ad000 	C:\WINDOWS\SYSTEM32\dhcpcsvc6.DLL
0x00007ff882760000 - 0x00007ff882785000 	C:\WINDOWS\SYSTEM32\dhcpcsvc.DLL
0x00007ff88fd00000 - 0x00007ff88fe32000 	C:\WINDOWS\SYSTEM32\DNSAPI.dll
0x00007ff878e60000 - 0x00007ff878e69000 	C:\Program Files\Eclipse Adoptium\jdk-17.0.16.8-hotspot\bin\extnet.dll
0x00007ff875200000 - 0x00007ff87520e000 	C:\Program Files\Eclipse Adoptium\jdk-17.0.16.8-hotspot\bin\sunmscapi.dll
0x00007ff8918f0000 - 0x00007ff891a68000 	C:\WINDOWS\System32\CRYPT32.dll
0x00007ff890c30000 - 0x00007ff890c60000 	C:\WINDOWS\SYSTEM32\ncrypt.dll
0x00007ff890be0000 - 0x00007ff890c1f000 	C:\WINDOWS\SYSTEM32\NTASN1.dll
0x00007ff8538f0000 - 0x00007ff8538f8000 	C:\WINDOWS\system32\wshunix.dll
0x00007ff868e20000 - 0x00007ff868e38000 	C:\WINDOWS\system32\napinsp.dll
0x00007ff868e00000 - 0x00007ff868e13000 	C:\WINDOWS\System32\winrnr.dll
0x00007ff868dd0000 - 0x00007ff868df2000 	C:\WINDOWS\system32\nlansp_c.dll
0x00007ff868d70000 - 0x00007ff868d86000 	C:\WINDOWS\system32\wshbth.dll
0x00007ff873f00000 - 0x00007ff873f0b000 	C:\Windows\System32\rasadhlp.dll
0x00007ff881280000 - 0x00007ff881306000 	C:\WINDOWS\System32\fwpuclnt.dll
0x00007ff88f5f0000 - 0x00007ff88f5f7000 	C:\Program Files\Eclipse Adoptium\jdk-17.0.16.8-hotspot\bin\rmi.dll

dbghelp: loaded successfully - version: 4.0.5 - missing functions: none
symbol engine: initialized successfully - sym options: 0x614 - pdb path: .;C:\Program Files\Eclipse Adoptium\jdk-17.0.16.8-hotspot\bin;C:\WINDOWS\SYSTEM32;C:\WINDOWS\WinSxS\amd64_microsoft.windows.common-controls_6595b64144ccf1df_6.0.26100.8457_none_3e0b2faee331e92d;C:\Program Files\Eclipse Adoptium\jdk-17.0.16.8-hotspot\bin\server;C:\Users\HP\.gradle\native\c067742578af261105cb4f569cf0c3c89f3d7b1fecec35dd04571415982c5e48\windows-amd64;C:\Users\HP\.gradle\native\100fb08df4bc3b14c8652ba06237920a3bd2aa13389f12d3474272988ae205f9\windows-amd64

VM Arguments:
jvm_args: --add-opens=java.base/java.util=ALL-UNNAMED --add-opens=java.base/java.lang=ALL-UNNAMED --add-opens=java.base/java.lang.invoke=ALL-UNNAMED --add-opens=java.prefs/java.util.prefs=ALL-UNNAMED --add-exports=jdk.compiler/com.sun.tools.javac.api=ALL-UNNAMED --add-exports=jdk.compiler/com.sun.tools.javac.util=ALL-UNNAMED --add-opens=java.base/java.nio.charset=ALL-UNNAMED --add-opens=java.base/java.net=ALL-UNNAMED --add-opens=java.base/java.util.concurrent.atomic=ALL-UNNAMED -Xmx768m -Dfile.encoding=UTF-8 -Duser.country=US -Duser.language=en -Duser.variant -javaagent:C:\Users\HP\.gradle\wrapper\dists\gradle-8.10.2-all\7iv73wktx1xtkvlq19urqw1wm\gradle-8.10.2\lib\agents\gradle-instrumentation-agent-8.10.2.jar 
java_command: org.gradle.launcher.daemon.bootstrap.GradleDaemon 8.10.2
java_class_path (initial): C:\Users\HP\.gradle\wrapper\dists\gradle-8.10.2-all\7iv73wktx1xtkvlq19urqw1wm\gradle-8.10.2\lib\gradle-daemon-main-8.10.2.jar
Launcher Type: SUN_STANDARD

[Global flags]
     intx CICompilerCount                          = 3                                         {product} {ergonomic}
     uint ConcGCThreads                            = 1                                         {product} {ergonomic}
     uint G1ConcRefinementThreads                  = 4                                         {product} {ergonomic}
   size_t G1HeapRegionSize                         = 1048576                                   {product} {ergonomic}
    uintx GCDrainStackTargetSize                   = 64                                        {product} {ergonomic}
   size_t InitialHeapSize                          = 268435456                                 {product} {ergonomic}
   size_t MarkStackSize                            = 4194304                                   {product} {ergonomic}
   size_t MaxHeapSize                              = 805306368                                 {product} {command line}
   size_t MaxNewSize                               = 482344960                                 {product} {ergonomic}
   size_t MinHeapDeltaBytes                        = 1048576                                   {product} {ergonomic}
   size_t MinHeapSize                              = 8388608                                   {product} {ergonomic}
    uintx NonNMethodCodeHeapSize                   = 5832780                                {pd product} {ergonomic}
    uintx NonProfiledCodeHeapSize                  = 122912730                              {pd product} {ergonomic}
    uintx ProfiledCodeHeapSize                     = 122912730                              {pd product} {ergonomic}
    uintx ReservedCodeCacheSize                    = 251658240                              {pd product} {ergonomic}
     bool SegmentedCodeCache                       = true                                      {product} {ergonomic}
   size_t SoftMaxHeapSize                          = 805306368                              {manageable} {ergonomic}
     bool UseCompressedClassPointers               = true                           {product lp64_product} {ergonomic}
     bool UseCompressedOops                        = true                           {product lp64_product} {ergonomic}
     bool UseG1GC                                  = true                                      {product} {ergonomic}
     bool UseLargePagesIndividualAllocation        = false                                  {pd product} {ergonomic}

Logging:
Log output configuration:
 #0: stdout all=warning uptime,level,tags
 #1: stderr all=off uptime,level,tags

Environment Variables:
JAVA_HOME=C:\Program Files\Eclipse Adoptium\jdk-17.0.16.8-hotspot
CLASSPATH=C:\Users\HP\AndroidStudioProjects\MyApplication2\\gradle\wrapper\gradle-wrapper.jar
PATH=C:\Python314\Scripts\;C:\Python314\;C:\WINDOWS\system32;C:\WINDOWS;C:\WINDOWS\System32\Wbem;C:\WINDOWS\System32\WindowsPowerShell\v1.0\;C:\WINDOWS\System32\OpenSSH\;C:\cygwin64\bin;C:\ProgramData\chocolatey\bin;C:\Program Files\Git\cmd;C:\Program Files\PostgreSQL\17\bin;C:\Users\HP\AppData\Local\Android\Sdk\platform-tools;C:\Program Files\Eclipse Adoptium\jdk-17.0.16.8-hotspot\bin;C:\Program Files\nodejs\;C:\Users\HP\.local\bin;C:\Program Files\MySQL\MySQL Shell 8.0\bin\;C:\Users\HP\AppData\Local\Android\Sdk\tools;C:\Ruby34-x64\bin;C:\Users\HP\AppData\Local\Microsoft\WindowsApps;C:\Users\HP\AppData\Local\Programs\Microsoft VS Code\bin;C:\Program Files\JetBrains\IntelliJ IDEA Community Edition 2025.2.2\bin;C:\Users\HP\AppData\Local\Programs\Kiro\bin;C:\Users\HP\AppData\Roaming\npm;C:\Users\HP\AppData\Local\Programs\Antigravity\bin;C:\Users\HP\AppData\Local\Programs\Warp\bin;C:\Users\HP\AppData\Local\Programs\cursor\resources\app\bin
USERNAME=HP
LANG=en_US.UTF-8
OS=Windows_NT
PROCESSOR_IDENTIFIER=Intel64 Family 6 Model 78 Stepping 3, GenuineIntel
TMP=C:\Users\HP\AppData\Local\Temp
TEMP=C:\Users\HP\AppData\Local\Temp



Periodic native trim disabled


---------------  S Y S T E M  ---------------

OS:
 Windows 11 , 64 bit Build 26100 (10.0.26100.8328)
OS uptime: 0 days 2:12 hours
Hyper-V role detected

CPU: total 4 (initial active 4) (2 cores per cpu, 2 threads per core) family 6 model 78 stepping 3 microcode 0xf0, cx8, cmov, fxsr, ht, mmx, 3dnowpref, sse, sse2, sse3, ssse3, sse4.1, sse4.2, popcnt, lzcnt, tsc, tscinvbit, avx, avx2, aes, erms, clmul, bmi1, bmi2, rtm, adx, fma, vzeroupper, clflush, clflushopt, hv
Processor Information for all 4 processors :
  Max Mhz: 2808, Current Mhz: 2607, Mhz Limit: 2583

Memory: 4k page, system-wide physical 16263M (8601M free)
TotalPageFile size 29719M (AvailPageFile size 2M)
current process WorkingSet (physical memory assigned to process): 477M, peak: 487M
current process commit charge ("private bytes"): 514M, peak: 517M

vm_info: OpenJDK 64-Bit Server VM (17.0.16+8) for windows-amd64 JRE (17.0.16+8), built on Jul 16 2025 10:37:56 by "admin" with MS VC++ 17.7 (VS2022)

END.
